{
"src\\common\\commandExecutor.ts":{"path":"src\\common\\commandExecutor.ts","statementMap":{"1":{"start":{"line":4,"column":0},"end":{"line":4,"column":-1}},"2":{"start":{"line":7,"column":0},"end":{"line":7,"column":-1}},"3":{"start":{"line":8,"column":0},"end":{"line":8,"column":-1}},"4":{"start":{"line":10,"column":0},"end":{"line":10,"column":-1}},"5":{"start":{"line":11,"column":0},"end":{"line":11,"column":-1}},"6":{"start":{"line":12,"column":0},"end":{"line":12,"column":-1}},"7":{"start":{"line":14,"column":0},"end":{"line":14,"column":-1}},"8":{"start":{"line":15,"column":4},"end":{"line":15,"column":3}},"9":{"start":{"line":16,"column":4},"end":{"line":16,"column":3}},"10":{"start":{"line":17,"column":4},"end":{"line":17,"column":3}},"11":{"start":{"line":30,"column":0},"end":{"line":30,"column":-1}},"12":{"start":{"line":31,"column":4},"end":{"line":31,"column":3}},"13":{"start":{"line":32,"column":4},"end":{"line":32,"column":3}},"14":{"start":{"line":42,"column":16},"end":{"line":42,"column":15}},"15":{"start":{"line":43,"column":16},"end":{"line":43,"column":15}},"16":{"start":{"line":39,"column":12},"end":{"line":39,"column":11}},"17":{"start":{"line":47,"column":8},"end":{"line":47,"column":7}},"18":{"start":{"line":48,"column":8},"end":{"line":48,"column":7}},"19":{"start":{"line":50,"column":16},"end":{"line":50,"column":15}},"20":{"start":{"line":51,"column":16},"end":{"line":51,"column":15}},"21":{"start":{"line":54,"column":16},"end":{"line":48,"column":15}},"22":{"start":{"line":65,"column":8},"end":{"line":65,"column":7}},"23":{"start":{"line":72,"column":8},"end":{"line":72,"column":7}},"24":{"start":{"line":80,"column":8},"end":{"line":80,"column":7}},"25":{"start":{"line":81,"column":8},"end":{"line":81,"column":7}},"26":{"start":{"line":82,"column":8},"end":{"line":82,"column":7}},"27":{"start":{"line":84,"column":8},"end":{"line":84,"column":7}},"28":{"start":{"line":88,"column":8},"end":{"line":88,"column":7}},"29":{"start":{"line":89,"column":12},"end":{"line":89,"column":11}},"30":{"start":{"line":92,"column":8},"end":{"line":92,"column":7}},"31":{"start":{"line":93,"column":12},"end":{"line":93,"column":11}},"32":{"start":{"line":94,"column":12},"end":{"line":94,"column":11}},"33":{"start":{"line":97,"column":8},"end":{"line":97,"column":7}},"34":{"start":{"line":104,"column":8},"end":{"line":119,"column":9}},"35":{"start":{"line":105,"column":12},"end":{"line":105,"column":11}},"36":{"start":{"line":106,"column":16},"end":{"line":111,"column":17}},"37":{"start":{"line":107,"column":20},"end":{"line":107,"column":19}},"38":{"start":{"line":109,"column":20},"end":{"line":109,"column":19}},"39":{"start":{"line":110,"column":20},"end":{"line":110,"column":19}},"40":{"start":{"line":113,"column":16},"end":{"line":113,"column":15}},"41":{"start":{"line":117,"column":12},"end":{"line":117,"column":11}},"42":{"start":{"line":118,"column":12},"end":{"line":118,"column":11}},"43":{"start":{"line":126,"column":8},"end":{"line":126,"column":7}},"44":{"start":{"line":127,"column":8},"end":{"line":127,"column":7}},"45":{"start":{"line":138,"column":8},"end":{"line":138,"column":7}},"46":{"start":{"line":139,"column":8},"end":{"line":139,"column":7}},"47":{"start":{"line":140,"column":8},"end":{"line":140,"column":7}},"48":{"start":{"line":141,"column":8},"end":{"line":141,"column":7}},"49":{"start":{"line":142,"column":8},"end":{"line":142,"column":7}},"50":{"start":{"line":144,"column":8},"end":{"line":144,"column":7}},"51":{"start":{"line":145,"column":12},"end":{"line":145,"column":11}},"52":{"start":{"line":146,"column":12},"end":{"line":149,"column":13}},"53":{"start":{"line":147,"column":16},"end":{"line":147,"column":15}},"54":{"start":{"line":148,"column":16},"end":{"line":148,"column":15}},"55":{"start":{"line":152,"column":8},"end":{"line":154,"column":9}},"56":{"start":{"line":153,"column":12},"end":{"line":153,"column":11}},"57":{"start":{"line":156,"column":8},"end":{"line":156,"column":7}},"58":{"start":{"line":158,"column":8},"end":{"line":158,"column":7}},"59":{"start":{"line":159,"column":12},"end":{"line":163,"column":13}},"60":{"start":{"line":160,"column":16},"end":{"line":160,"column":15}},"61":{"start":{"line":161,"column":19},"end":{"line":163,"column":13}},"62":{"start":{"line":162,"column":16},"end":{"line":162,"column":15}},"63":{"start":{"line":166,"column":8},"end":{"line":166,"column":7}},"64":{"start":{"line":167,"column":12},"end":{"line":171,"column":13}},"65":{"start":{"line":168,"column":16},"end":{"line":168,"column":15}},"66":{"start":{"line":169,"column":19},"end":{"line":171,"column":13}},"67":{"start":{"line":170,"column":16},"end":{"line":170,"column":15}},"68":{"start":{"line":174,"column":8},"end":{"line":174,"column":7}},"69":{"start":{"line":176,"column":16},"end":{"line":178,"column":17}},"70":{"start":{"line":177,"column":20},"end":{"line":177,"column":19}},"71":{"start":{"line":179,"column":16},"end":{"line":179,"column":15}},"72":{"start":{"line":180,"column":16},"end":{"line":180,"column":15}},"73":{"start":{"line":183,"column":16},"end":{"line":183,"column":15}},"74":{"start":{"line":184,"column":16},"end":{"line":184,"column":15}},"75":{"start":{"line":186,"column":8},"end":{"line":186,"column":7}},"76":{"start":{"line":190,"column":8},"end":{"line":190,"column":7}},"77":{"start":{"line":191,"column":8},"end":{"line":191,"column":7}},"78":{"start":{"line":193,"column":8},"end":{"line":193,"column":7}},"79":{"start":{"line":194,"column":8},"end":{"line":194,"column":7}},"80":{"start":{"line":196,"column":8},"end":{"line":196,"column":7}},"81":{"start":{"line":197,"column":12},"end":{"line":197,"column":11}},"82":{"start":{"line":200,"column":8},"end":{"line":200,"column":7}},"83":{"start":{"line":201,"column":12},"end":{"line":201,"column":11}},"84":{"start":{"line":204,"column":8},"end":{"line":204,"column":7}},"85":{"start":{"line":206,"column":16},"end":{"line":204,"column":25}},"86":{"start":{"line":208,"column":16},"end":{"line":204,"column":25}},"87":{"start":{"line":209,"column":8},"end":{"line":209,"column":7}},"88":{"start":{"line":213,"column":8},"end":{"line":213,"column":7}},"89":{"start":{"line":217,"column":8},"end":{"line":217,"column":7}},"90":{"start":{"line":219,"column":16},"end":{"line":219,"column":15}},"91":{"start":{"line":222,"column":16},"end":{"line":222,"column":15}},"92":{"start":{"line":225,"column":16},"end":{"line":225,"column":15}},"93":{"start":{"line":37,"column":19},"end":{"line":37,"column":18}},"94":{"start":{"line":38,"column":19},"end":{"line":38,"column":18}},"95":{"start":{"line":35,"column":0},"end":{"line":35,"column":-1}}},"fnMap":{"1":{"name":"(anonymous_1)","line":14,"loc":{"start":{"line":14,"column":0},"end":{"line":14,"column":28}}},"2":{"name":"(anonymous_2)","line":30,"loc":{"start":{"line":30,"column":0},"end":{"line":30,"column":25}}},"3":{"name":"(anonymous_3)","line":41,"loc":{"start":{"line":41,"column":4},"end":{"line":43,"column":50}}},"4":{"name":"(anonymous_4)","line":46,"loc":{"start":{"line":46,"column":11},"end":{"line":46,"column":57}}},"5":{"name":"(anonymous_5)","line":64,"loc":{"start":{"line":64,"column":11},"end":{"line":64,"column":71}}},"6":{"name":"(anonymous_6)","line":71,"loc":{"start":{"line":71,"column":11},"end":{"line":71,"column":67}}},"7":{"name":"(anonymous_7)","line":79,"loc":{"start":{"line":79,"column":11},"end":{"line":79,"column":32}}},"8":{"name":"(anonymous_8)","line":103,"loc":{"start":{"line":103,"column":11},"end":{"line":103,"column":59}}},"9":{"name":"(anonymous_9)","line":125,"loc":{"start":{"line":125,"column":11},"end":{"line":125,"column":88}}},"10":{"name":"(anonymous_10)","line":137,"loc":{"start":{"line":137,"column":11},"end":{"line":137,"column":119}}},"11":{"name":"(anonymous_11)","line":189,"loc":{"start":{"line":189,"column":12},"end":{"line":189,"column":84}}},"12":{"name":"(anonymous_12)","line":212,"loc":{"start":{"line":212,"column":12},"end":{"line":212,"column":68}}},"13":{"name":"(anonymous_13)","line":216,"loc":{"start":{"line":216,"column":12},"end":{"line":216,"column":80}}}},"branchMap":{"1":{"line":14,"type":"binary-expr","locations":[{"start":{"line":14,"column":12},"end":{"line":14,"column":11}},{"start":{"line":14,"column":12},"end":{"line":14,"column":11}}]},"2":{"line":30,"type":"binary-expr","locations":[{"start":{"line":30,"column":12},"end":{"line":30,"column":11}},{"start":{"line":30,"column":12},"end":{"line":30,"column":11}}]},"3":{"line":94,"type":"binary-expr","locations":[{"start":{"line":94,"column":29},"end":{"line":94,"column":28}},{"start":{"line":94,"column":38},"end":{"line":94,"column":29}},{"start":{"line":94,"column":50},"end":{"line":94,"column":12}}]},"4":{"line":104,"type":"if","locations":[{"start":{"line":104,"column":8},"end":{"line":104,"column":7}},{"start":{"line":104,"column":8},"end":{"line":104,"column":7}}]},"5":{"line":106,"type":"if","locations":[{"start":{"line":106,"column":16},"end":{"line":106,"column":15}},{"start":{"line":106,"column":16},"end":{"line":106,"column":15}}]},"6":{"line":146,"type":"if","locations":[{"start":{"line":146,"column":12},"end":{"line":146,"column":11}},{"start":{"line":146,"column":12},"end":{"line":146,"column":11}}]},"7":{"line":152,"type":"if","locations":[{"start":{"line":152,"column":8},"end":{"line":152,"column":7}},{"start":{"line":152,"column":8},"end":{"line":152,"column":7}}]},"8":{"line":159,"type":"if","locations":[{"start":{"line":159,"column":12},"end":{"line":159,"column":11}},{"start":{"line":159,"column":12},"end":{"line":159,"column":11}}]},"9":{"line":161,"type":"if","locations":[{"start":{"line":161,"column":19},"end":{"line":161,"column":18}},{"start":{"line":161,"column":19},"end":{"line":161,"column":18}}]},"10":{"line":167,"type":"if","locations":[{"start":{"line":167,"column":12},"end":{"line":167,"column":11}},{"start":{"line":167,"column":12},"end":{"line":167,"column":11}}]},"11":{"line":169,"type":"if","locations":[{"start":{"line":169,"column":19},"end":{"line":169,"column":18}},{"start":{"line":169,"column":19},"end":{"line":169,"column":18}}]},"12":{"line":176,"type":"if","locations":[{"start":{"line":176,"column":16},"end":{"line":176,"column":15}},{"start":{"line":176,"column":16},"end":{"line":176,"column":15}}]},"13":{"line":218,"type":"switch","locations":[{"start":{"line":218,"column":12},"end":{"line":219,"column":16}},{"start":{"line":221,"column":12},"end":{"line":222,"column":16}},{"start":{"line":224,"column":12},"end":{"line":225,"column":16}}]}},"s":{"1":1,"2":1,"3":1,"4":1,"5":1,"6":1,"7":2,"8":1,"9":1,"10":1,"11":2,"12":1,"13":1,"14":0,"15":0,"16":0,"17":0,"18":0,"19":0,"20":0,"21":0,"22":0,"23":0,"24":0,"25":0,"26":0,"27":0,"28":0,"29":0,"30":0,"31":0,"32":0,"33":0,"34":0,"35":0,"36":0,"37":0,"38":0,"39":0,"40":0,"41":0,"42":0,"43":0,"44":0,"45":0,"46":0,"47":0,"48":0,"49":0,"50":0,"51":0,"52":0,"53":0,"54":0,"55":0,"56":0,"57":0,"58":0,"59":0,"60":0,"61":0,"62":0,"63":0,"64":0,"65":0,"66":0,"67":0,"68":0,"69":0,"70":0,"71":0,"72":0,"73":0,"74":0,"75":0,"76":0,"77":0,"78":0,"79":0,"80":0,"81":0,"82":0,"83":0,"84":0,"85":0,"86":0,"87":0,"88":0,"89":0,"90":0,"91":0,"92":0,"93":1,"94":1,"95":1},"b":{"1":[1,1],"2":[1,1],"3":[0,0,0],"4":[0,0],"5":[0,0],"6":[0,0],"7":[0,0],"8":[0,0],"9":[0,0],"10":[0,0],"11":[0,0],"12":[0,0],"13":[0,0,0]},"f":{"1":1,"2":1,"3":0,"4":0,"5":0,"6":0,"7":0,"8":0,"9":0,"10":0,"11":0,"12":0,"13":0},"l":{"4":1,"7":1,"8":1,"10":1,"11":1,"12":1,"14":2,"15":1,"16":1,"17":1,"30":2,"31":1,"32":1,"35":1,"37":1,"38":1,"39":0,"42":0,"43":0,"47":0,"48":0,"50":0,"51":0,"54":0,"65":0,"72":0,"80":0,"81":0,"82":0,"84":0,"88":0,"89":0,"92":0,"93":0,"94":0,"97":0,"104":0,"105":0,"106":0,"107":0,"109":0,"110":0,"113":0,"117":0,"118":0,"126":0,"127":0,"138":0,"139":0,"140":0,"141":0,"142":0,"144":0,"145":0,"146":0,"147":0,"148":0,"152":0,"153":0,"156":0,"158":0,"159":0,"160":0,"161":0,"162":0,"166":0,"167":0,"168":0,"169":0,"170":0,"174":0,"176":0,"177":0,"179":0,"180":0,"183":0,"184":0,"186":0,"190":0,"191":0,"193":0,"194":0,"196":0,"197":0,"200":0,"201":0,"204":0,"206":0,"208":0,"209":0,"213":0,"217":0,"219":0,"222":0,"225":0}},
"src\\common\\configurationReader.ts":{"path":"src\\common\\configurationReader.ts","statementMap":{"1":{"start":{"line":4,"column":0},"end":{"line":4,"column":-1}},"2":{"start":{"line":5,"column":0},"end":{"line":5,"column":-1}},"3":{"start":{"line":9,"column":8},"end":{"line":13,"column":9}},"4":{"start":{"line":10,"column":12},"end":{"line":10,"column":11}},"5":{"start":{"line":12,"column":12},"end":{"line":12,"column":11}},"6":{"start":{"line":17,"column":8},"end":{"line":23,"column":9}},"7":{"start":{"line":18,"column":12},"end":{"line":18,"column":11}},"8":{"start":{"line":19,"column":15},"end":{"line":23,"column":9}},"9":{"start":{"line":20,"column":12},"end":{"line":20,"column":11}},"10":{"start":{"line":22,"column":12},"end":{"line":22,"column":11}},"11":{"start":{"line":27,"column":8},"end":{"line":31,"column":9}},"12":{"start":{"line":28,"column":12},"end":{"line":28,"column":11}},"13":{"start":{"line":30,"column":12},"end":{"line":30,"column":11}},"14":{"start":{"line":35,"column":8},"end":{"line":39,"column":9}},"15":{"start":{"line":36,"column":12},"end":{"line":36,"column":11}},"16":{"start":{"line":38,"column":12},"end":{"line":38,"column":11}},"17":{"start":{"line":44,"column":8},"end":{"line":50,"column":9}},"18":{"start":{"line":45,"column":12},"end":{"line":45,"column":11}},"19":{"start":{"line":46,"column":15},"end":{"line":50,"column":9}},"20":{"start":{"line":47,"column":12},"end":{"line":47,"column":11}},"21":{"start":{"line":49,"column":12},"end":{"line":49,"column":11}},"22":{"start":{"line":57,"column":8},"end":{"line":57,"column":7}},"23":{"start":{"line":61,"column":8},"end":{"line":61,"column":7}},"24":{"start":{"line":62,"column":12},"end":{"line":62,"column":11}},"25":{"start":{"line":67,"column":8},"end":{"line":67,"column":7}},"26":{"start":{"line":71,"column":8},"end":{"line":71,"column":7}},"27":{"start":{"line":75,"column":8},"end":{"line":75,"column":7}},"28":{"start":{"line":79,"column":8},"end":{"line":79,"column":7}},"29":{"start":{"line":83,"column":8},"end":{"line":83,"column":7}},"30":{"start":{"line":87,"column":8},"end":{"line":87,"column":7}},"31":{"start":{"line":7,"column":0},"end":{"line":7,"column":-1}}},"fnMap":{"1":{"name":"(anonymous_1)","line":8,"loc":{"start":{"line":8,"column":11},"end":{"line":8,"column":39}}},"2":{"name":"(anonymous_2)","line":16,"loc":{"start":{"line":16,"column":11},"end":{"line":16,"column":40}}},"3":{"name":"(anonymous_3)","line":26,"loc":{"start":{"line":26,"column":11},"end":{"line":26,"column":38}}},"4":{"name":"(anonymous_4)","line":34,"loc":{"start":{"line":34,"column":11},"end":{"line":34,"column":39}}},"5":{"name":"(anonymous_5)","line":43,"loc":{"start":{"line":43,"column":11},"end":{"line":43,"column":36}}},"6":{"name":"(anonymous_6)","line":56,"loc":{"start":{"line":56,"column":11},"end":{"line":56,"column":73}}},"7":{"name":"(anonymous_7)","line":60,"loc":{"start":{"line":60,"column":11},"end":{"line":60,"column":92}}},"8":{"name":"(anonymous_8)","line":66,"loc":{"start":{"line":66,"column":12},"end":{"line":66,"column":37}}},"9":{"name":"(anonymous_9)","line":70,"loc":{"start":{"line":70,"column":12},"end":{"line":70,"column":38}}},"10":{"name":"(anonymous_10)","line":74,"loc":{"start":{"line":74,"column":12},"end":{"line":74,"column":38}}},"11":{"name":"(anonymous_11)","line":78,"loc":{"start":{"line":78,"column":12},"end":{"line":78,"column":39}}},"12":{"name":"(anonymous_12)","line":82,"loc":{"start":{"line":82,"column":12},"end":{"line":82,"column":35}}},"13":{"name":"(anonymous_13)","line":86,"loc":{"start":{"line":86,"column":12},"end":{"line":86,"column":38}}}},"branchMap":{"1":{"line":9,"type":"if","locations":[{"start":{"line":9,"column":8},"end":{"line":9,"column":7}},{"start":{"line":9,"column":8},"end":{"line":9,"column":7}}]},"2":{"line":17,"type":"if","locations":[{"start":{"line":17,"column":8},"end":{"line":17,"column":7}},{"start":{"line":17,"column":8},"end":{"line":17,"column":7}}]},"3":{"line":19,"type":"if","locations":[{"start":{"line":19,"column":15},"end":{"line":19,"column":14}},{"start":{"line":19,"column":15},"end":{"line":19,"column":14}}]},"4":{"line":19,"type":"binary-expr","locations":[{"start":{"line":19,"column":19},"end":{"line":19,"column":18}},{"start":{"line":19,"column":39},"end":{"line":19,"column":15}}]},"5":{"line":27,"type":"if","locations":[{"start":{"line":27,"column":8},"end":{"line":27,"column":7}},{"start":{"line":27,"column":8},"end":{"line":27,"column":7}}]},"6":{"line":35,"type":"if","locations":[{"start":{"line":35,"column":8},"end":{"line":35,"column":7}},{"start":{"line":35,"column":8},"end":{"line":35,"column":7}}]},"7":{"line":44,"type":"if","locations":[{"start":{"line":44,"column":8},"end":{"line":44,"column":7}},{"start":{"line":44,"column":8},"end":{"line":44,"column":7}}]},"8":{"line":46,"type":"if","locations":[{"start":{"line":46,"column":15},"end":{"line":46,"column":14}},{"start":{"line":46,"column":15},"end":{"line":46,"column":14}}]},"9":{"line":57,"type":"cond-expr","locations":[{"start":{"line":57,"column":23},"end":{"line":57,"column":15}},{"start":{"line":57,"column":45},"end":{"line":57,"column":8}}]},"10":{"line":71,"type":"binary-expr","locations":[{"start":{"line":71,"column":15},"end":{"line":71,"column":14}},{"start":{"line":71,"column":44},"end":{"line":71,"column":8}}]},"11":{"line":83,"type":"binary-expr","locations":[{"start":{"line":83,"column":15},"end":{"line":83,"column":14}},{"start":{"line":83,"column":39},"end":{"line":83,"column":8}}]}},"s":{"1":0,"2":0,"3":0,"4":0,"5":0,"6":0,"7":0,"8":0,"9":0,"10":0,"11":0,"12":0,"13":0,"14":0,"15":0,"16":0,"17":0,"18":0,"19":0,"20":0,"21":0,"22":0,"23":0,"24":0,"25":0,"26":0,"27":0,"28":0,"29":0,"30":0,"31":0},"b":{"1":[0,0],"2":[0,0],"3":[0,0],"4":[0,0],"5":[0,0],"6":[0,0],"7":[0,0],"8":[0,0],"9":[0,0],"10":[0,0],"11":[0,0]},"f":{"1":0,"2":0,"3":0,"4":0,"5":0,"6":0,"7":0,"8":0,"9":0,"10":0,"11":0,"12":0,"13":0},"l":{"4":0,"5":0,"7":0,"9":0,"10":0,"12":0,"17":0,"18":0,"19":0,"20":0,"22":0,"27":0,"28":0,"30":0,"35":0,"36":0,"38":0,"44":0,"45":0,"46":0,"47":0,"49":0,"57":0,"61":0,"62":0,"67":0,"71":0,"75":0,"79":0,"83":0,"87":0}},
"src\\common\\entryPointHandler.ts":{"path":"src\\common\\entryPointHandler.ts","statementMap":{"1":{"start":{"line":4,"column":0},"end":{"line":4,"column":-1}},"2":{"start":{"line":6,"column":0},"end":{"line":6,"column":-1}},"3":{"start":{"line":8,"column":0},"end":{"line":8,"column":-1}},"4":{"start":{"line":9,"column":0},"end":{"line":9,"column":-1}},"5":{"start":{"line":13,"column":0},"end":{"line":13,"column":-1}},"6":{"start":{"line":14,"column":4},"end":{"line":14,"column":3}},"7":{"start":{"line":15,"column":4},"end":{"line":15,"column":3}},"8":{"start":{"line":16,"column":4},"end":{"line":16,"column":3}},"9":{"start":{"line":23,"column":50},"end":{"line":23,"column":49}},"10":{"start":{"line":25,"column":8},"end":{"line":25,"column":7}},"11":{"start":{"line":30,"column":8},"end":{"line":30,"column":7}},"12":{"start":{"line":34,"column":8},"end":{"line":34,"column":7}},"13":{"start":{"line":39,"column":8},"end":{"line":45,"column":9}},"14":{"start":{"line":40,"column":12},"end":{"line":40,"column":11}},"15":{"start":{"line":41,"column":12},"end":{"line":41,"column":11}},"16":{"start":{"line":43,"column":12},"end":{"line":43,"column":11}},"17":{"start":{"line":44,"column":12},"end":{"line":44,"column":11}},"18":{"start":{"line":49,"column":8},"end":{"line":49,"column":7}},"19":{"start":{"line":50,"column":12},"end":{"line":50,"column":11}},"20":{"start":{"line":51,"column":12},"end":{"line":51,"column":11}},"21":{"start":{"line":52,"column":12},"end":{"line":52,"column":11}},"22":{"start":{"line":55,"column":12},"end":{"line":61,"column":13}},"23":{"start":{"line":56,"column":16},"end":{"line":60,"column":17}},"24":{"start":{"line":57,"column":20},"end":{"line":57,"column":19}},"25":{"start":{"line":59,"column":20},"end":{"line":59,"column":19}},"26":{"start":{"line":64,"column":8},"end":{"line":64,"column":7}},"27":{"start":{"line":20,"column":0},"end":{"line":20,"column":-1}}},"fnMap":{"1":{"name":"(anonymous_1)","line":13,"loc":{"start":{"line":13,"column":0},"end":{"line":13,"column":23}}},"2":{"name":"(anonymous_2)","line":23,"loc":{"start":{"line":23,"column":4},"end":{"line":23,"column":87}}},"3":{"name":"(anonymous_3)","line":29,"loc":{"start":{"line":29,"column":11},"end":{"line":29,"column":164}}},"4":{"name":"(anonymous_4)","line":33,"loc":{"start":{"line":33,"column":11},"end":{"line":33,"column":212}}},"5":{"name":"(anonymous_5)","line":38,"loc":{"start":{"line":38,"column":11},"end":{"line":38,"column":156}}},"6":{"name":"(anonymous_6)","line":48,"loc":{"start":{"line":48,"column":12},"end":{"line":48,"column":101}}}},"branchMap":{"1":{"line":13,"type":"binary-expr","locations":[{"start":{"line":13,"column":12},"end":{"line":13,"column":11}},{"start":{"line":13,"column":12},"end":{"line":13,"column":11}}]},"2":{"line":51,"type":"binary-expr","locations":[{"start":{"line":51,"column":35},"end":{"line":51,"column":34}},{"start":{"line":51,"column":54},"end":{"line":51,"column":12}}]},"3":{"line":55,"type":"if","locations":[{"start":{"line":55,"column":12},"end":{"line":55,"column":11}},{"start":{"line":55,"column":12},"end":{"line":55,"column":11}}]},"4":{"line":56,"type":"if","locations":[{"start":{"line":56,"column":16},"end":{"line":56,"column":15}},{"start":{"line":56,"column":16},"end":{"line":56,"column":15}}]}},"s":{"1":0,"2":0,"3":0,"4":0,"5":0,"6":0,"7":0,"8":0,"9":0,"10":0,"11":0,"12":0,"13":0,"14":0,"15":0,"16":0,"17":0,"18":0,"19":0,"20":0,"21":0,"22":0,"23":0,"24":0,"25":0,"26":0,"27":0},"b":{"1":[0,0],"2":[0,0],"3":[0,0],"4":[0,0]},"f":{"1":0,"2":0,"3":0,"4":0,"5":0,"6":0},"l":{"4":0,"6":0,"8":0,"9":0,"13":0,"14":0,"15":0,"16":0,"20":0,"23":0,"25":0,"30":0,"34":0,"39":0,"40":0,"41":0,"43":0,"44":0,"49":0,"50":0,"51":0,"52":0,"55":0,"56":0,"57":0,"59":0,"64":0}},
"src\\common\\executionsLimiter.ts":{"path":"src\\common\\executionsLimiter.ts","statementMap":{"1":{"start":{"line":6,"column":12},"end":{"line":6,"column":11}},"2":{"start":{"line":9,"column":8},"end":{"line":9,"column":7}},"3":{"start":{"line":11,"column":8},"end":{"line":11,"column":7}},"4":{"start":{"line":12,"column":8},"end":{"line":15,"column":9}},"5":{"start":{"line":13,"column":12},"end":{"line":13,"column":11}},"6":{"start":{"line":14,"column":12},"end":{"line":14,"column":11}},"7":{"start":{"line":5,"column":0},"end":{"line":5,"column":-1}},"8":{"start":{"line":25,"column":8},"end":{"line":25,"column":7}},"9":{"start":{"line":29,"column":8},"end":{"line":31,"column":9}},"10":{"start":{"line":30,"column":12},"end":{"line":30,"column":11}},"11":{"start":{"line":35,"column":8},"end":{"line":35,"column":7}},"12":{"start":{"line":20,"column":19},"end":{"line":20,"column":18}},"13":{"start":{"line":19,"column":0},"end":{"line":19,"column":-1}}},"fnMap":{"1":{"name":"(anonymous_1)","line":5,"loc":{"start":{"line":5,"column":0},"end":{"line":null,"column":-1}}},"2":{"name":"(anonymous_2)","line":8,"loc":{"start":{"line":8,"column":11},"end":{"line":8,"column":73}}},"3":{"name":"(anonymous_3)","line":24,"loc":{"start":{"line":24,"column":4},"end":{"line":24,"column":38}}},"4":{"name":"(anonymous_4)","line":28,"loc":{"start":{"line":28,"column":11},"end":{"line":28,"column":37}}},"5":{"name":"(anonymous_5)","line":34,"loc":{"start":{"line":34,"column":12},"end":{"line":34,"column":15}}}},"branchMap":{"1":{"line":11,"type":"binary-expr","locations":[{"start":{"line":11,"column":30},"end":{"line":11,"column":29}},{"start":{"line":11,"column":67},"end":{"line":11,"column":8}}]},"2":{"line":12,"type":"if","locations":[{"start":{"line":12,"column":8},"end":{"line":12,"column":7}},{"start":{"line":12,"column":8},"end":{"line":12,"column":7}}]},"3":{"line":29,"type":"if","locations":[{"start":{"line":29,"column":8},"end":{"line":29,"column":7}},{"start":{"line":29,"column":8},"end":{"line":29,"column":7}}]}},"s":{"1":6,"2":2,"3":2,"4":2,"5":1,"6":1,"7":1,"8":0,"9":0,"10":0,"11":0,"12":1,"13":1},"b":{"1":[2,2],"2":[1,1],"3":[0,0]},"f":{"1":6,"2":2,"3":0,"4":0,"5":0},"l":{"5":1,"6":6,"9":2,"11":2,"12":2,"13":1,"14":1,"19":1,"20":1,"25":0,"29":0,"30":0,"35":0}},
"src\\common\\extensionMessaging.ts":{"path":"src\\common\\extensionMessaging.ts","statementMap":{"1":{"start":{"line":4,"column":0},"end":{"line":4,"column":-1}},"2":{"start":{"line":5,"column":0},"end":{"line":5,"column":-1}},"3":{"start":{"line":12,"column":8},"end":{"line":12,"column":7}},"4":{"start":{"line":13,"column":8},"end":{"line":13,"column":7}},"5":{"start":{"line":14,"column":8},"end":{"line":14,"column":7}},"6":{"start":{"line":15,"column":8},"end":{"line":15,"column":7}},"7":{"start":{"line":16,"column":8},"end":{"line":16,"column":7}},"8":{"start":{"line":7,"column":0},"end":{"line":7,"column":-1}}},"fnMap":{"1":{"name":"(anonymous_1)","line":8,"loc":{"start":{"line":8,"column":11},"end":{"line":8,"column":49}}}},"branchMap":{},"s":{"1":1,"2":1,"3":8,"4":8,"5":8,"6":8,"7":8,"8":1},"b":{},"f":{"1":8},"l":{"4":1,"5":1,"7":1,"12":8,"13":8,"14":8,"15":8,"16":8}},
"src\\common\\hostPlatform.ts":{"path":"src\\common\\hostPlatform.ts","statementMap":{"1":{"start":{"line":4,"column":0},"end":{"line":4,"column":-1}},"2":{"start":{"line":5,"column":0},"end":{"line":5,"column":-1}},"3":{"start":{"line":6,"column":0},"end":{"line":6,"column":-1}},"4":{"start":{"line":26,"column":0},"end":{"line":26,"column":-1}},"5":{"start":{"line":27,"column":4},"end":{"line":27,"column":3}},"6":{"start":{"line":28,"column":4},"end":{"line":28,"column":3}},"7":{"start":{"line":29,"column":4},"end":{"line":29,"column":3}},"8":{"start":{"line":37,"column":8},"end":{"line":37,"column":7}},"9":{"start":{"line":41,"column":8},"end":{"line":41,"column":7}},"10":{"start":{"line":45,"column":8},"end":{"line":45,"column":7}},"11":{"start":{"line":49,"column":8},"end":{"line":49,"column":7}},"12":{"start":{"line":53,"column":8},"end":{"line":53,"column":7}},"13":{"start":{"line":57,"column":8},"end":{"line":57,"column":7}},"14":{"start":{"line":61,"column":8},"end":{"line":61,"column":7}},"15":{"start":{"line":65,"column":8},"end":{"line":65,"column":7}},"16":{"start":{"line":69,"column":16},"end":{"line":69,"column":15}},"17":{"start":{"line":71,"column":16},"end":{"line":71,"column":15}},"18":{"start":{"line":78,"column":8},"end":{"line":78,"column":7}},"19":{"start":{"line":84,"column":8},"end":{"line":84,"column":7}},"20":{"start":{"line":88,"column":8},"end":{"line":88,"column":7}},"21":{"start":{"line":92,"column":8},"end":{"line":92,"column":7}},"22":{"start":{"line":107,"column":8},"end":{"line":107,"column":7}},"23":{"start":{"line":111,"column":8},"end":{"line":111,"column":7}},"24":{"start":{"line":115,"column":8},"end":{"line":115,"column":7}},"25":{"start":{"line":119,"column":8},"end":{"line":119,"column":7}},"26":{"start":{"line":123,"column":16},"end":{"line":123,"column":15}},"27":{"start":{"line":125,"column":16},"end":{"line":125,"column":15}},"28":{"start":{"line":135,"column":8},"end":{"line":135,"column":7}},"29":{"start":{"line":139,"column":8},"end":{"line":139,"column":7}},"30":{"start":{"line":143,"column":8},"end":{"line":143,"column":7}},"31":{"start":{"line":147,"column":8},"end":{"line":147,"column":7}},"32":{"start":{"line":150,"column":16},"end":{"line":150,"column":15}},"33":{"start":{"line":152,"column":16},"end":{"line":152,"column":15}},"34":{"start":{"line":168,"column":8},"end":{"line":183,"column":9}},"35":{"start":{"line":169,"column":12},"end":{"line":169,"column":11}},"36":{"start":{"line":171,"column":20},"end":{"line":171,"column":19}},"37":{"start":{"line":172,"column":20},"end":{"line":172,"column":19}},"38":{"start":{"line":174,"column":20},"end":{"line":174,"column":19}},"39":{"start":{"line":175,"column":20},"end":{"line":175,"column":19}},"40":{"start":{"line":177,"column":20},"end":{"line":177,"column":19}},"41":{"start":{"line":178,"column":20},"end":{"line":178,"column":19}},"42":{"start":{"line":180,"column":20},"end":{"line":180,"column":19}},"43":{"start":{"line":181,"column":20},"end":{"line":181,"column":19}},"44":{"start":{"line":185,"column":8},"end":{"line":185,"column":7}},"45":{"start":{"line":189,"column":8},"end":{"line":189,"column":7}},"46":{"start":{"line":193,"column":8},"end":{"line":193,"column":7}},"47":{"start":{"line":197,"column":8},"end":{"line":197,"column":7}},"48":{"start":{"line":201,"column":8},"end":{"line":201,"column":7}},"49":{"start":{"line":205,"column":8},"end":{"line":205,"column":7}},"50":{"start":{"line":209,"column":8},"end":{"line":209,"column":7}},"51":{"start":{"line":214,"column":8},"end":{"line":214,"column":7}},"52":{"start":{"line":218,"column":8},"end":{"line":218,"column":7}},"53":{"start":{"line":160,"column":0},"end":{"line":160,"column":-1}}},"fnMap":{"1":{"name":"(anonymous_1)","line":26,"loc":{"start":{"line":26,"column":0},"end":{"line":26,"column":26}}},"2":{"name":"(anonymous_2)","line":36,"loc":{"start":{"line":36,"column":11},"end":{"line":36,"column":26}}},"3":{"name":"(anonymous_3)","line":40,"loc":{"start":{"line":40,"column":11},"end":{"line":40,"column":61}}},"4":{"name":"(anonymous_4)","line":44,"loc":{"start":{"line":44,"column":11},"end":{"line":44,"column":26}}},"5":{"name":"(anonymous_5)","line":48,"loc":{"start":{"line":48,"column":11},"end":{"line":48,"column":43}}},"6":{"name":"(anonymous_6)","line":52,"loc":{"start":{"line":52,"column":11},"end":{"line":52,"column":39}}},"7":{"name":"(anonymous_7)","line":56,"loc":{"start":{"line":56,"column":11},"end":{"line":56,"column":24}}},"8":{"name":"(anonymous_8)","line":60,"loc":{"start":{"line":60,"column":11},"end":{"line":60,"column":20}}},"9":{"name":"(anonymous_9)","line":64,"loc":{"start":{"line":64,"column":11},"end":{"line":64,"column":68}}},"10":{"name":"(anonymous_10)","line":77,"loc":{"start":{"line":77,"column":11},"end":{"line":77,"column":26}}},"11":{"name":"(anonymous_11)","line":83,"loc":{"start":{"line":83,"column":11},"end":{"line":83,"column":26}}},"12":{"name":"(anonymous_12)","line":87,"loc":{"start":{"line":87,"column":11},"end":{"line":87,"column":47}}},"13":{"name":"(anonymous_13)","line":91,"loc":{"start":{"line":91,"column":11},"end":{"line":91,"column":39}}},"14":{"name":"(anonymous_14)","line":106,"loc":{"start":{"line":106,"column":11},"end":{"line":106,"column":61}}},"15":{"name":"(anonymous_15)","line":110,"loc":{"start":{"line":110,"column":11},"end":{"line":110,"column":24}}},"16":{"name":"(anonymous_16)","line":114,"loc":{"start":{"line":114,"column":11},"end":{"line":114,"column":20}}},"17":{"name":"(anonymous_17)","line":118,"loc":{"start":{"line":118,"column":11},"end":{"line":118,"column":68}}},"18":{"name":"(anonymous_18)","line":134,"loc":{"start":{"line":134,"column":11},"end":{"line":134,"column":61}}},"19":{"name":"(anonymous_19)","line":138,"loc":{"start":{"line":138,"column":11},"end":{"line":138,"column":24}}},"20":{"name":"(anonymous_20)","line":142,"loc":{"start":{"line":142,"column":11},"end":{"line":142,"column":20}}},"21":{"name":"(anonymous_21)","line":146,"loc":{"start":{"line":146,"column":11},"end":{"line":146,"column":68}}},"22":{"name":"(anonymous_22)","line":167,"loc":{"start":{"line":167,"column":12},"end":{"line":167,"column":31}}},"23":{"name":"(anonymous_23)","line":188,"loc":{"start":{"line":188,"column":11},"end":{"line":188,"column":33}}},"24":{"name":"(anonymous_24)","line":192,"loc":{"start":{"line":192,"column":11},"end":{"line":192,"column":33}}},"25":{"name":"(anonymous_25)","line":196,"loc":{"start":{"line":196,"column":11},"end":{"line":196,"column":54}}},"26":{"name":"(anonymous_26)","line":200,"loc":{"start":{"line":200,"column":11},"end":{"line":200,"column":46}}},"27":{"name":"(anonymous_27)","line":204,"loc":{"start":{"line":204,"column":11},"end":{"line":204,"column":31}}},"28":{"name":"(anonymous_28)","line":208,"loc":{"start":{"line":208,"column":11},"end":{"line":208,"column":68}}},"29":{"name":"(anonymous_29)","line":213,"loc":{"start":{"line":213,"column":11},"end":{"line":213,"column":27}}},"30":{"name":"(anonymous_30)","line":217,"loc":{"start":{"line":217,"column":11},"end":{"line":217,"column":75}}}},"branchMap":{"1":{"line":26,"type":"binary-expr","locations":[{"start":{"line":26,"column":12},"end":{"line":26,"column":11}},{"start":{"line":26,"column":12},"end":{"line":26,"column":11}}]},"2":{"line":37,"type":"binary-expr","locations":[{"start":{"line":37,"column":15},"end":{"line":37,"column":14}},{"start":{"line":37,"column":42},"end":{"line":37,"column":8}}]},"3":{"line":45,"type":"binary-expr","locations":[{"start":{"line":45,"column":25},"end":{"line":45,"column":24}},{"start":{"line":45,"column":48},"end":{"line":45,"column":15}}]},"4":{"line":61,"type":"binary-expr","locations":[{"start":{"line":61,"column":15},"end":{"line":61,"column":14}},{"start":{"line":61,"column":39},"end":{"line":61,"column":8}}]},"5":{"line":66,"type":"switch","locations":[{"start":{"line":66,"column":12},"end":{"line":66,"column":11}},{"start":{"line":67,"column":12},"end":{"line":67,"column":11}},{"start":{"line":68,"column":12},"end":{"line":69,"column":16}},{"start":{"line":70,"column":12},"end":{"line":71,"column":16}}]},"6":{"line":78,"type":"binary-expr","locations":[{"start":{"line":78,"column":15},"end":{"line":78,"column":14}},{"start":{"line":78,"column":35},"end":{"line":78,"column":8}}]},"7":{"line":84,"type":"binary-expr","locations":[{"start":{"line":84,"column":25},"end":{"line":84,"column":24}},{"start":{"line":84,"column":45},"end":{"line":84,"column":15}}]},"8":{"line":115,"type":"binary-expr","locations":[{"start":{"line":115,"column":15},"end":{"line":115,"column":14}},{"start":{"line":115,"column":38},"end":{"line":115,"column":8}}]},"9":{"line":120,"type":"switch","locations":[{"start":{"line":120,"column":12},"end":{"line":120,"column":11}},{"start":{"line":121,"column":12},"end":{"line":121,"column":11}},{"start":{"line":122,"column":12},"end":{"line":123,"column":16}},{"start":{"line":124,"column":12},"end":{"line":125,"column":16}}]},"10":{"line":143,"type":"binary-expr","locations":[{"start":{"line":143,"column":15},"end":{"line":143,"column":14}},{"start":{"line":143,"column":35},"end":{"line":143,"column":8}}]},"11":{"line":148,"type":"switch","locations":[{"start":{"line":148,"column":12},"end":{"line":148,"column":11}},{"start":{"line":149,"column":12},"end":{"line":150,"column":16}},{"start":{"line":151,"column":12},"end":{"line":152,"column":16}}]},"12":{"line":168,"type":"if","locations":[{"start":{"line":168,"column":8},"end":{"line":168,"column":7}},{"start":{"line":168,"column":8},"end":{"line":168,"column":7}}]},"13":{"line":170,"type":"switch","locations":[{"start":{"line":170,"column":16},"end":{"line":172,"column":20}},{"start":{"line":173,"column":16},"end":{"line":175,"column":20}},{"start":{"line":176,"column":16},"end":{"line":178,"column":20}},{"start":{"line":179,"column":16},"end":{"line":181,"column":20}}]}},"s":{"1":1,"2":1,"3":1,"4":2,"5":1,"6":1,"7":1,"8":0,"9":0,"10":0,"11":0,"12":8,"13":0,"14":8,"15":0,"16":0,"17":0,"18":0,"19":0,"20":0,"21":0,"22":0,"23":0,"24":0,"25":0,"26":0,"27":0,"28":0,"29":0,"30":0,"31":0,"32":0,"33":0,"34":16,"35":1,"36":1,"37":1,"38":0,"39":0,"40":0,"41":0,"42":0,"43":0,"44":16,"45":0,"46":0,"47":0,"48":8,"49":0,"50":0,"51":8,"52":0,"53":1},"b":{"1":[1,1],"2":[0,0],"3":[0,0],"4":[8,0],"5":[0,0,0,0],"6":[0,0],"7":[0,0],"8":[0,0],"9":[0,0,0,0],"10":[0,0],"11":[0,0,0],"12":[1,15],"13":[1,0,0,0]},"f":{"1":1,"2":0,"3":0,"4":0,"5":0,"6":8,"7":0,"8":8,"9":0,"10":0,"11":0,"12":0,"13":0,"14":0,"15":0,"16":0,"17":0,"18":0,"19":0,"20":0,"21":0,"22":16,"23":0,"24":0,"25":0,"26":8,"27":0,"28":0,"29":8,"30":0},"l":{"4":1,"5":1,"6":1,"26":2,"27":1,"28":1,"29":1,"37":0,"41":0,"45":0,"49":0,"53":8,"57":0,"61":8,"65":0,"69":0,"71":0,"78":0,"84":0,"88":0,"92":0,"107":0,"111":0,"115":0,"119":0,"123":0,"125":0,"135":0,"139":0,"143":0,"147":0,"150":0,"152":0,"160":1,"168":16,"169":1,"171":1,"172":1,"174":0,"175":0,"177":0,"178":0,"180":0,"181":0,"185":16,"189":0,"193":0,"197":0,"201":8,"205":0,"209":0,"214":8,"218":0}},
"src\\common\\nestedError.ts":{"path":"src\\common\\nestedError.ts","statementMap":{"1":{"start":{"line":9,"column":8},"end":{"line":9,"column":7}},"2":{"start":{"line":10,"column":8},"end":{"line":10,"column":7}},"3":{"start":{"line":11,"column":8},"end":{"line":11,"column":7}},"4":{"start":{"line":12,"column":8},"end":{"line":12,"column":7}},"5":{"start":{"line":13,"column":8},"end":{"line":13,"column":7}},"6":{"start":{"line":14,"column":8},"end":{"line":14,"column":7}},"7":{"start":{"line":18,"column":8},"end":{"line":18,"column":7}},"8":{"start":{"line":4,"column":0},"end":{"line":4,"column":-1}}},"fnMap":{"1":{"name":"(anonymous_1)","line":8,"loc":{"start":{"line":8,"column":4},"end":{"line":8,"column":62}}},"2":{"name":"(anonymous_2)","line":17,"loc":{"start":{"line":17,"column":4},"end":{"line":17,"column":21}}}},"branchMap":{"1":{"line":13,"type":"cond-expr","locations":[{"start":{"line":13,"column":38},"end":{"line":13,"column":23}},{"start":{"line":13,"column":70},"end":{"line":13,"column":8}}]}},"s":{"1":0,"2":0,"3":0,"4":0,"5":0,"6":0,"7":0,"8":0},"b":{"1":[0,0]},"f":{"1":0,"2":0},"l":{"4":0,"9":0,"10":0,"11":0,"12":0,"13":0,"14":0,"18":0}},
"src\\common\\outputVerifier.ts":{"path":"src\\common\\outputVerifier.ts","statementMap":{"1":{"start":{"line":4,"column":0},"end":{"line":4,"column":-1}},"2":{"start":{"line":19,"column":12},"end":{"line":19,"column":11}},"3":{"start":{"line":20,"column":12},"end":{"line":20,"column":11}},"4":{"start":{"line":23,"column":8},"end":{"line":23,"column":7}},"5":{"start":{"line":24,"column":8},"end":{"line":24,"column":7}},"6":{"start":{"line":25,"column":8},"end":{"line":25,"column":7}},"7":{"start":{"line":30,"column":8},"end":{"line":30,"column":7}},"8":{"start":{"line":31,"column":12},"end":{"line":30,"column":8}},"9":{"start":{"line":32,"column":8},"end":{"line":32,"column":7}},"10":{"start":{"line":33,"column":12},"end":{"line":32,"column":8}},"11":{"start":{"line":35,"column":8},"end":{"line":35,"column":7}},"12":{"start":{"line":38,"column":16},"end":{"line":38,"column":15}},"13":{"start":{"line":39,"column":16},"end":{"line":43,"column":17}},"14":{"start":{"line":40,"column":20},"end":{"line":39,"column":36}},"15":{"start":{"line":42,"column":20},"end":{"line":41,"column":23}},"16":{"start":{"line":45,"column":16},"end":{"line":44,"column":35}},"17":{"start":{"line":46,"column":20},"end":{"line":46,"column":19}},"18":{"start":{"line":51,"column":20},"end":{"line":51,"column":19}},"19":{"start":{"line":53,"column":16},"end":{"line":53,"column":15}},"20":{"start":{"line":58,"column":8},"end":{"line":58,"column":7}},"21":{"start":{"line":59,"column":12},"end":{"line":59,"column":11}},"22":{"start":{"line":65,"column":8},"end":{"line":65,"column":7}},"23":{"start":{"line":66,"column":8},"end":{"line":66,"column":7}},"24":{"start":{"line":67,"column":12},"end":{"line":67,"column":11}},"25":{"start":{"line":72,"column":8},"end":{"line":72,"column":7}},"26":{"start":{"line":77,"column":8},"end":{"line":77,"column":7}},"27":{"start":{"line":78,"column":12},"end":{"line":78,"column":11}},"28":{"start":{"line":79,"column":12},"end":{"line":79,"column":11}},"29":{"start":{"line":14,"column":0},"end":{"line":14,"column":-1}}},"fnMap":{"1":{"name":"(anonymous_1)","line":22,"loc":{"start":{"line":22,"column":4},"end":{"line":22,"column":154}}},"2":{"name":"(anonymous_2)","line":28,"loc":{"start":{"line":28,"column":11},"end":{"line":28,"column":44}}},"3":{"name":"(anonymous_3)","line":57,"loc":{"start":{"line":57,"column":12},"end":{"line":57,"column":86}}},"4":{"name":"(anonymous_4)","line":64,"loc":{"start":{"line":64,"column":12},"end":{"line":64,"column":62}}},"5":{"name":"(anonymous_5)","line":76,"loc":{"start":{"line":76,"column":12},"end":{"line":76,"column":66}}}},"branchMap":{"1":{"line":39,"type":"if","locations":[{"start":{"line":39,"column":16},"end":{"line":39,"column":15}},{"start":{"line":39,"column":16},"end":{"line":39,"column":15}}]},"2":{"line":45,"type":"if","locations":[{"start":{"line":45,"column":16},"end":{"line":45,"column":15}},{"start":{"line":45,"column":16},"end":{"line":45,"column":15}}]},"3":{"line":68,"type":"cond-expr","locations":[{"start":{"line":68,"column":17},"end":{"line":67,"column":19}},{"start":{"line":69,"column":16},"end":{"line":67,"column":12}}]},"4":{"line":72,"type":"cond-expr","locations":[{"start":{"line":72,"column":37},"end":{"line":72,"column":15}},{"start":{"line":72,"column":67},"end":{"line":72,"column":8}}]}},"s":{"1":0,"2":0,"3":0,"4":0,"5":0,"6":0,"7":0,"8":0,"9":0,"10":0,"11":0,"12":0,"13":0,"14":0,"15":0,"16":0,"17":0,"18":0,"19":0,"20":0,"21":0,"22":0,"23":0,"24":0,"25":0,"26":0,"27":0,"28":0,"29":0},"b":{"1":[0,0],"2":[0,0],"3":[0,0],"4":[0,0]},"f":{"1":0,"2":0,"3":0,"4":0,"5":0},"l":{"4":0,"14":0,"19":0,"20":0,"23":0,"24":0,"25":0,"30":0,"31":0,"32":0,"33":0,"35":0,"38":0,"39":0,"40":0,"42":0,"45":0,"46":0,"51":0,"53":0,"58":0,"59":0,"65":0,"66":0,"67":0,"72":0,"77":0,"78":0,"79":0}},
"src\\common\\packager.ts":{"path":"src\\common\\packager.ts","statementMap":{"1":{"start":{"line":5,"column":0},"end":{"line":5,"column":-1}},"2":{"start":{"line":6,"column":0},"end":{"line":6,"column":-1}},"3":{"start":{"line":7,"column":0},"end":{"line":7,"column":-1}},"4":{"start":{"line":8,"column":0},"end":{"line":8,"column":-1}},"5":{"start":{"line":9,"column":0},"end":{"line":9,"column":-1}},"6":{"start":{"line":10,"column":0},"end":{"line":10,"column":-1}},"7":{"start":{"line":11,"column":0},"end":{"line":11,"column":-1}},"8":{"start":{"line":12,"column":0},"end":{"line":12,"column":-1}},"9":{"start":{"line":13,"column":0},"end":{"line":13,"column":-1}},"10":{"start":{"line":14,"column":0},"end":{"line":14,"column":-1}},"11":{"start":{"line":15,"column":0},"end":{"line":15,"column":-1}},"12":{"start":{"line":16,"column":0},"end":{"line":16,"column":-1}},"13":{"start":{"line":18,"column":0},"end":{"line":18,"column":-1}},"14":{"start":{"line":19,"column":0},"end":{"line":19,"column":-1}},"15":{"start":{"line":20,"column":0},"end":{"line":20,"column":-1}},"16":{"start":{"line":21,"column":0},"end":{"line":21,"column":-1}},"17":{"start":{"line":40,"column":24},"end":{"line":40,"column":23}},"18":{"start":{"line":40,"column":55},"end":{"line":40,"column":54}},"19":{"start":{"line":40,"column":84},"end":{"line":40,"column":83}},"20":{"start":{"line":29,"column":12},"end":{"line":29,"column":11}},"21":{"start":{"line":41,"column":8},"end":{"line":41,"column":7}},"22":{"start":{"line":42,"column":8},"end":{"line":42,"column":7}},"23":{"start":{"line":43,"column":8},"end":{"line":43,"column":7}},"24":{"start":{"line":47,"column":8},"end":{"line":47,"column":7}},"25":{"start":{"line":51,"column":8},"end":{"line":51,"column":7}},"26":{"start":{"line":55,"column":8},"end":{"line":55,"column":7}},"27":{"start":{"line":58,"column":8},"end":{"line":58,"column":7}},"28":{"start":{"line":62,"column":8},"end":{"line":62,"column":7}},"29":{"start":{"line":66,"column":8},"end":{"line":66,"column":7}},"30":{"start":{"line":68,"column":8},"end":{"line":70,"column":9}},"31":{"start":{"line":69,"column":12},"end":{"line":69,"column":11}},"32":{"start":{"line":72,"column":8},"end":{"line":72,"column":7}},"33":{"start":{"line":74,"column":12},"end":{"line":76,"column":13}},"34":{"start":{"line":75,"column":16},"end":{"line":75,"column":15}},"35":{"start":{"line":79,"column":12},"end":{"line":81,"column":13}},"36":{"start":{"line":80,"column":16},"end":{"line":80,"column":15}},"37":{"start":{"line":83,"column":12},"end":{"line":83,"column":11}},"38":{"start":{"line":85,"column":16},"end":{"line":85,"column":15}},"39":{"start":{"line":86,"column":20},"end":{"line":86,"column":19}},"40":{"start":{"line":89,"column":16},"end":{"line":89,"column":15}},"41":{"start":{"line":92,"column":16},"end":{"line":92,"column":15}},"42":{"start":{"line":94,"column":16},"end":{"line":94,"column":15}},"43":{"start":{"line":100,"column":8},"end":{"line":100,"column":7}},"44":{"start":{"line":101,"column":8},"end":{"line":101,"column":7}},"45":{"start":{"line":102,"column":8},"end":{"line":102,"column":7}},"46":{"start":{"line":104,"column":8},"end":{"line":104,"column":7}},"47":{"start":{"line":106,"column":12},"end":{"line":108,"column":13}},"48":{"start":{"line":107,"column":16},"end":{"line":107,"column":15}},"49":{"start":{"line":110,"column":12},"end":{"line":110,"column":11}},"50":{"start":{"line":112,"column":12},"end":{"line":112,"column":11}},"51":{"start":{"line":114,"column":16},"end":{"line":114,"column":15}},"52":{"start":{"line":117,"column":16},"end":{"line":117,"column":15}},"53":{"start":{"line":118,"column":16},"end":{"line":118,"column":15}},"54":{"start":{"line":124,"column":16},"end":{"line":124,"column":15}},"55":{"start":{"line":126,"column":16},"end":{"line":126,"column":15}},"56":{"start":{"line":131,"column":16},"end":{"line":131,"column":15}},"57":{"start":{"line":135,"column":16},"end":{"line":135,"column":15}},"58":{"start":{"line":137,"column":16},"end":{"line":137,"column":15}},"59":{"start":{"line":138,"column":16},"end":{"line":138,"column":15}},"60":{"start":{"line":139,"column":16},"end":{"line":120,"column":23}},"61":{"start":{"line":141,"column":16},"end":{"line":141,"column":15}},"62":{"start":{"line":145,"column":12},"end":{"line":145,"column":11}},"63":{"start":{"line":148,"column":12},"end":{"line":148,"column":11}},"64":{"start":{"line":149,"column":12},"end":{"line":157,"column":13}},"65":{"start":{"line":150,"column":16},"end":{"line":150,"column":15}},"66":{"start":{"line":151,"column":16},"end":{"line":151,"column":15}},"67":{"start":{"line":153,"column":16},"end":{"line":153,"column":15}},"68":{"start":{"line":154,"column":16},"end":{"line":156,"column":17}},"69":{"start":{"line":155,"column":20},"end":{"line":155,"column":19}},"70":{"start":{"line":162,"column":8},"end":{"line":162,"column":7}},"71":{"start":{"line":163,"column":8},"end":{"line":163,"column":7}},"72":{"start":{"line":165,"column":16},"end":{"line":178,"column":17}},"73":{"start":{"line":166,"column":20},"end":{"line":171,"column":21}},"74":{"start":{"line":167,"column":24},"end":{"line":169,"column":25}},"75":{"start":{"line":168,"column":28},"end":{"line":168,"column":27}},"76":{"start":{"line":170,"column":24},"end":{"line":170,"column":23}},"77":{"start":{"line":172,"column":20},"end":{"line":172,"column":19}},"78":{"start":{"line":174,"column":20},"end":{"line":176,"column":21}},"79":{"start":{"line":175,"column":24},"end":{"line":175,"column":23}},"80":{"start":{"line":177,"column":20},"end":{"line":177,"column":19}},"81":{"start":{"line":180,"column":16},"end":{"line":180,"column":15}},"82":{"start":{"line":181,"column":16},"end":{"line":181,"column":15}},"83":{"start":{"line":186,"column":8},"end":{"line":188,"column":9}},"84":{"start":{"line":187,"column":12},"end":{"line":187,"column":11}},"85":{"start":{"line":190,"column":8},"end":{"line":190,"column":7}},"86":{"start":{"line":192,"column":16},"end":{"line":202,"column":17}},"87":{"start":{"line":193,"column":20},"end":{"line":196,"column":21}},"88":{"start":{"line":194,"column":24},"end":{"line":194,"column":23}},"89":{"start":{"line":195,"column":24},"end":{"line":195,"column":23}},"90":{"start":{"line":198,"column":20},"end":{"line":198,"column":19}},"91":{"start":{"line":198,"column":65},"end":{"line":198,"column":27}},"92":{"start":{"line":200,"column":20},"end":{"line":200,"column":19}},"93":{"start":{"line":201,"column":20},"end":{"line":201,"column":19}},"94":{"start":{"line":205,"column":16},"end":{"line":209,"column":17}},"95":{"start":{"line":206,"column":20},"end":{"line":206,"column":19}},"96":{"start":{"line":208,"column":20},"end":{"line":208,"column":19}},"97":{"start":{"line":214,"column":8},"end":{"line":216,"column":9}},"98":{"start":{"line":215,"column":12},"end":{"line":215,"column":11}},"99":{"start":{"line":218,"column":8},"end":{"line":218,"column":7}},"100":{"start":{"line":220,"column":16},"end":{"line":222,"column":17}},"101":{"start":{"line":221,"column":20},"end":{"line":221,"column":19}},"102":{"start":{"line":223,"column":16},"end":{"line":223,"column":15}},"103":{"start":{"line":224,"column":16},"end":{"line":219,"column":25}},"104":{"start":{"line":226,"column":16},"end":{"line":226,"column":15}},"105":{"start":{"line":228,"column":20},"end":{"line":228,"column":19}},"106":{"start":{"line":229,"column":20},"end":{"line":236,"column":21}},"107":{"start":{"line":230,"column":24},"end":{"line":230,"column":23}},"108":{"start":{"line":231,"column":27},"end":{"line":236,"column":21}},"109":{"start":{"line":232,"column":24},"end":{"line":232,"column":23}},"110":{"start":{"line":234,"column":24},"end":{"line":234,"column":23}},"111":{"start":{"line":235,"column":24},"end":{"line":235,"column":23}},"112":{"start":{"line":238,"column":20},"end":{"line":238,"column":19}},"113":{"start":{"line":239,"column":20},"end":{"line":239,"column":19}},"114":{"start":{"line":240,"column":20},"end":{"line":240,"column":19}},"115":{"start":{"line":242,"column":28},"end":{"line":242,"column":27}},"116":{"start":{"line":253,"column":8},"end":{"line":253,"column":7}},"117":{"start":{"line":254,"column":8},"end":{"line":254,"column":7}},"118":{"start":{"line":256,"column":16},"end":{"line":256,"column":15}},"119":{"start":{"line":259,"column":16},"end":{"line":259,"column":15}},"120":{"start":{"line":264,"column":8},"end":{"line":264,"column":7}},"121":{"start":{"line":265,"column":8},"end":{"line":265,"column":7}},"122":{"start":{"line":265,"column":35},"end":{"line":265,"column":15}},"123":{"start":{"line":265,"column":66},"end":{"line":265,"column":15}},"124":{"start":{"line":269,"column":8},"end":{"line":288,"column":9}},"125":{"start":{"line":270,"column":12},"end":{"line":270,"column":11}},"126":{"start":{"line":273,"column":12},"end":{"line":273,"column":11}},"127":{"start":{"line":276,"column":12},"end":{"line":276,"column":11}},"128":{"start":{"line":280,"column":12},"end":{"line":280,"column":11}},"129":{"start":{"line":281,"column":12},"end":{"line":281,"column":11}},"130":{"start":{"line":282,"column":16},"end":{"line":281,"column":25}},"131":{"start":{"line":283,"column":20},"end":{"line":282,"column":16}},"132":{"start":{"line":287,"column":12},"end":{"line":287,"column":11}},"133":{"start":{"line":292,"column":8},"end":{"line":292,"column":7}},"134":{"start":{"line":293,"column":8},"end":{"line":293,"column":7}},"135":{"start":{"line":296,"column":8},"end":{"line":296,"column":7}},"136":{"start":{"line":298,"column":16},"end":{"line":298,"column":15}},"137":{"start":{"line":300,"column":16},"end":{"line":300,"column":15}},"138":{"start":{"line":301,"column":16},"end":{"line":301,"column":15}},"139":{"start":{"line":303,"column":16},"end":{"line":310,"column":17}},"140":{"start":{"line":305,"column":20},"end":{"line":305,"column":19}},"141":{"start":{"line":308,"column":28},"end":{"line":308,"column":27}},"142":{"start":{"line":311,"column":16},"end":{"line":311,"column":15}},"143":{"start":{"line":316,"column":8},"end":{"line":316,"column":7}},"144":{"start":{"line":317,"column":8},"end":{"line":317,"column":7}},"145":{"start":{"line":318,"column":12},"end":{"line":318,"column":11}},"146":{"start":{"line":320,"column":12},"end":{"line":320,"column":11}},"147":{"start":{"line":322,"column":12},"end":{"line":322,"column":11}},"148":{"start":{"line":324,"column":16},"end":{"line":338,"column":17}},"149":{"start":{"line":325,"column":20},"end":{"line":325,"column":19}},"150":{"start":{"line":326,"column":20},"end":{"line":326,"column":19}},"151":{"start":{"line":328,"column":28},"end":{"line":328,"column":27}},"152":{"start":{"line":331,"column":28},"end":{"line":333,"column":29}},"153":{"start":{"line":332,"column":32},"end":{"line":332,"column":31}},"154":{"start":{"line":334,"column":28},"end":{"line":334,"column":27}},"155":{"start":{"line":337,"column":20},"end":{"line":337,"column":19}},"156":{"start":{"line":344,"column":8},"end":{"line":344,"column":7}},"157":{"start":{"line":348,"column":8},"end":{"line":350,"column":9}},"158":{"start":{"line":349,"column":12},"end":{"line":349,"column":11}},"159":{"start":{"line":352,"column":8},"end":{"line":352,"column":7}},"160":{"start":{"line":25,"column":18},"end":{"line":25,"column":17}},"161":{"start":{"line":31,"column":19},"end":{"line":31,"column":18}},"162":{"start":{"line":32,"column":19},"end":{"line":32,"column":18}},"163":{"start":{"line":33,"column":19},"end":{"line":33,"column":18}},"164":{"start":{"line":34,"column":19},"end":{"line":34,"column":18}},"165":{"start":{"line":35,"column":19},"end":{"line":35,"column":18}},"166":{"start":{"line":36,"column":19},"end":{"line":36,"column":18}},"167":{"start":{"line":37,"column":19},"end":{"line":37,"column":18}},"168":{"start":{"line":24,"column":0},"end":{"line":24,"column":-1}}},"fnMap":{"1":{"name":"(anonymous_1)","line":40,"loc":{"start":{"line":40,"column":4},"end":{"line":40,"column":156}}},"2":{"name":"(anonymous_2)","line":46,"loc":{"start":{"line":46,"column":4},"end":{"line":46,"column":19}}},"3":{"name":"(anonymous_3)","line":50,"loc":{"start":{"line":50,"column":11},"end":{"line":50,"column":45}}},"4":{"name":"(anonymous_4)","line":54,"loc":{"start":{"line":54,"column":4},"end":{"line":54,"column":30}}},"5":{"name":"(anonymous_5)","line":57,"loc":{"start":{"line":57,"column":11},"end":{"line":57,"column":18}}},"6":{"name":"(anonymous_6)","line":61,"loc":{"start":{"line":61,"column":11},"end":{"line":61,"column":28}}},"7":{"name":"(anonymous_7)","line":65,"loc":{"start":{"line":65,"column":11},"end":{"line":65,"column":73}}},"8":{"name":"(anonymous_8)","line":99,"loc":{"start":{"line":99,"column":11},"end":{"line":99,"column":44}}},"9":{"name":"(anonymous_9)","line":161,"loc":{"start":{"line":161,"column":11},"end":{"line":161,"column":39}}},"10":{"name":"(anonymous_10)","line":185,"loc":{"start":{"line":185,"column":11},"end":{"line":185,"column":31}}},"11":{"name":"(anonymous_11)","line":213,"loc":{"start":{"line":213,"column":11},"end":{"line":213,"column":46}}},"12":{"name":"(anonymous_12)","line":252,"loc":{"start":{"line":252,"column":11},"end":{"line":252,"column":20}}},"13":{"name":"(anonymous_13)","line":263,"loc":{"start":{"line":263,"column":12},"end":{"line":263,"column":52}}},"14":{"name":"(anonymous_14)","line":268,"loc":{"start":{"line":268,"column":12},"end":{"line":268,"column":26}}},"15":{"name":"(anonymous_15)","line":291,"loc":{"start":{"line":291,"column":12},"end":{"line":291,"column":39}}},"16":{"name":"(anonymous_16)","line":315,"loc":{"start":{"line":315,"column":12},"end":{"line":315,"column":31}}},"17":{"name":"(anonymous_17)","line":343,"loc":{"start":{"line":343,"column":12},"end":{"line":343,"column":37}}}},"branchMap":{"1":{"line":42,"type":"binary-expr","locations":[{"start":{"line":42,"column":39},"end":{"line":42,"column":38}},{"start":{"line":42,"column":66},"end":{"line":42,"column":8}}]},"2":{"line":47,"type":"binary-expr","locations":[{"start":{"line":47,"column":15},"end":{"line":47,"column":14}},{"start":{"line":47,"column":36},"end":{"line":47,"column":8}}]},"3":{"line":68,"type":"if","locations":[{"start":{"line":68,"column":8},"end":{"line":68,"column":7}},{"start":{"line":68,"column":8},"end":{"line":68,"column":7}}]},"4":{"line":74,"type":"if","locations":[{"start":{"line":74,"column":12},"end":{"line":74,"column":11}},{"start":{"line":74,"column":12},"end":{"line":74,"column":11}}]},"5":{"line":79,"type":"if","locations":[{"start":{"line":79,"column":12},"end":{"line":79,"column":11}},{"start":{"line":79,"column":12},"end":{"line":79,"column":11}}]},"6":{"line":106,"type":"if","locations":[{"start":{"line":106,"column":12},"end":{"line":106,"column":11}},{"start":{"line":106,"column":12},"end":{"line":106,"column":11}}]},"7":{"line":128,"type":"cond-expr","locations":[{"start":{"line":128,"column":76},"end":{"line":128,"column":34}},{"start":{"line":128,"column":85},"end":{"line":128,"column":84}}]},"8":{"line":149,"type":"if","locations":[{"start":{"line":149,"column":12},"end":{"line":149,"column":11}},{"start":{"line":149,"column":12},"end":{"line":149,"column":11}}]},"9":{"line":154,"type":"if","locations":[{"start":{"line":154,"column":16},"end":{"line":154,"column":15}},{"start":{"line":154,"column":16},"end":{"line":154,"column":15}}]},"10":{"line":165,"type":"if","locations":[{"start":{"line":165,"column":16},"end":{"line":165,"column":15}},{"start":{"line":165,"column":16},"end":{"line":165,"column":15}}]},"11":{"line":166,"type":"if","locations":[{"start":{"line":166,"column":20},"end":{"line":166,"column":19}},{"start":{"line":166,"column":20},"end":{"line":166,"column":19}}]},"12":{"line":167,"type":"if","locations":[{"start":{"line":167,"column":24},"end":{"line":167,"column":23}},{"start":{"line":167,"column":24},"end":{"line":167,"column":23}}]},"13":{"line":174,"type":"if","locations":[{"start":{"line":174,"column":20},"end":{"line":174,"column":19}},{"start":{"line":174,"column":20},"end":{"line":174,"column":19}}]},"14":{"line":186,"type":"if","locations":[{"start":{"line":186,"column":8},"end":{"line":186,"column":7}},{"start":{"line":186,"column":8},"end":{"line":186,"column":7}}]},"15":{"line":186,"type":"binary-expr","locations":[{"start":{"line":186,"column":12},"end":{"line":186,"column":11}},{"start":{"line":186,"column":25},"end":{"line":186,"column":8}}]},"16":{"line":192,"type":"if","locations":[{"start":{"line":192,"column":16},"end":{"line":192,"column":15}},{"start":{"line":192,"column":16},"end":{"line":192,"column":15}}]},"17":{"line":193,"type":"if","locations":[{"start":{"line":193,"column":20},"end":{"line":193,"column":19}},{"start":{"line":193,"column":20},"end":{"line":193,"column":19}}]},"18":{"line":205,"type":"if","locations":[{"start":{"line":205,"column":16},"end":{"line":205,"column":15}},{"start":{"line":205,"column":16},"end":{"line":205,"column":15}}]},"19":{"line":214,"type":"if","locations":[{"start":{"line":214,"column":8},"end":{"line":214,"column":7}},{"start":{"line":214,"column":8},"end":{"line":214,"column":7}}]},"20":{"line":220,"type":"if","locations":[{"start":{"line":220,"column":16},"end":{"line":220,"column":15}},{"start":{"line":220,"column":16},"end":{"line":220,"column":15}}]},"21":{"line":229,"type":"if","locations":[{"start":{"line":229,"column":20},"end":{"line":229,"column":19}},{"start":{"line":229,"column":20},"end":{"line":229,"column":19}}]},"22":{"line":231,"type":"if","locations":[{"start":{"line":231,"column":27},"end":{"line":231,"column":26}},{"start":{"line":231,"column":27},"end":{"line":231,"column":26}}]},"23":{"line":284,"type":"cond-expr","locations":[{"start":{"line":284,"column":26},"end":{"line":283,"column":20}},{"start":{"line":285,"column":26},"end":{"line":282,"column":16}}]},"24":{"line":303,"type":"if","locations":[{"start":{"line":303,"column":16},"end":{"line":303,"column":15}},{"start":{"line":303,"column":16},"end":{"line":303,"column":15}}]},"25":{"line":324,"type":"if","locations":[{"start":{"line":324,"column":16},"end":{"line":324,"column":15}},{"start":{"line":324,"column":16},"end":{"line":324,"column":15}}]},"26":{"line":331,"type":"if","locations":[{"start":{"line":331,"column":28},"end":{"line":331,"column":27}},{"start":{"line":331,"column":28},"end":{"line":331,"column":27}}]},"27":{"line":348,"type":"if","locations":[{"start":{"line":348,"column":8},"end":{"line":348,"column":7}},{"start":{"line":348,"column":8},"end":{"line":348,"column":7}}]}},"s":{"1":0,"2":0,"3":0,"4":0,"5":0,"6":0,"7":0,"8":0,"9":0,"10":0,"11":0,"12":0,"13":0,"14":0,"15":0,"16":0,"17":0,"18":0,"19":0,"20":0,"21":0,"22":0,"23":0,"24":0,"25":0,"26":0,"27":0,"28":0,"29":0,"30":0,"31":0,"32":0,"33":0,"34":0,"35":0,"36":0,"37":0,"38":0,"39":0,"40":0,"41":0,"42":0,"43":0,"44":0,"45":0,"46":0,"47":0,"48":0,"49":0,"50":0,"51":0,"52":0,"53":0,"54":0,"55":0,"56":0,"57":0,"58":0,"59":0,"60":0,"61":0,"62":0,"63":0,"64":0,"65":0,"66":0,"67":0,"68":0,"69":0,"70":0,"71":0,"72":0,"73":0,"74":0,"75":0,"76":0,"77":0,"78":0,"79":0,"80":0,"81":0,"82":0,"83":0,"84":0,"85":0,"86":0,"87":0,"88":0,"89":0,"90":0,"91":0,"92":0,"93":0,"94":0,"95":0,"96":0,"97":0,"98":0,"99":0,"100":0,"101":0,"102":0,"103":0,"104":0,"105":0,"106":0,"107":0,"108":0,"109":0,"110":0,"111":0,"112":0,"113":0,"114":0,"115":0,"116":0,"117":0,"118":0,"119":0,"120":0,"121":0,"122":0,"123":0,"124":0,"125":0,"126":0,"127":0,"128":0,"129":0,"130":0,"131":0,"132":0,"133":0,"134":0,"135":0,"136":0,"137":0,"138":0,"139":0,"140":0,"141":0,"142":0,"143":0,"144":0,"145":0,"146":0,"147":0,"148":0,"149":0,"150":0,"151":0,"152":0,"153":0,"154":0,"155":0,"156":0,"157":0,"158":0,"159":0,"160":0,"161":0,"162":0,"163":0,"164":0,"165":0,"166":0,"167":0,"168":0},"b":{"1":[0,0],"2":[0,0],"3":[0,0],"4":[0,0],"5":[0,0],"6":[0,0],"7":[0,0],"8":[0,0],"9":[0,0],"10":[0,0],"11":[0,0],"12":[0,0],"13":[0,0],"14":[0,0],"15":[0,0],"16":[0,0],"17":[0,0],"18":[0,0],"19":[0,0],"20":[0,0],"21":[0,0],"22":[0,0],"23":[0,0],"24":[0,0],"25":[0,0],"26":[0,0],"27":[0,0]},"f":{"1":0,"2":0,"3":0,"4":0,"5":0,"6":0,"7":0,"8":0,"9":0,"10":0,"11":0,"12":0,"13":0,"14":0,"15":0,"16":0,"17":0},"l":{"5":0,"6":0,"7":0,"8":0,"9":0,"10":0,"11":0,"12":0,"13":0,"14":0,"15":0,"16":0,"18":0,"19":0,"20":0,"21":0,"24":0,"25":0,"29":0,"31":0,"32":0,"33":0,"34":0,"35":0,"36":0,"37":0,"40":0,"41":0,"42":0,"43":0,"47":0,"51":0,"55":0,"58":0,"62":0,"66":0,"68":0,"69":0,"72":0,"74":0,"75":0,"79":0,"80":0,"83":0,"85":0,"86":0,"89":0,"92":0,"94":0,"100":0,"101":0,"102":0,"104":0,"106":0,"107":0,"110":0,"112":0,"114":0,"117":0,"118":0,"124":0,"126":0,"131":0,"135":0,"137":0,"138":0,"139":0,"141":0,"145":0,"148":0,"149":0,"150":0,"151":0,"153":0,"154":0,"155":0,"162":0,"163":0,"165":0,"166":0,"167":0,"168":0,"170":0,"172":0,"174":0,"175":0,"177":0,"180":0,"181":0,"186":0,"187":0,"190":0,"192":0,"193":0,"194":0,"195":0,"198":0,"200":0,"201":0,"205":0,"206":0,"208":0,"214":0,"215":0,"218":0,"220":0,"221":0,"223":0,"224":0,"226":0,"228":0,"229":0,"230":0,"231":0,"232":0,"234":0,"235":0,"238":0,"239":0,"240":0,"242":0,"253":0,"254":0,"256":0,"259":0,"264":0,"265":0,"269":0,"270":0,"273":0,"276":0,"280":0,"281":0,"282":0,"283":0,"287":0,"292":0,"293":0,"296":0,"298":0,"300":0,"301":0,"303":0,"305":0,"308":0,"311":0,"316":0,"317":0,"318":0,"320":0,"322":0,"324":0,"325":0,"326":0,"328":0,"331":0,"332":0,"334":0,"337":0,"344":0,"348":0,"349":0,"352":0}},
"src\\common\\packagerStatus.ts":{"path":"src\\common\\packagerStatus.ts","statementMap":{"1":{"start":{"line":4,"column":0},"end":{"line":4,"column":-1}},"2":{"start":{"line":5,"column":0},"end":{"line":5,"column":-1}},"3":{"start":{"line":7,"column":0},"end":{"line":18,"column":1}},"4":{"start":{"line":8,"column":4},"end":{"line":8,"column":3}},"5":{"start":{"line":9,"column":4},"end":{"line":9,"column":3}},"6":{"start":{"line":11,"column":12},"end":{"line":11,"column":11}},"7":{"start":{"line":16,"column":12},"end":{"line":16,"column":11}},"8":{"start":{"line":7,"column":0},"end":{"line":7,"column":-1}}},"fnMap":{"1":{"name":"ensurePackagerRunning","line":7,"loc":{"start":{"line":7,"column":0},"end":{"line":7,"column":95}}}},"branchMap":{"1":{"line":12,"type":"cond-expr","locations":[{"start":{"line":12,"column":16},"end":{"line":11,"column":19}},{"start":{"line":13,"column":16},"end":{"line":11,"column":12}}]}},"s":{"1":1,"2":1,"3":1,"4":0,"5":0,"6":0,"7":0,"8":1},"b":{"1":[0,0]},"f":{"1":0},"l":{"4":1,"5":1,"7":1,"8":0,"9":0,"11":0,"16":0}},
"src\\common\\reactNativeProjectHelper.ts":{"path":"src\\common\\reactNativeProjectHelper.ts","statementMap":{"1":{"start":{"line":4,"column":0},"end":{"line":4,"column":-1}},"2":{"start":{"line":5,"column":0},"end":{"line":5,"column":-1}},"3":{"start":{"line":6,"column":0},"end":{"line":6,"column":-1}},"4":{"start":{"line":7,"column":0},"end":{"line":7,"column":-1}},"5":{"start":{"line":13,"column":8},"end":{"line":13,"column":7}},"6":{"start":{"line":17,"column":8},"end":{"line":17,"column":7}},"7":{"start":{"line":25,"column":8},"end":{"line":27,"column":9}},"8":{"start":{"line":26,"column":12},"end":{"line":26,"column":11}},"9":{"start":{"line":28,"column":8},"end":{"line":28,"column":7}},"10":{"start":{"line":30,"column":16},"end":{"line":30,"column":15}},"11":{"start":{"line":35,"column":8},"end":{"line":37,"column":9}},"12":{"start":{"line":36,"column":12},"end":{"line":36,"column":11}},"13":{"start":{"line":39,"column":8},"end":{"line":39,"column":7}},"14":{"start":{"line":40,"column":8},"end":{"line":40,"column":7}},"15":{"start":{"line":41,"column":8},"end":{"line":41,"column":7}},"16":{"start":{"line":9,"column":0},"end":{"line":9,"column":-1}}},"fnMap":{"1":{"name":"(anonymous_1)","line":11,"loc":{"start":{"line":11,"column":11},"end":{"line":11,"column":53}}},"2":{"name":"(anonymous_2)","line":16,"loc":{"start":{"line":16,"column":11},"end":{"line":16,"column":59}}},"3":{"name":"(anonymous_3)","line":24,"loc":{"start":{"line":24,"column":11},"end":{"line":24,"column":58}}},"4":{"name":"(anonymous_4)","line":34,"loc":{"start":{"line":34,"column":11},"end":{"line":34,"column":51}}}},"branchMap":{"1":{"line":25,"type":"if","locations":[{"start":{"line":25,"column":8},"end":{"line":25,"column":7}},{"start":{"line":25,"column":8},"end":{"line":25,"column":7}}]},"2":{"line":25,"type":"binary-expr","locations":[{"start":{"line":25,"column":12},"end":{"line":25,"column":11}},{"start":{"line":25,"column":28},"end":{"line":25,"column":8}}]},"3":{"line":35,"type":"if","locations":[{"start":{"line":35,"column":8},"end":{"line":35,"column":7}},{"start":{"line":35,"column":8},"end":{"line":35,"column":7}}]},"4":{"line":35,"type":"binary-expr","locations":[{"start":{"line":35,"column":12},"end":{"line":35,"column":11}},{"start":{"line":35,"column":28},"end":{"line":35,"column":8}}]},"5":{"line":40,"type":"binary-expr","locations":[{"start":{"line":40,"column":28},"end":{"line":40,"column":27}},{"start":{"line":40,"column":59},"end":{"line":40,"column":8}}]}},"s":{"1":1,"2":1,"3":1,"4":1,"5":0,"6":0,"7":0,"8":0,"9":0,"10":0,"11":0,"12":0,"13":0,"14":0,"15":0,"16":1},"b":{"1":[0,0],"2":[0,0],"3":[0,0],"4":[0,0],"5":[0,0]},"f":{"1":0,"2":0,"3":0,"4":0},"l":{"4":1,"5":1,"6":1,"7":1,"9":1,"13":0,"17":0,"25":0,"26":0,"28":0,"30":0,"35":0,"36":0,"39":0,"40":0,"41":0}},
"src\\common\\remoteExtension.ts":{"path":"src\\common\\remoteExtension.ts","statementMap":{"1":{"start":{"line":4,"column":0},"end":{"line":4,"column":-1}},"2":{"start":{"line":5,"column":0},"end":{"line":5,"column":-1}},"3":{"start":{"line":6,"column":0},"end":{"line":6,"column":-1}},"4":{"start":{"line":52,"column":24},"end":{"line":52,"column":23}},"5":{"start":{"line":42,"column":8},"end":{"line":42,"column":7}},"6":{"start":{"line":43,"column":8},"end":{"line":43,"column":7}},"7":{"start":{"line":44,"column":8},"end":{"line":44,"column":7}},"8":{"start":{"line":45,"column":12},"end":{"line":45,"column":11}},"9":{"start":{"line":47,"column":8},"end":{"line":47,"column":7}},"10":{"start":{"line":49,"column":8},"end":{"line":49,"column":7}},"11":{"start":{"line":55,"column":8},"end":{"line":55,"column":7}},"12":{"start":{"line":59,"column":8},"end":{"line":59,"column":7}},"13":{"start":{"line":64,"column":8},"end":{"line":64,"column":7}},"14":{"start":{"line":72,"column":8},"end":{"line":72,"column":7}},"15":{"start":{"line":76,"column":8},"end":{"line":76,"column":7}},"16":{"start":{"line":80,"column":8},"end":{"line":80,"column":7}},"17":{"start":{"line":84,"column":8},"end":{"line":84,"column":7}},"18":{"start":{"line":88,"column":8},"end":{"line":88,"column":7}},"19":{"start":{"line":92,"column":8},"end":{"line":92,"column":7}},"20":{"start":{"line":96,"column":8},"end":{"line":96,"column":7}},"21":{"start":{"line":100,"column":8},"end":{"line":100,"column":7}},"22":{"start":{"line":40,"column":0},"end":{"line":40,"column":-1}}},"fnMap":{"1":{"name":"(anonymous_1)","line":52,"loc":{"start":{"line":52,"column":4},"end":{"line":52,"column":46}}},"2":{"name":"(anonymous_2)","line":41,"loc":{"start":{"line":41,"column":11},"end":{"line":41,"column":59}}},"3":{"name":"(anonymous_3)","line":54,"loc":{"start":{"line":54,"column":4},"end":{"line":54,"column":18}}},"4":{"name":"(anonymous_4)","line":58,"loc":{"start":{"line":58,"column":11},"end":{"line":58,"column":31}}},"5":{"name":"(anonymous_5)","line":62,"loc":{"start":{"line":62,"column":11},"end":{"line":63,"column":127}}},"6":{"name":"(anonymous_6)","line":75,"loc":{"start":{"line":75,"column":11},"end":{"line":75,"column":66}}},"7":{"name":"(anonymous_7)","line":83,"loc":{"start":{"line":83,"column":11},"end":{"line":83,"column":42}}},"8":{"name":"(anonymous_8)","line":87,"loc":{"start":{"line":87,"column":11},"end":{"line":87,"column":53}}},"9":{"name":"(anonymous_9)","line":91,"loc":{"start":{"line":91,"column":11},"end":{"line":91,"column":30}}},"10":{"name":"(anonymous_10)","line":95,"loc":{"start":{"line":95,"column":11},"end":{"line":95,"column":40}}},"11":{"name":"(anonymous_11)","line":99,"loc":{"start":{"line":99,"column":11},"end":{"line":99,"column":38}}}},"branchMap":{},"s":{"1":1,"2":1,"3":1,"4":7,"5":7,"6":7,"7":7,"8":6,"9":7,"10":7,"11":12,"12":1,"13":0,"14":0,"15":0,"16":0,"17":0,"18":0,"19":0,"20":0,"21":0,"22":1},"b":{},"f":{"1":7,"2":7,"3":12,"4":1,"5":0,"6":0,"7":0,"8":0,"9":0,"10":0,"11":0},"l":{"4":1,"5":1,"6":1,"40":1,"42":7,"43":7,"44":7,"45":6,"47":7,"49":7,"52":7,"55":12,"59":1,"64":0,"72":0,"76":0,"80":0,"84":0,"88":0,"92":0,"96":0,"100":0}},
"src\\common\\targetPlatformHelper.ts":{"path":"src\\common\\targetPlatformHelper.ts","statementMap":{"1":{"start":{"line":4,"column":0},"end":{"line":4,"column":-1}},"2":{"start":{"line":5,"column":0},"end":{"line":5,"column":-1}},"3":{"start":{"line":6,"column":0},"end":{"line":6,"column":-1}},"4":{"start":{"line":7,"column":0},"end":{"line":7,"column":-1}},"5":{"start":{"line":12,"column":0},"end":{"line":12,"column":-1}},"6":{"start":{"line":13,"column":4},"end":{"line":13,"column":3}},"7":{"start":{"line":14,"column":4},"end":{"line":14,"column":3}},"8":{"start":{"line":15,"column":4},"end":{"line":15,"column":3}},"9":{"start":{"line":16,"column":4},"end":{"line":16,"column":3}},"10":{"start":{"line":24,"column":8},"end":{"line":24,"column":7}},"11":{"start":{"line":26,"column":16},"end":{"line":26,"column":15}},"12":{"start":{"line":28,"column":16},"end":{"line":28,"column":15}},"13":{"start":{"line":30,"column":16},"end":{"line":30,"column":15}},"14":{"start":{"line":33,"column":16},"end":{"line":33,"column":15}},"15":{"start":{"line":35,"column":16},"end":{"line":35,"column":15}},"16":{"start":{"line":43,"column":8},"end":{"line":43,"column":7}},"17":{"start":{"line":44,"column":8},"end":{"line":51,"column":9}},"18":{"start":{"line":45,"column":12},"end":{"line":47,"column":13}},"19":{"start":{"line":46,"column":16},"end":{"line":46,"column":15}},"20":{"start":{"line":50,"column":12},"end":{"line":50,"column":11}},"21":{"start":{"line":19,"column":0},"end":{"line":19,"column":-1}}},"fnMap":{"1":{"name":"(anonymous_1)","line":12,"loc":{"start":{"line":12,"column":0},"end":{"line":12,"column":28}}},"2":{"name":"(anonymous_2)","line":23,"loc":{"start":{"line":23,"column":11},"end":{"line":23,"column":58}}},"3":{"name":"(anonymous_3)","line":42,"loc":{"start":{"line":42,"column":11},"end":{"line":42,"column":65}}}},"branchMap":{"1":{"line":12,"type":"binary-expr","locations":[{"start":{"line":12,"column":12},"end":{"line":12,"column":11}},{"start":{"line":12,"column":12},"end":{"line":12,"column":11}}]},"2":{"line":25,"type":"switch","locations":[{"start":{"line":25,"column":12},"end":{"line":26,"column":16}},{"start":{"line":27,"column":12},"end":{"line":28,"column":16}},{"start":{"line":29,"column":12},"end":{"line":30,"column":16}},{"start":{"line":31,"column":12},"end":{"line":31,"column":11}},{"start":{"line":32,"column":12},"end":{"line":33,"column":16}},{"start":{"line":34,"column":12},"end":{"line":35,"column":16}}]},"3":{"line":45,"type":"if","locations":[{"start":{"line":45,"column":12},"end":{"line":45,"column":11}},{"start":{"line":45,"column":12},"end":{"line":45,"column":11}}]}},"s":{"1":1,"2":1,"3":1,"4":1,"5":2,"6":1,"7":1,"8":1,"9":1,"10":0,"11":0,"12":0,"13":0,"14":0,"15":0,"16":0,"17":0,"18":0,"19":0,"20":0,"21":1},"b":{"1":[1,1],"2":[0,0,0,0,0,0],"3":[0,0]},"f":{"1":1,"2":0,"3":0},"l":{"4":1,"5":1,"6":1,"7":1,"12":2,"13":1,"14":1,"15":1,"16":1,"19":1,"24":0,"26":0,"28":0,"30":0,"33":0,"35":0,"43":0,"44":0,"45":0,"46":0,"50":0}},
"src\\common\\telemetry.ts":{"path":"src\\common\\telemetry.ts","statementMap":{"1":{"start":{"line":4,"column":0},"end":{"line":4,"column":-1}},"2":{"start":{"line":5,"column":0},"end":{"line":5,"column":-1}},"3":{"start":{"line":6,"column":0},"end":{"line":6,"column":-1}},"4":{"start":{"line":7,"column":0},"end":{"line":7,"column":-1}},"5":{"start":{"line":12,"column":0},"end":{"line":12,"column":-1}},"6":{"start":{"line":14,"column":15},"end":{"line":14,"column":14}},"7":{"start":{"line":16,"column":15},"end":{"line":16,"column":14}},"8":{"start":{"line":36,"column":12},"end":{"line":36,"column":11}},"9":{"start":{"line":37,"column":12},"end":{"line":37,"column":11}},"10":{"start":{"line":41,"column":12},"end":{"line":41,"column":11}},"11":{"start":{"line":42,"column":12},"end":{"line":42,"column":11}},"12":{"start":{"line":43,"column":12},"end":{"line":43,"column":11}},"13":{"start":{"line":44,"column":12},"end":{"line":44,"column":11}},"14":{"start":{"line":48,"column":12},"end":{"line":51,"column":13}},"15":{"start":{"line":50,"column":16},"end":{"line":50,"column":15}},"16":{"start":{"line":53,"column":12},"end":{"line":53,"column":11}},"17":{"start":{"line":60,"column":12},"end":{"line":65,"column":13}},"18":{"start":{"line":61,"column":16},"end":{"line":61,"column":15}},"19":{"start":{"line":64,"column":16},"end":{"line":64,"column":15}},"20":{"start":{"line":67,"column":12},"end":{"line":67,"column":11}},"21":{"start":{"line":74,"column":12},"end":{"line":74,"column":11}},"22":{"start":{"line":75,"column":12},"end":{"line":77,"column":13}},"23":{"start":{"line":76,"column":16},"end":{"line":76,"column":15}},"24":{"start":{"line":79,"column":12},"end":{"line":79,"column":11}},"25":{"start":{"line":33,"column":23},"end":{"line":33,"column":22}},"26":{"start":{"line":92,"column":12},"end":{"line":92,"column":11}},"27":{"start":{"line":93,"column":12},"end":{"line":93,"column":11}},"28":{"start":{"line":97,"column":12},"end":{"line":97,"column":11}},"29":{"start":{"line":98,"column":12},"end":{"line":98,"column":11}},"30":{"start":{"line":100,"column":12},"end":{"line":100,"column":11}},"31":{"start":{"line":89,"column":23},"end":{"line":89,"column":22}},"32":{"start":{"line":86,"column":17},"end":{"line":86,"column":16}},"33":{"start":{"line":114,"column":12},"end":{"line":114,"column":11}},"34":{"start":{"line":115,"column":12},"end":{"line":115,"column":11}},"35":{"start":{"line":119,"column":12},"end":{"line":119,"column":11}},"36":{"start":{"line":123,"column":12},"end":{"line":128,"column":13}},"37":{"start":{"line":124,"column":16},"end":{"line":124,"column":15}},"38":{"start":{"line":127,"column":16},"end":{"line":127,"column":15}},"39":{"start":{"line":109,"column":17},"end":{"line":109,"column":16}},"40":{"start":{"line":132,"column":4},"end":{"line":139,"column":5}},"41":{"start":{"line":133,"column":8},"end":{"line":138,"column":9}},"42":{"start":{"line":134,"column":12},"end":{"line":134,"column":11}},"43":{"start":{"line":135,"column":12},"end":{"line":135,"column":11}},"44":{"start":{"line":137,"column":12},"end":{"line":137,"column":11}},"45":{"start":{"line":132,"column":20},"end":{"line":132,"column":19}},"46":{"start":{"line":141,"column":4},"end":{"line":175,"column":5}},"47":{"start":{"line":142,"column":8},"end":{"line":174,"column":9}},"48":{"start":{"line":143,"column":12},"end":{"line":173,"column":13}},"49":{"start":{"line":144,"column":16},"end":{"line":146,"column":17}},"50":{"start":{"line":145,"column":40},"end":{"line":145,"column":39}},"51":{"start":{"line":148,"column":16},"end":{"line":169,"column":17}},"52":{"start":{"line":149,"column":20},"end":{"line":149,"column":19}},"53":{"start":{"line":150,"column":20},"end":{"line":150,"column":19}},"54":{"start":{"line":152,"column":20},"end":{"line":152,"column":19}},"55":{"start":{"line":153,"column":24},"end":{"line":153,"column":23}},"56":{"start":{"line":155,"column":32},"end":{"line":155,"column":31}},"57":{"start":{"line":156,"column":32},"end":{"line":156,"column":31}},"58":{"start":{"line":159,"column":32},"end":{"line":159,"column":31}},"59":{"start":{"line":160,"column":32},"end":{"line":160,"column":31}},"60":{"start":{"line":163,"column":32},"end":{"line":163,"column":31}},"61":{"start":{"line":164,"column":32},"end":{"line":164,"column":31}},"62":{"start":{"line":168,"column":20},"end":{"line":168,"column":19}},"63":{"start":{"line":172,"column":16},"end":{"line":172,"column":15}},"64":{"start":{"line":141,"column":20},"end":{"line":141,"column":19}},"65":{"start":{"line":185,"column":17},"end":{"line":12,"column":23}},"66":{"start":{"line":199,"column":4},"end":{"line":209,"column":5}},"67":{"start":{"line":200,"column":8},"end":{"line":200,"column":7}},"68":{"start":{"line":202,"column":8},"end":{"line":206,"column":9}},"69":{"start":{"line":203,"column":12},"end":{"line":203,"column":11}},"70":{"start":{"line":204,"column":12},"end":{"line":204,"column":11}},"71":{"start":{"line":205,"column":12},"end":{"line":205,"column":11}},"72":{"start":{"line":208,"column":8},"end":{"line":208,"column":7}},"73":{"start":{"line":199,"column":20},"end":{"line":199,"column":19}}},"fnMap":{"1":{"name":"(anonymous_1)","line":12,"loc":{"start":{"line":12,"column":0},"end":{"line":12,"column":23}}},"2":{"name":"(anonymous_2)","line":35,"loc":{"start":{"line":35,"column":16},"end":{"line":35,"column":48}}},"3":{"name":"(anonymous_3)","line":40,"loc":{"start":{"line":40,"column":15},"end":{"line":40,"column":80}}},"4":{"name":"(anonymous_4)","line":47,"loc":{"start":{"line":47,"column":15},"end":{"line":47,"column":46}}},"5":{"name":"(anonymous_5)","line":59,"loc":{"start":{"line":59,"column":16},"end":{"line":59,"column":35}}},"6":{"name":"(anonymous_6)","line":73,"loc":{"start":{"line":73,"column":16},"end":{"line":73,"column":35}}},"7":{"name":"(anonymous_7)","line":91,"loc":{"start":{"line":91,"column":8},"end":{"line":91,"column":67}}},"8":{"name":"(anonymous_8)","line":96,"loc":{"start":{"line":96,"column":15},"end":{"line":96,"column":57}}},"9":{"name":"(anonymous_9)","line":113,"loc":{"start":{"line":113,"column":8},"end":{"line":113,"column":67}}},"10":{"name":"(anonymous_10)","line":118,"loc":{"start":{"line":118,"column":15},"end":{"line":118,"column":20}}},"11":{"name":"(anonymous_11)","line":122,"loc":{"start":{"line":122,"column":15},"end":{"line":122,"column":18}}},"12":{"name":"init","line":132,"loc":{"start":{"line":132,"column":4},"end":{"line":132,"column":100}}},"13":{"name":"send","line":141,"loc":{"start":{"line":141,"column":4},"end":{"line":141,"column":76}}},"14":{"name":"(anonymous_14)","line":152,"loc":{"start":{"line":152,"column":64},"end":{"line":152,"column":85}}},"15":{"name":"sendExtensionTelemetry","line":199,"loc":{"start":{"line":199,"column":4},"end":{"line":199,"column":205}}}},"branchMap":{"1":{"line":48,"type":"if","locations":[{"start":{"line":48,"column":12},"end":{"line":48,"column":11}},{"start":{"line":48,"column":12},"end":{"line":48,"column":11}}]},"2":{"line":75,"type":"if","locations":[{"start":{"line":75,"column":12},"end":{"line":75,"column":11}},{"start":{"line":75,"column":12},"end":{"line":75,"column":11}}]},"3":{"line":93,"type":"binary-ex
[...]
"src\\extension\\log\\LogHelper.ts":{"path":"src\\extension\\log\\LogHelper.ts","statementMap":{"1":{"start":{"line":8,"column":0},"end":{"line":8,"column":-1}},"2":{"start":{"line":9,"column":4},"end":{"line":9,"column":3}},"3":{"start":{"line":10,"column":4},"end":{"line":10,"column":3}},"4":{"start":{"line":11,"column":4},"end":{"line":11,"column":3}},"5":{"start":{"line":12,"column":4},"end":{"line":12,"column":3}},"6":{"start":{"line":13,"column":4},"end":{"line":13,"column":3}},"7":{"start":{"line":14,"column":4},"end":{"line":14,"column":3}},"8":{"start":{"line":28,"column":8},"end":{"line":28,"column":7}},"9":{"start":{"line":26,"column":0},"end":{"line":26,"column":-1}},"10":{"start":{"line":32,"column":0},"end":{"line":39,"column":1}},"11":{"start":{"line":33,"column":4},"end":{"line":38,"column":5}},"12":{"start":{"line":34,"column":8},"end":{"line":34,"column":7}},"13":{"start":{"line":35,"column":8},"end":{"line":35,"column":7}},"14":{"start":{"line":37,"column":8},"end":{"line":36,"column":18}}},"fnMap":{"1":{"name":"(anonymous_1)","line":8,"loc":{"start":{"line":8,"column":0},"end":{"line":8,"column":20}}},"2":{"name":"(anonymous_2)","line":27,"loc":{"start":{"line":27,"column":11},"end":{"line":27,"column":31}}},"3":{"name":"getLogLevel","line":32,"loc":{"start":{"line":32,"column":0},"end":{"line":null,"column":-1}}}},"branchMap":{"1":{"line":8,"type":"binary-expr","locations":[{"start":{"line":8,"column":12},"end":{"line":8,"column":11}},{"start":{"line":8,"column":12},"end":{"line":8,"column":11}}]}},"s":{"1":0,"2":0,"3":0,"4":0,"5":0,"6":0,"7":0,"8":0,"9":0,"10":1,"11":0,"12":0,"13":0,"14":0},"b":{"1":[0,0]},"f":{"1":0,"2":0,"3":0},"l":{"8":0,"9":0,"10":0,"11":0,"12":0,"13":0,"14":0,"26":0,"28":0,"32":1,"33":0,"34":0,"35":0,"37":0}},
"src\\extension\\log\\NullLogger.ts":{"path":"src\\extension\\log\\NullLogger.ts","statementMap":{"1":{"start":{"line":6,"column":0},"end":{"line":6,"column":-1}}},"fnMap":{"1":{"name":"(anonymous_1)","line":7,"loc":{"start":{"line":7,"column":11},"end":{"line":7,"column":60}}},"2":{"name":"(anonymous_2)","line":8,"loc":{"start":{"line":8,"column":11},"end":{"line":8,"column":32}}},"3":{"name":"(anonymous_3)","line":9,"loc":{"start":{"line":9,"column":11},"end":{"line":9,"column":35}}},"4":{"name":"(anonymous_4)","line":10,"loc":{"start":{"line":10,"column":11},"end":{"line":10,"column":94}}},"5":{"name":"(anonymous_5)","line":11,"loc":{"start":{"line":11,"column":11},"end":{"line":11,"column":33}}},"6":{"name":"(anonymous_6)","line":12,"loc":{"start":{"line":12,"column":11},"end":{"line":12,"column":87}}}},"branchMap":{},"s":{"1":1},"b":{},"f":{"1":0,"2":0,"3":0,"4":0,"5":0,"6":0},"l":{"6":1}},
"src\\extension\\log\\OutputChannelLogger.ts":{"path":"src\\extension\\log\\OutputChannelLogger.ts","statementMap":{"1":{"start":{"line":8,"column":0},"end":{"line":8,"column":-1}},"2":{"start":{"line":9,"column":0},"end":{"line":9,"column":-1}},"3":{"start":{"line":11,"column":0},"end":{"line":11,"column":-1}},"4":{"start":{"line":36,"column":32},"end":{"line":36,"column":31}},"5":{"start":{"line":36,"column":84},"end":{"line":36,"column":83}},"6":{"start":{"line":37,"column":8},"end":{"line":40,"column":9}},"7":{"start":{"line":38,"column":12},"end":{"line":38,"column":11}},"8":{"start":{"line":39,"column":12},"end":{"line":39,"column":11}},"9":{"start":{"line":18,"column":8},"end":{"line":21,"column":9}},"10":{"start":{"line":19,"column":12},"end":{"line":19,"column":11}},"11":{"start":{"line":20,"column":12},"end":{"line":20,"column":11}},"12":{"start":{"line":25,"column":8},"end":{"line":25,"column":7}},"13":{"start":{"line":29,"column":8},"end":{"line":31,"column":9}},"14":{"start":{"line":30,"column":12},"end":{"line":30,"column":11}},"15":{"start":{"line":33,"column":8},"end":{"line":33,"column":7}},"16":{"start":{"line":44,"column":8},"end":{"line":46,"column":9}},"17":{"start":{"line":45,"column":12},"end":{"line":45,"column":11}},"18":{"start":{"line":48,"column":8},"end":{"line":51,"column":9}},"19":{"start":{"line":49,"column":12},"end":{"line":49,"column":11}},"20":{"start":{"line":50,"column":12},"end":{"line":50,"column":11}},"21":{"start":{"line":55,"column":8},"end":{"line":55,"column":7}},"22":{"start":{"line":59,"column":8},"end":{"line":59,"column":7}},"23":{"start":{"line":63,"column":8},"end":{"line":63,"column":7}},"24":{"start":{"line":66,"column":8},"end":{"line":68,"column":9}},"25":{"start":{"line":67,"column":12},"end":{"line":67,"column":11}},"26":{"start":{"line":72,"column":8},"end":{"line":72,"column":7}},"27":{"start":{"line":76,"column":8},"end":{"line":76,"column":7}},"28":{"start":{"line":80,"column":8},"end":{"line":80,"column":7}},"29":{"start":{"line":84,"column":8},"end":{"line":84,"column":7}},"30":{"start":{"line":88,"column":8},"end":{"line":88,"column":7}},"31":{"start":{"line":92,"column":8},"end":{"line":92,"column":7}},"32":{"start":{"line":96,"column":8},"end":{"line":102,"column":9}},"33":{"start":{"line":97,"column":12},"end":{"line":97,"column":11}},"34":{"start":{"line":99,"column":12},"end":{"line":99,"column":11}},"35":{"start":{"line":100,"column":12},"end":{"line":100,"column":11}},"36":{"start":{"line":101,"column":12},"end":{"line":101,"column":11}},"37":{"start":{"line":106,"column":8},"end":{"line":106,"column":7}},"38":{"start":{"line":14,"column":18},"end":{"line":14,"column":17}},"39":{"start":{"line":13,"column":0},"end":{"line":13,"column":-1}}},"fnMap":{"1":{"name":"(anonymous_1)","line":36,"loc":{"start":{"line":36,"column":4},"end":{"line":36,"column":114}}},"2":{"name":"(anonymous_2)","line":17,"loc":{"start":{"line":17,"column":11},"end":{"line":17,"column":52}}},"3":{"name":"(anonymous_3)","line":24,"loc":{"start":{"line":24,"column":11},"end":{"line":24,"column":32}}},"4":{"name":"(anonymous_4)","line":28,"loc":{"start":{"line":28,"column":11},"end":{"line":28,"column":89}}},"5":{"name":"(anonymous_5)","line":43,"loc":{"start":{"line":43,"column":11},"end":{"line":43,"column":47}}},"6":{"name":"(anonymous_6)","line":54,"loc":{"start":{"line":54,"column":11},"end":{"line":54,"column":31}}},"7":{"name":"(anonymous_7)","line":58,"loc":{"start":{"line":58,"column":11},"end":{"line":58,"column":60}}},"8":{"name":"(anonymous_8)","line":62,"loc":{"start":{"line":62,"column":11},"end":{"line":62,"column":78}}},"9":{"name":"(anonymous_9)","line":71,"loc":{"start":{"line":71,"column":11},"end":{"line":71,"column":32}}},"10":{"name":"(anonymous_10)","line":75,"loc":{"start":{"line":75,"column":11},"end":{"line":75,"column":42}}},"11":{"name":"(anonymous_11)","line":79,"loc":{"start":{"line":79,"column":11},"end":{"line":79,"column":31}}},"12":{"name":"(anonymous_12)","line":83,"loc":{"start":{"line":83,"column":14},"end":{"line":83,"column":73}}},"13":{"name":"(anonymous_13)","line":87,"loc":{"start":{"line":87,"column":11},"end":{"line":87,"column":27}}},"14":{"name":"(anonymous_14)","line":91,"loc":{"start":{"line":91,"column":11},"end":{"line":91,"column":16}}},"15":{"name":"(anonymous_15)","line":95,"loc":{"start":{"line":95,"column":4},"end":{"line":95,"column":23}}},"16":{"name":"(anonymous_16)","line":105,"loc":{"start":{"line":105,"column":4},"end":{"line":105,"column":53}}}},"branchMap":{"1":{"line":37,"type":"if","locations":[{"start":{"line":37,"column":8},"end":{"line":37,"column":7}},{"start":{"line":37,"column":8},"end":{"line":37,"column":7}}]},"2":{"line":18,"type":"if","locations":[{"start":{"line":18,"column":8},"end":{"line":18,"column":7}},{"start":{"line":18,"column":8},"end":{"line":18,"column":7}}]},"3":{"line":29,"type":"if","locations":[{"start":{"line":29,"column":8},"end":{"line":29,"column":7}},{"start":{"line":29,"column":8},"end":{"line":29,"column":7}}]},"4":{"line":44,"type":"if","locations":[{"start":{"line":44,"column":8},"end":{"line":44,"column":7}},{"start":{"line":44,"column":8},"end":{"line":44,"column":7}}]},"5":{"line":48,"type":"if","locations":[{"start":{"line":48,"column":8},"end":{"line":48,"column":7}},{"start":{"line":48,"column":8},"end":{"line":48,"column":7}}]},"6":{"line":66,"type":"if","locations":[{"start":{"line":66,"column":8},"end":{"line":66,"column":7}},{"start":{"line":66,"column":8},"end":{"line":66,"column":7}}]},"7":{"line":66,"type":"binary-expr","locations":[{"start":{"line":66,"column":12},"end":{"line":66,"column":11}},{"start":{"line":66,"column":24},"end":{"line":66,"column":12}},{"start":{"line":66,"column":41},"end":{"line":66,"column":8}}]},"8":{"line":96,"type":"if","locations":[{"start":{"line":96,"column":8},"end":{"line":96,"column":7}},{"start":{"line":96,"column":8},"end":{"line":96,"column":7}}]}},"s":{"1":0,"2":0,"3":0,"4":0,"5":0,"6":0,"7":0,"8":0,"9":0,"10":0,"11":0,"12":0,"13":0,"14":0,"15":0,"16":0,"17":0,"18":0,"19":0,"20":0,"21":0,"22":0,"23":0,"24":0,"25":0,"26":0,"27":0,"28":0,"29":0,"30":0,"31":0,"32":0,"33":0,"34":0,"35":0,"36":0,"37":0,"38":0,"39":0},"b":{"1":[0,0],"2":[0,0],"3":[0,0],"4":[0,0],"5":[0,0],"6":[0,0],"7":[0,0,0],"8":[0,0]},"f":{"1":0,"2":0,"3":0,"4":0,"5":0,"6":0,"7":0,"8":0,"9":0,"10":0,"11":0,"12":0,"13":0,"14":0,"15":0,"16":0},"l":{"8":0,"9":0,"11":0,"13":0,"14":0,"18":0,"19":0,"20":0,"25":0,"29":0,"30":0,"33":0,"36":0,"37":0,"38":0,"39":0,"44":0,"45":0,"48":0,"49":0,"50":0,"55":0,"59":0,"63":0,"66":0,"67":0,"72":0,"76":0,"80":0,"84":0,"88":0,"92":0,"96":0,"97":0,"99":0,"100":0,"101":0,"106":0}},
"src\\extension\\windows\\windowsPlatform.ts":{"path":"src\\extension\\windows\\windowsPlatform.ts","statementMap":{"1":{"start":{"line":4,"column":0},"end":{"line":4,"column":-1}},"2":{"start":{"line":5,"column":0},"end":{"line":5,"column":-1}},"3":{"start":{"line":7,"column":0},"end":{"line":7,"column":-1}},"4":{"start":{"line":9,"column":0},"end":{"line":9,"column":-1}},"5":{"start":{"line":10,"column":0},"end":{"line":10,"column":-1}},"6":{"start":{"line":11,"column":0},"end":{"line":11,"column":-1}},"7":{"start":{"line":12,"column":0},"end":{"line":12,"column":-1}},"8":{"start":{"line":32,"column":8},"end":{"line":32,"column":7}},"9":{"start":{"line":31,"column":26},"end":{"line":31,"column":25}},"10":{"start":{"line":36,"column":8},"end":{"line":36,"column":7}},"11":{"start":{"line":43,"column":8},"end":{"line":43,"column":7}},"12":{"start":{"line":44,"column":12},"end":{"line":44,"column":11}},"13":{"start":{"line":46,"column":12},"end":{"line":48,"column":13}},"14":{"start":{"line":47,"column":16},"end":{"line":47,"column":15}},"15":{"start":{"line":50,"column":12},"end":{"line":50,"column":11}},"16":{"start":{"line":52,"column":20},"end":{"line":54,"column":21}},"17":{"start":{"line":53,"column":24},"end":{"line":53,"column":23}},"18":{"start":{"line":56,"column":20},"end":{"line":56,"column":19}},"19":{"start":{"line":57,"column":20},"end":{"line":57,"column":19}},"20":{"start":{"line":57,"column":52},"end":{"line":57,"column":27}},"21":{"start":{"line":57,"column":95},"end":{"line":57,"column":27}},"22":{"start":{"line":64,"column":8},"end":{"line":64,"column":7}},"23":{"start":{"line":68,"column":8},"end":{"line":68,"column":7}},"24":{"start":{"line":70,"column":8},"end":{"line":77,"column":9}},"25":{"start":{"line":71,"column":12},"end":{"line":71,"column":11}},"26":{"start":{"line":73,"column":12},"end":{"line":73,"column":11}},"27":{"start":{"line":74,"column":12},"end":{"line":76,"column":13}},"28":{"start":{"line":75,"column":16},"end":{"line":75,"column":15}},"29":{"start":{"line":79,"column":8},"end":{"line":79,"column":7}},"30":{"start":{"line":18,"column":21},"end":{"line":18,"column":20}},"31":{"start":{"line":20,"column":19},"end":{"line":20,"column":18}},"32":{"start":{"line":24,"column":19},"end":{"line":24,"column":18}},"33":{"start":{"line":17,"column":0},"end":{"line":17,"column":-1}}},"fnMap":{"1":{"name":"(anonymous_1)","line":31,"loc":{"start":{"line":31,"column":4},"end":{"line":31,"column":95}}},"2":{"name":"(anonymous_2)","line":35,"loc":{"start":{"line":35,"column":11},"end":{"line":35,"column":45}}},"3":{"name":"(anonymous_3)","line":63,"loc":{"start":{"line":63,"column":11},"end":{"line":63,"column":29}}},"4":{"name":"(anonymous_4)","line":67,"loc":{"start":{"line":67,"column":11},"end":{"line":67,"column":26}}}},"branchMap":{"1":{"line":46,"type":"if","locations":[{"start":{"line":46,"column":12},"end":{"line":46,"column":11}},{"start":{"line":46,"column":12},"end":{"line":46,"column":11}}]},"2":{"line":52,"type":"if","locations":[{"start":{"line":52,"column":20},"end":{"line":52,"column":19}},{"start":{"line":52,"column":20},"end":{"line":52,"column":19}}]},"3":{"line":52,"type":"binary-expr","locations":[{"start":{"line":52,"column":24},"end":{"line":52,"column":23}},{"start":{"line":52,"column":105},"end":{"line":52,"column":20}}]},"4":{"line":70,"type":"if","locations":[{"start":{"line":70,"column":8},"end":{"line":70,"column":7}},{"start":{"line":70,"column":8},"end":{"line":70,"column":7}}]},"5":{"line":70,"type":"binary-expr","locations":[{"start":{"line":70,"column":12},"end":{"line":70,"column":11}},{"start":{"line":70,"column":45},"end":{"line":70,"column":8}}]},"6":{"line":73,"type":"cond-expr","locations":[{"start":{"line":73,"column":86},"end":{"line":73,"column":25}},{"start":{"line":73,"column":91},"end":{"line":73,"column":12}}]},"7":{"line":74,"type":"if","locations":[{"start":{"line":74,"column":12},"end":{"line":74,"column":11}},{"start":{"line":74,"column":12},"end":{"line":74,"column":11}}]}},"s":{"1":0,"2":0,"3":0,"4":0,"5":0,"6":0,"7":0,"8":0,"9":0,"10":0,"11":0,"12":0,"13":0,"14":0,"15":0,"16":0,"17":0,"18":0,"19":0,"20":0,"21":0,"22":0,"23":0,"24":0,"25":0,"26":0,"27":0,"28":0,"29":0,"30":0,"31":0,"32":0,"33":0},"b":{"1":[0,0],"2":[0,0],"3":[0,0],"4":[0,0],"5":[0,0],"6":[0,0],"7":[0,0]},"f":{"1":0,"2":0,"3":0,"4":0},"l":{"4":0,"5":0,"7":0,"9":0,"10":0,"11":0,"12":0,"17":0,"18":0,"20":0,"24":0,"31":0,"32":0,"36":0,"43":0,"44":0,"46":0,"47":0,"50":0,"52":0,"53":0,"56":0,"57":0,"64":0,"68":0,"70":0,"71":0,"73":0,"74":0,"75":0,"79":0}},
"src\\extension\\windows\\wpfPlatform.ts":{"path":"src\\extension\\windows\\wpfPlatform.ts","statementMap":{"1":{"start":{"line":4,"column":0},"end":{"line":4,"column":-1}},"2":{"start":{"line":5,"column":0},"end":{"line":5,"column":-1}},"3":{"start":{"line":6,"column":0},"end":{"line":6,"column":-1}},"4":{"start":{"line":10,"column":0},"end":{"line":10,"column":-1}},"5":{"start":{"line":11,"column":0},"end":{"line":11,"column":-1}},"6":{"start":{"line":12,"column":0},"end":{"line":12,"column":-1}},"7":{"start":{"line":13,"column":0},"end":{"line":13,"column":-1}},"8":{"start":{"line":21,"column":8},"end":{"line":21,"column":7}},"9":{"start":{"line":20,"column":26},"end":{"line":20,"column":25}},"10":{"start":{"line":25,"column":8},"end":{"line":25,"column":7}},"11":{"start":{"line":32,"column":8},"end":{"line":32,"column":7}},"12":{"start":{"line":33,"column":12},"end":{"line":33,"column":11}},"13":{"start":{"line":35,"column":12},"end":{"line":37,"column":13}},"14":{"start":{"line":36,"column":16},"end":{"line":36,"column":15}},"15":{"start":{"line":39,"column":12},"end":{"line":39,"column":11}},"16":{"start":{"line":41,"column":20},"end":{"line":43,"column":21}},"17":{"start":{"line":42,"column":24},"end":{"line":42,"column":23}},"18":{"start":{"line":45,"column":20},"end":{"line":47,"column":21}},"19":{"start":{"line":46,"column":24},"end":{"line":46,"column":23}},"20":{"start":{"line":49,"column":20},"end":{"line":49,"column":19}},"21":{"start":{"line":50,"column":20},"end":{"line":50,"column":19}},"22":{"start":{"line":51,"column":24},"end":{"line":51,"column":23}},"23":{"start":{"line":53,"column":24},"end":{"line":53,"column":23}},"24":{"start":{"line":55,"column":32},"end":{"line":55,"column":31}},"25":{"start":{"line":56,"column":32},"end":{"line":56,"column":31}},"26":{"start":{"line":57,"column":32},"end":{"line":57,"column":31}},"27":{"start":{"line":58,"column":32},"end":{"line":58,"column":31}},"28":{"start":{"line":59,"column":36},"end":{"line":59,"column":35}},"29":{"start":{"line":60,"column":36},"end":{"line":63,"column":37}},"30":{"start":{"line":61,"column":40},"end":{"line":61,"column":39}},"31":{"start":{"line":62,"column":40},"end":{"line":62,"column":39}},"32":{"start":{"line":66,"column":32},"end":{"line":66,"column":31}},"33":{"start":{"line":67,"column":36},"end":{"line":69,"column":37}},"34":{"start":{"line":68,"column":40},"end":{"line":68,"column":39}},"35":{"start":{"line":72,"column":32},"end":{"line":72,"column":31}},"36":{"start":{"line":73,"column":36},"end":{"line":72,"column":57}},"37":{"start":{"line":19,"column":19},"end":{"line":19,"column":18}},"38":{"start":{"line":18,"column":0},"end":{"line":18,"column":-1}}},"fnMap":{"1":{"name":"(anonymous_1)","line":20,"loc":{"start":{"line":20,"column":4},"end":{"line":20,"column":95}}},"2":{"name":"(anonymous_2)","line":24,"loc":{"start":{"line":24,"column":11},"end":{"line":24,"column":45}}}},"branchMap":{"1":{"line":35,"type":"if","locations":[{"start":{"line":35,"column":12},"end":{"line":35,"column":11}},{"start":{"line":35,"column":12},"end":{"line":35,"column":11}}]},"2":{"line":41,"type":"if","locations":[{"start":{"line":41,"column":20},"end":{"line":41,"column":19}},{"start":{"line":41,"column":20},"end":{"line":41,"column":19}}]},"3":{"line":45,"type":"if","locations":[{"start":{"line":45,"column":20},"end":{"line":45,"column":19}},{"start":{"line":45,"column":20},"end":{"line":45,"column":19}}]},"4":{"line":45,"type":"binary-expr","locations":[{"start":{"line":45,"column":24},"end":{"line":45,"column":23}},{"start":{"line":45,"column":105},"end":{"line":45,"column":20}}]},"5":{"line":60,"type":"if","locations":[{"start":{"line":60,"column":36},"end":{"line":60,"column":35}},{"start":{"line":60,"column":36},"end":{"line":60,"column":35}}]},"6":{"line":60,"type":"binary-expr","locations":[{"start":{"line":60,"column":40},"end":{"line":60,"column":39}},{"start":{"line":60,"column":53},"end":{"line":60,"column":36}}]},"7":{"line":67,"type":"if","locations":[{"start":{"line":67,"column":36},"end":{"line":67,"column":35}},{"start":{"line":67,"column":36},"end":{"line":67,"column":35}}]}},"s":{"1":0,"2":0,"3":0,"4":0,"5":0,"6":0,"7":0,"8":0,"9":0,"10":0,"11":0,"12":0,"13":0,"14":0,"15":0,"16":0,"17":0,"18":0,"19":0,"20":0,"21":0,"22":0,"23":0,"24":0,"25":0,"26":0,"27":0,"28":0,"29":0,"30":0,"31":0,"32":0,"33":0,"34":0,"35":0,"36":0,"37":0,"38":0},"b":{"1":[0,0],"2":[0,0],"3":[0,0],"4":[0,0],"5":[0,0],"6":[0,0],"7":[0,0]},"f":{"1":0,"2":0},"l":{"4":0,"5":0,"6":0,"10":0,"11":0,"12":0,"13":0,"18":0,"19":0,"20":0,"21":0,"25":0,"32":0,"33":0,"35":0,"36":0,"39":0,"41":0,"42":0,"45":0,"46":0,"49":0,"50":0,"51":0,"53":0,"55":0,"56":0,"57":0,"58":0,"59":0,"60":0,"61":0,"62":0,"66":0,"67":0,"68":0,"72":0,"73":0}}}
