{
"d:\\_work\\1\\s\\src\\common\\commandExecutor.js":{"path":"d:\\_work\\1\\s\\src\\common\\commandExecutor.js","s":{"1":1,"2":1,"3":1,"4":1,"5":1,"6":1,"7":1,"8":1,"9":1,"10":1,"11":1,"12":1,"13":1,"14":1,"15":1,"16":1,"17":0,"18":0,"19":0,"20":0,"21":0,"22":0,"23":0,"24":0,"25":0,"26":0,"27":0,"28":0,"29":0,"30":0,"31":0,"32":0,"33":0,"34":0,"35":0,"36":0,"37":0,"38":0,"39":0,"40":0,"41":0,"42":0,"43":0,"44":0,"45":0,"46":0,"47":0,"48":0,"49":0,"50":0,"51":0,"52":0,"53":0,"54":0,"55":0,"56":0,"57":0,"58":0,"59":0,"60":0,"61":0,"62":0,"63":0,"64":0,"65":0,"66":0,"67":0,"68":0,"69":0,"70":0,"71":0,"72":0,"73":0,"74":0,"75":0,"76":0,"77":0,"78":0,"79":0,"80":0,"81":0,"82":0,"83":0,"84":0,"85":0,"86":0,"87":0,"88":0,"89":0,"90":0,"91":0,"92":0,"93":0,"94":0,"95":0,"96":1,"97":1,"98":1},"b":{"1":[1,1],"2":[1,1],"3":[0,0,0],"4":[0,0],"5":[0,0],"6":[0,0],"7":[0,0],"8":[0,0],"9":[0,0],"10":[0,0],"11":[0,0],"12":[0,0],"13":[0,0,0]},"f":{"1":1,"2":1,"3":0,"4":0,"5":0,"6":0,"7":0,"8":0,"9":0,"10":0,"11":0,"12":0,"13":0},"fnMap":{"1":{"name":"(anonymous_1)","line":13,"loc":{"start":{"line":12,"column":1},"end":{"line":12,"column":29}}},"2":{"name":"(anonymous_2)","line":19,"loc":{"start":{"line":18,"column":1},"end":{"line":18,"column":26}}},"3":{"name":"(anonymous_3)","line":24,"loc":{"start":{"line":23,"column":4},"end":{"line":23,"column":97}}},"4":{"name":"(anonymous_4)","line":29,"loc":{"start":{"line":28,"column":4},"end":{"line":28,"column":35}}},"5":{"name":"(anonymous_5)","line":43,"loc":{"start":{"line":43,"column":4},"end":{"line":43,"column":39}}},"6":{"name":"(anonymous_6)","line":49,"loc":{"start":{"line":49,"column":4},"end":{"line":49,"column":43}}},"7":{"name":"(anonymous_7)","line":56,"loc":{"start":{"line":56,"column":4},"end":{"line":56,"column":28}}},"8":{"name":"(anonymous_8)","line":73,"loc":{"start":{"line":73,"column":4},"end":{"line":73,"column":39}}},"9":{"name":"(anonymous_9)","line":93,"loc":{"start":{"line":95,"column":4},"end":{"line":95,"column":56}}},"10":{"name":"(anonymous_10)","line":104,"loc":{"start":{"line":106,"column":4},"end":{"line":106,"column":87}}},"11":{"name":"(anonymous_11)","line":147,"loc":{"start":{"line":151,"column":4},"end":{"line":151,"column":51}}},"12":{"name":"(anonymous_12)","line":161,"loc":{"start":{"line":165,"column":4},"end":{"line":165,"column":49}}},"13":{"name":"(anonymous_13)","line":164,"loc":{"start":{"line":168,"column":4},"end":{"line":168,"column":51}}}},"statementMap":{"1":{"start":{"line":4,"column":0},"end":{"line":4,"column":0}},"2":{"start":{"line":5,"column":0},"end":{"line":5,"column":0}},"3":{"start":{"line":6,"column":0},"end":{"line":6,"column":0}},"4":{"start":{"line":7,"column":0},"end":{"line":7,"column":0}},"5":{"start":{"line":8,"column":0},"end":{"line":8,"column":0}},"6":{"start":{"line":9,"column":0},"end":{"line":9,"column":0}},"7":{"start":{"line":10,"column":0},"end":{"line":10,"column":0}},"8":{"start":{"line":11,"column":0},"end":{"line":11,"column":0}},"9":{"start":{"line":12,"column":0},"end":{"line":12,"column":0}},"10":{"start":{"line":13,"column":4},"end":{"line":13,"column":4}},"11":{"start":{"line":14,"column":4},"end":{"line":14,"column":4}},"12":{"start":{"line":15,"column":4},"end":{"line":15,"column":4}},"13":{"start":{"line":17,"column":0},"end":{"line":17,"column":0}},"14":{"start":{"line":18,"column":0},"end":{"line":18,"column":0}},"15":{"start":{"line":19,"column":4},"end":{"line":19,"column":4}},"16":{"start":{"line":20,"column":4},"end":{"line":20,"column":4}},"17":{"start":{"line":24,"column":8},"end":{"line":24,"column":8}},"18":{"start":{"line":25,"column":8},"end":{"line":25,"column":8}},"19":{"start":{"line":26,"column":8},"end":{"line":26,"column":8}},"20":{"start":{"line":29,"column":8},"end":{"line":29,"column":8}},"21":{"start":{"line":30,"column":8},"end":{"line":30,"column":8}},"22":{"start":{"line":32,"column":12},"end":{"line":32,"column":12}},"23":{"start":{"line":33,"column":12},"end":{"line":33,"column":12}},"24":{"start":{"line":34,"column":23},"end":{"line":30,"column":15}},"25":{"start":{"line":44,"column":8},"end":{"line":44,"column":8}},"26":{"start":{"line":50,"column":8},"end":{"line":50,"column":8}},"27":{"start":{"line":57,"column":8},"end":{"line":57,"column":8}},"28":{"start":{"line":58,"column":8},"end":{"line":58,"column":8}},"29":{"start":{"line":59,"column":8},"end":{"line":59,"column":8}},"30":{"start":{"line":60,"column":8},"end":{"line":60,"column":8}},"31":{"start":{"line":61,"column":8},"end":{"line":61,"column":8}},"32":{"start":{"line":62,"column":12},"end":{"line":62,"column":12}},"33":{"start":{"line":64,"column":8},"end":{"line":64,"column":8}},"34":{"start":{"line":65,"column":12},"end":{"line":65,"column":12}},"35":{"start":{"line":66,"column":12},"end":{"line":66,"column":12}},"36":{"start":{"line":68,"column":8},"end":{"line":68,"column":8}},"37":{"start":{"line":74,"column":8},"end":{"line":90,"column":9}},"38":{"start":{"line":75,"column":12},"end":{"line":75,"column":12}},"39":{"start":{"line":76,"column":16},"end":{"line":82,"column":17}},"40":{"start":{"line":77,"column":20},"end":{"line":77,"column":20}},"41":{"start":{"line":80,"column":20},"end":{"line":80,"column":20}},"42":{"start":{"line":81,"column":20},"end":{"line":81,"column":20}},"43":{"start":{"line":84,"column":16},"end":{"line":84,"column":16}},"44":{"start":{"line":88,"column":12},"end":{"line":88,"column":12}},"45":{"start":{"line":89,"column":12},"end":{"line":89,"column":12}},"46":{"start":{"line":96,"column":8},"end":{"line":96,"column":8}},"47":{"start":{"line":97,"column":8},"end":{"line":97,"column":8}},"48":{"start":{"line":107,"column":8},"end":{"line":107,"column":8}},"49":{"start":{"line":108,"column":8},"end":{"line":108,"column":8}},"50":{"start":{"line":109,"column":8},"end":{"line":109,"column":8}},"51":{"start":{"line":110,"column":8},"end":{"line":110,"column":8}},"52":{"start":{"line":111,"column":8},"end":{"line":111,"column":8}},"53":{"start":{"line":112,"column":8},"end":{"line":112,"column":8}},"54":{"start":{"line":113,"column":12},"end":{"line":113,"column":12}},"55":{"start":{"line":114,"column":12},"end":{"line":117,"column":13}},"56":{"start":{"line":115,"column":16},"end":{"line":115,"column":16}},"57":{"start":{"line":116,"column":16},"end":{"line":116,"column":16}},"58":{"start":{"line":119,"column":8},"end":{"line":121,"column":9}},"59":{"start":{"line":120,"column":12},"end":{"line":120,"column":12}},"60":{"start":{"line":122,"column":8},"end":{"line":122,"column":8}},"61":{"start":{"line":123,"column":8},"end":{"line":123,"column":8}},"62":{"start":{"line":124,"column":12},"end":{"line":129,"column":13}},"63":{"start":{"line":125,"column":16},"end":{"line":125,"column":16}},"64":{"start":{"line":127,"column":17},"end":{"line":129,"column":13}},"65":{"start":{"line":128,"column":16},"end":{"line":128,"column":16}},"66":{"start":{"line":131,"column":8},"end":{"line":131,"column":8}},"67":{"start":{"line":132,"column":12},"end":{"line":137,"column":13}},"68":{"start":{"line":133,"column":16},"end":{"line":133,"column":16}},"69":{"start":{"line":135,"column":17},"end":{"line":137,"column":13}},"70":{"start":{"line":136,"column":16},"end":{"line":136,"column":16}},"71":{"start":{"line":139,"column":8},"end":{"line":139,"column":8}},"72":{"start":{"line":140,"column":12},"end":{"line":142,"column":13}},"73":{"start":{"line":141,"column":16},"end":{"line":141,"column":16}},"74":{"start":{"line":143,"column":12},"end":{"line":143,"column":12}},"75":{"start":{"line":144,"column":12},"end":{"line":144,"column":12}},"76":{"start":{"line":146,"column":12},"end":{"line":146,"column":12}},"77":{"start":{"line":147,"column":12},"end":{"line":147,"column":12}},"78":{"start":{"line":149,"column":8},"end":{"line":149,"column":8}},"79":{"start":{"line":152,"column":8},"end":{"line":152,"column":8}},"80":{"start":{"line":153,"column":8},"end":{"line":153,"column":8}},"81":{"start":{"line":154,"column":8},"end":{"line":154,"column":8}},"82":{"start":{"line":155,"column":8},"end":{"line":155,"column":8}},"83":{"start":{"line":156,"column":8},"end":{"line":156,"column":8}},"84":{"start":{"line":157,"column":12},"end":{"line":157,"column":12}},"85":{"start":{"line":159,"column":8},"end":{"line":159,"column":8}},"86":{"start":{"line":160,"column":12},"end":{"line":160,"column":12}},"87":{"start":{"line":162,"column":8},"end":{"line":162,"column":8}},"88":{"start":{"line":162,"column":51},"end":{"line":162,"column":25}},"89":{"start":{"line":162,"column":156},"end":{"line":162,"column":25}},"90":{"start":{"line":163,"column":8},"end":{"line":163,"column":8}},"91":{"start":{"line":166,"column":8},"end":{"line":166,"column":8}},"92":{"start":{"line":169,"column":8},"end":{"line":169,"column":8}},"93":{"start":{"line":171,"column":16},"end":{"line":171,"column":16}},"94":{"start":{"line":173,"column":16},"end":{"line":173,"column":16}},"95":{"start":{"line":175,"column":16},"end":{"line":175,"column":16}},"96":{"start":{"line":179,"column":0},"end":{"line":179,"column":0}},"97":{"start":{"line":180,"column":0},"end":{"line":180,"column":0}},"98":{"start":{"line":181,"column":0},"end":{"line":181,"column":0}}},"branchMap":{"1":{"line":17,"type":"binary-expr","locations":[{"start":{"line":16,"column":22},"end":{"line":16,"column":22}},{"start":{"line":16,"column":51},"end":{"line":16,"column":22}}]},"2":{"line":22,"type":"binary-expr","locations":[{"start":{"line":21,"column":19},"end":{"line":21,"column":19}},{"start":{"line":21,"column":45},"end":{"line":21,"column":19}}]},"3":{"line":66,"type":"binary-expr","locations":[{"start":{"line":66,"column":29},"end":{"line":66,"column":29}},{"start":{"line":66,"column":38},"end":{"line":66,"column":29}},{"start":{"line":66,"column":50},"end":{"line":66,"column":12}}]},"4":{"line":74,"type":"if","locations":[{"start":{"line":74,"column":8},"end":{"line":74,"column":8}},{"start":{"line":74,"column":8},"end":{"line":74,"column":8}}]},"5":{"line":76,"type":"if","locations":[{"start":{"line":76,"column":16},"end":{"line":76,"column":16}},{"start":{"line":76,"column":16},"end":{"line":76,"column":16}}]},"6":{"line":112,"type":"if","locations":[{"start":{"line":114,"column":12},"end":{"line":114,"column":12}},{"start":{"line":114,"column":12},"end":{"line":114,"column":12}}]},"7":{"line":117,"type":"if","locations":[{"start":{"line":119,"column":8},"end":{"line":119,"column":8}},{"start":{"line":119,"column":8},"end":{"line":119,"column":8}}]},"8":{"line":122,"type":"if","locations":[{"start":{"line":124,"column":12},"end":{"line":124,"column":12}},{"start":{"line":124,"column":12},"end":{"line":124,"column":12}}]},"9":{"line":124,"type":"if","locations":[{"start":{"line":127,"column":17},"end":{"line":127,"column":17}},{"start":{"line":127,"column":17},"end":{"line":127,"column":17}}]},"10":{"line":129,"type":"if","locations":[{"start":{"line":132,"column":12},"end":{"line":132,"column":12}},{"start":{"line":132,"column":12},"end":{"line":132,"column":12}}]},"11":{"line":131,"type":"if","locations":[{"start":{"line":135,"column":17},"end":{"line":135,"column":17}},{"start":{"line":135,"column":17},"end":{"line":135,"column":17}}]},"12":{"line":136,"type":"if","locations":[{"start":{"line":140,"column":12},"end":{"line":140,"column":12}},{"start":{"line":140,"column":12},"end":{"line":140,"column":12}}]},"13":{"line":165,"type":"switch","locations":[{"start":{"line":170,"column":12},"end":{"line":171,"column":16}},{"start":{"line":172,"column":12},"end":{"line":173,"column":16}},{"start":{"line":174,"column":12},"end":{"line":175,"column":16}}]}},"l":{"4":1,"5":1,"6":1,"7":1,"8":1,"9":1,"10":1,"11":1,"12":1,"13":1,"14":1,"15":1,"17":1,"18":1,"19":1,"20":1,"24":0,"25":0,"26":0,"29":0,"30":0,"32":0,"33":0,"34":0,"44":0,"50":0,"57":0,"58":0,"59":0,"60":0,"61":0,"62":0,"64":0,"65":0,"66":0,"68":0,"74":0,"75":0,"76":0,"77":0,"80":0,"81":0,"84":0,"88":0,"89":0,"96":0,"97":0,"107":0,"108":0,"109":0,"110":0,"111":0,"112":0,"113":0,"114":0,"115":0,"116":0,"119":0,"120":0,"122":0,"123":0,"124":0,"125":0,"127":0,"128":0,"131":0,"132":0,"133":0,"135":0,"136":0,"139":0,"140":0,"141":0,"143":0,"144":0,"146":0,"147":0,"149":0,"152":0,"153":0,"154":0,"155":0,"156":0,"157":0,"159":0,"160":0,"162":0,"163":0,"166":0,"169":0,"171":0,"173":0,"175":0,"179":1,"180":1,"181":1}},
"d:\\_work\\1\\s\\src\\common\\configurationReader.js":{"path":"d:\\_work\\1\\s\\src\\common\\configurationReader.js","s":{"1":0,"2":0,"3":0,"4":0,"5":0,"6":0,"7":0,"8":0,"9":0,"10":0,"11":0,"12":0,"13":0,"14":0,"15":0,"16":0,"17":0,"18":0,"19":0,"20":0,"21":0,"22":0,"23":0,"24":0,"25":0,"26":0,"27":0,"28":0,"29":0,"30":0,"31":0,"32":0},"b":{"1":[0,0],"2":[0,0],"3":[0,0],"4":[0,0],"5":[0,0],"6":[0,0],"7":[0,0],"8":[0,0],"9":[0,0],"10":[0,0],"11":[0,0]},"f":{"1":0,"2":0,"3":0,"4":0,"5":0,"6":0,"7":0,"8":0,"9":0,"10":0,"11":0,"12":0,"13":0},"fnMap":{"1":{"name":"(anonymous_1)","line":9,"loc":{"start":{"line":8,"column":4},"end":{"line":8,"column":29}}},"2":{"name":"(anonymous_2)","line":16,"loc":{"start":{"line":16,"column":4},"end":{"line":16,"column":30}}},"3":{"name":"(anonymous_3)","line":25,"loc":{"start":{"line":27,"column":4},"end":{"line":27,"column":28}}},"4":{"name":"(anonymous_4)","line":32,"loc":{"start":{"line":35,"column":4},"end":{"line":35,"column":29}}},"5":{"name":"(anonymous_5)","line":40,"loc":{"start":{"line":44,"column":4},"end":{"line":44,"column":26}}},"6":{"name":"(anonymous_6)","line":52,"loc":{"start":{"line":58,"column":4},"end":{"line":58,"column":55}}},"7":{"name":"(anonymous_7)","line":55,"loc":{"start":{"line":61,"column":4},"end":{"line":61,"column":63}}},"8":{"name":"(anonymous_8)","line":60,"loc":{"start":{"line":66,"column":4},"end":{"line":66,"column":26}}},"9":{"name":"(anonymous_9)","line":63,"loc":{"start":{"line":69,"column":4},"end":{"line":69,"column":27}}},"10":{"name":"(anonymous_10)","line":66,"loc":{"start":{"line":72,"column":4},"end":{"line":72,"column":27}}},"11":{"name":"(anonymous_11)","line":69,"loc":{"start":{"line":75,"column":4},"end":{"line":75,"column":28}}},"12":{"name":"(anonymous_12)","line":72,"loc":{"start":{"line":78,"column":4},"end":{"line":78,"column":24}}},"13":{"name":"(anonymous_13)","line":75,"loc":{"start":{"line":81,"column":4},"end":{"line":81,"column":27}}}},"statementMap":{"1":{"start":{"line":4,"column":0},"end":{"line":4,"column":0}},"2":{"start":{"line":5,"column":0},"end":{"line":5,"column":0}},"3":{"start":{"line":6,"column":0},"end":{"line":6,"column":0}},"4":{"start":{"line":9,"column":8},"end":{"line":14,"column":9}},"5":{"start":{"line":10,"column":12},"end":{"line":10,"column":12}},"6":{"start":{"line":13,"column":12},"end":{"line":13,"column":12}},"7":{"start":{"line":17,"column":8},"end":{"line":25,"column":9}},"8":{"start":{"line":18,"column":12},"end":{"line":18,"column":12}},"9":{"start":{"line":20,"column":13},"end":{"line":25,"column":9}},"10":{"start":{"line":21,"column":12},"end":{"line":21,"column":12}},"11":{"start":{"line":24,"column":12},"end":{"line":24,"column":12}},"12":{"start":{"line":28,"column":8},"end":{"line":33,"column":9}},"13":{"start":{"line":29,"column":12},"end":{"line":29,"column":12}},"14":{"start":{"line":32,"column":12},"end":{"line":32,"column":12}},"15":{"start":{"line":36,"column":8},"end":{"line":41,"column":9}},"16":{"start":{"line":37,"column":12},"end":{"line":37,"column":12}},"17":{"start":{"line":40,"column":12},"end":{"line":40,"column":12}},"18":{"start":{"line":45,"column":8},"end":{"line":53,"column":9}},"19":{"start":{"line":46,"column":12},"end":{"line":46,"column":12}},"20":{"start":{"line":48,"column":13},"end":{"line":53,"column":9}},"21":{"start":{"line":49,"column":12},"end":{"line":49,"column":12}},"22":{"start":{"line":52,"column":12},"end":{"line":52,"column":12}},"23":{"start":{"line":59,"column":8},"end":{"line":59,"column":8}},"24":{"start":{"line":62,"column":8},"end":{"line":62,"column":8}},"25":{"start":{"line":63,"column":12},"end":{"line":63,"column":12}},"26":{"start":{"line":67,"column":8},"end":{"line":67,"column":8}},"27":{"start":{"line":70,"column":8},"end":{"line":70,"column":8}},"28":{"start":{"line":73,"column":8},"end":{"line":73,"column":8}},"29":{"start":{"line":76,"column":8},"end":{"line":76,"column":8}},"30":{"start":{"line":79,"column":8},"end":{"line":79,"column":8}},"31":{"start":{"line":82,"column":8},"end":{"line":82,"column":8}},"32":{"start":{"line":85,"column":0},"end":{"line":85,"column":0}}},"branchMap":{"1":{"line":10,"type":"if","locations":[{"start":{"line":9,"column":8},"end":{"line":9,"column":8}},{"start":{"line":9,"column":8},"end":{"line":9,"column":8}}]},"2":{"line":17,"type":"if","locations":[{"start":{"line":17,"column":8},"end":{"line":17,"column":8}},{"start":{"line":17,"column":8},"end":{"line":17,"column":8}}]},"3":{"line":19,"type":"if","locations":[{"start":{"line":20,"column":13},"end":{"line":20,"column":13}},{"start":{"line":20,"column":13},"end":{"line":20,"column":13}}]},"4":{"line":19,"type":"binary-expr","locations":[{"start":{"line":20,"column":17},"end":{"line":20,"column":17}},{"start":{"line":20,"column":37},"end":{"line":20,"column":13}}]},"5":{"line":26,"type":"if","locations":[{"start":{"line":28,"column":8},"end":{"line":28,"column":8}},{"start":{"line":28,"column":8},"end":{"line":28,"column":8}}]},"6":{"line":33,"type":"if","locations":[{"start":{"line":36,"column":8},"end":{"line":36,"column":8}},{"start":{"line":36,"column":8},"end":{"line":36,"column":8}}]},"7":{"line":41,"type":"if","locations":[{"start":{"line":45,"column":8},"end":{"line":45,"column":8}},{"start":{"line":45,"column":8},"end":{"line":45,"column":8}}]},"8":{"line":43,"type":"if","locations":[{"start":{"line":48,"column":13},"end":{"line":48,"column":13}},{"start":{"line":48,"column":13},"end":{"line":48,"column":13}}]},"9":{"line":53,"type":"cond-expr","locations":[{"start":{"line":59,"column":23},"end":{"line":59,"column":15}},{"start":{"line":59,"column":45},"end":{"line":59,"column":8}}]},"10":{"line":64,"type":"binary-expr","locations":[{"start":{"line":70,"column":15},"end":{"line":70,"column":15}},{"start":{"line":70,"column":44},"end":{"line":70,"column":8}}]},"11":{"line":73,"type":"binary-expr","locations":[{"start":{"line":79,"column":15},"end":{"line":79,"column":15}},{"start":{"line":79,"column":39},"end":{"line":79,"column":8}}]}},"l":{"4":0,"5":0,"6":0,"9":0,"10":0,"13":0,"17":0,"18":0,"20":0,"21":0,"24":0,"28":0,"29":0,"32":0,"36":0,"37":0,"40":0,"45":0,"46":0,"48":0,"49":0,"52":0,"59":0,"62":0,"63":0,"67":0,"70":0,"73":0,"76":0,"79":0,"82":0,"85":0}},
"d:\\_work\\1\\s\\src\\common\\entryPointHandler.js":{"path":"d:\\_work\\1\\s\\src\\common\\entryPointHandler.js","s":{"1":0,"2":0,"3":0,"4":0,"5":0,"6":0,"7":0,"8":0,"9":0,"10":0,"11":0,"12":0,"13":0,"14":0,"15":0,"16":0,"17":0,"18":0,"19":0,"20":0,"21":0,"22":0,"23":0,"24":0,"25":0,"26":0,"27":0,"28":0,"29":0},"b":{"1":[0,0],"2":[0,0],"3":[0,0],"4":[0,0]},"f":{"1":0,"2":0,"3":0,"4":0,"5":0,"6":0},"fnMap":{"1":{"name":"(anonymous_1)","line":11,"loc":{"start":{"line":10,"column":1},"end":{"line":10,"column":24}}},"2":{"name":"(anonymous_2)","line":18,"loc":{"start":{"line":17,"column":4},"end":{"line":17,"column":75}}},"3":{"name":"(anonymous_3)","line":23,"loc":{"start":{"line":22,"column":4},"end":{"line":22,"column":68}}},"4":{"name":"(anonymous_4)","line":26,"loc":{"start":{"line":25,"column":4},"end":{"line":25,"column":87}}},"5":{"name":"(anonymous_5)","line":30,"loc":{"start":{"line":29,"column":4},"end":{"line":29,"column":60}}},"6":{"name":"(anonymous_6)","line":39,"loc":{"start":{"line":39,"column":4},"end":{"line":39,"column":54}}}},"statementMap":{"1":{"start":{"line":4,"column":0},"end":{"line":4,"column":0}},"2":{"start":{"line":5,"column":0},"end":{"line":5,"column":0}},"3":{"start":{"line":6,"column":0},"end":{"line":6,"column":0}},"4":{"start":{"line":7,"column":0},"end":{"line":7,"column":0}},"5":{"start":{"line":8,"column":0},"end":{"line":8,"column":0}},"6":{"start":{"line":9,"column":0},"end":{"line":9,"column":0}},"7":{"start":{"line":10,"column":0},"end":{"line":10,"column":0}},"8":{"start":{"line":11,"column":4},"end":{"line":11,"column":4}},"9":{"start":{"line":12,"column":4},"end":{"line":12,"column":4}},"10":{"start":{"line":13,"column":4},"end":{"line":13,"column":4}},"11":{"start":{"line":18,"column":8},"end":{"line":18,"column":8}},"12":{"start":{"line":19,"column":8},"end":{"line":19,"column":8}},"13":{"start":{"line":23,"column":8},"end":{"line":23,"column":8}},"14":{"start":{"line":26,"column":8},"end":{"line":26,"column":8}},"15":{"start":{"line":30,"column":8},"end":{"line":37,"column":9}},"16":{"start":{"line":31,"column":12},"end":{"line":31,"column":12}},"17":{"start":{"line":32,"column":12},"end":{"line":32,"column":12}},"18":{"start":{"line":35,"column":12},"end":{"line":35,"column":12}},"19":{"start":{"line":36,"column":12},"end":{"line":36,"column":12}},"20":{"start":{"line":40,"column":8},"end":{"line":40,"column":8}},"21":{"start":{"line":41,"column":12},"end":{"line":41,"column":12}},"22":{"start":{"line":42,"column":12},"end":{"line":42,"column":12}},"23":{"start":{"line":43,"column":12},"end":{"line":43,"column":12}},"24":{"start":{"line":46,"column":12},"end":{"line":53,"column":13}},"25":{"start":{"line":47,"column":16},"end":{"line":52,"column":17}},"26":{"start":{"line":48,"column":20},"end":{"line":48,"column":20}},"27":{"start":{"line":51,"column":20},"end":{"line":51,"column":20}},"28":{"start":{"line":55,"column":8},"end":{"line":55,"column":8}},"29":{"start":{"line":58,"column":0},"end":{"line":58,"column":0}}},"branchMap":{"1":{"line":15,"type":"binary-expr","locations":[{"start":{"line":14,"column":17},"end":{"line":14,"column":17}},{"start":{"line":14,"column":41},"end":{"line":14,"column":17}}]},"2":{"line":42,"type":"binary-expr","locations":[{"start":{"line":42,"column":35},"end":{"line":42,"column":35}},{"start":{"line":42,"column":54},"end":{"line":42,"column":12}}]},"3":{"line":46,"type":"if","locations":[{"start":{"line":46,"column":12},"end":{"line":46,"column":12}},{"start":{"line":46,"column":12},"end":{"line":46,"column":12}}]},"4":{"line":47,"type":"if","locations":[{"start":{"line":47,"column":16},"end":{"line":47,"column":16}},{"start":{"line":47,"column":16},"end":{"line":47,"column":16}}]}},"l":{"4":0,"5":0,"6":0,"7":0,"8":0,"9":0,"10":0,"11":0,"12":0,"13":0,"18":0,"19":0,"23":0,"26":0,"30":0,"31":0,"32":0,"35":0,"36":0,"40":0,"41":0,"42":0,"43":0,"46":0,"47":0,"48":0,"51":0,"55":0,"58":0}},
"d:\\_work\\1\\s\\src\\common\\executionsLimiter.js":{"path":"d:\\_work\\1\\s\\src\\common\\executionsLimiter.js","s":{"1":1,"2":6,"3":2,"4":2,"5":2,"6":1,"7":1,"8":1,"9":0,"10":0,"11":0,"12":0,"13":1,"14":1},"b":{"1":[2,2],"2":[1,1],"3":[0,0]},"f":{"1":6,"2":2,"3":0,"4":0,"5":0},"fnMap":{"1":{"name":"(anonymous_1)","line":8,"loc":{"start":{"line":7,"column":4},"end":{"line":7,"column":18}}},"2":{"name":"(anonymous_2)","line":11,"loc":{"start":{"line":10,"column":4},"end":{"line":10,"column":40}}},"3":{"name":"(anonymous_3)","line":22,"loc":{"start":{"line":21,"column":4},"end":{"line":21,"column":32}}},"4":{"name":"(anonymous_4)","line":25,"loc":{"start":{"line":24,"column":4},"end":{"line":24,"column":20}}},"5":{"name":"(anonymous_5)","line":30,"loc":{"start":{"line":29,"column":4},"end":{"line":29,"column":10}}}},"statementMap":{"1":{"start":{"line":4,"column":0},"end":{"line":4,"column":0}},"2":{"start":{"line":8,"column":8},"end":{"line":8,"column":8}},"3":{"start":{"line":11,"column":8},"end":{"line":11,"column":8}},"4":{"start":{"line":12,"column":8},"end":{"line":12,"column":8}},"5":{"start":{"line":13,"column":8},"end":{"line":16,"column":9}},"6":{"start":{"line":14,"column":12},"end":{"line":14,"column":12}},"7":{"start":{"line":15,"column":12},"end":{"line":15,"column":12}},"8":{"start":{"line":19,"column":0},"end":{"line":19,"column":0}},"9":{"start":{"line":22,"column":8},"end":{"line":22,"column":8}},"10":{"start":{"line":25,"column":8},"end":{"line":27,"column":9}},"11":{"start":{"line":26,"column":12},"end":{"line":26,"column":12}},"12":{"start":{"line":30,"column":8},"end":{"line":30,"column":8}},"13":{"start":{"line":33,"column":0},"end":{"line":33,"column":0}},"14":{"start":{"line":34,"column":0},"end":{"line":34,"column":0}}},"branchMap":{"1":{"line":13,"type":"binary-expr","locations":[{"start":{"line":12,"column":30},"end":{"line":12,"column":30}},{"start":{"line":12,"column":67},"end":{"line":12,"column":8}}]},"2":{"line":14,"type":"if","locations":[{"start":{"line":13,"column":8},"end":{"line":13,"column":8}},{"start":{"line":13,"column":8},"end":{"line":13,"column":8}}]},"3":{"line":26,"type":"if","locations":[{"start":{"line":25,"column":8},"end":{"line":25,"column":8}},{"start":{"line":25,"column":8},"end":{"line":25,"column":8}}]}},"l":{"4":1,"8":6,"11":2,"12":2,"13":2,"14":1,"15":1,"19":1,"22":0,"25":0,"26":0,"30":0,"33":1,"34":1}},
"d:\\_work\\1\\s\\src\\common\\extensionMessaging.js":{"path":"d:\\_work\\1\\s\\src\\common\\extensionMessaging.js","s":{"1":1,"2":1,"3":1,"4":8,"5":8,"6":8,"7":8,"8":8,"9":1},"b":{},"f":{"1":8},"fnMap":{"1":{"name":"(anonymous_1)","line":9,"loc":{"start":{"line":8,"column":4},"end":{"line":8,"column":36}}}},"statementMap":{"1":{"start":{"line":4,"column":0},"end":{"line":4,"column":0}},"2":{"start":{"line":5,"column":0},"end":{"line":5,"column":0}},"3":{"start":{"line":6,"column":0},"end":{"line":6,"column":0}},"4":{"start":{"line":12,"column":8},"end":{"line":12,"column":8}},"5":{"start":{"line":13,"column":8},"end":{"line":13,"column":8}},"6":{"start":{"line":14,"column":8},"end":{"line":14,"column":8}},"7":{"start":{"line":15,"column":8},"end":{"line":15,"column":8}},"8":{"start":{"line":16,"column":8},"end":{"line":16,"column":8}},"9":{"start":{"line":19,"column":0},"end":{"line":19,"column":0}}},"branchMap":{},"l":{"4":1,"5":1,"6":1,"12":8,"13":8,"14":8,"15":8,"16":8,"19":1}},
"d:\\_work\\1\\s\\src\\common\\hostPlatform.js":{"path":"d:\\_work\\1\\s\\src\\common\\hostPlatform.js","s":{"1":1,"2":1,"3":1,"4":1,"5":1,"6":1,"7":1,"8":1,"9":1,"10":0,"11":0,"12":0,"13":0,"14":8,"15":0,"16":8,"17":0,"18":0,"19":0,"20":0,"21":0,"22":0,"23":0,"24":0,"25":0,"26":0,"27":0,"28":0,"29":0,"30":0,"31":0,"32":0,"33":0,"34":0,"35":0,"36":16,"37":1,"38":1,"39":1,"40":0,"41":0,"42":0,"43":0,"44":0,"45":0,"46":16,"47":0,"48":0,"49":0,"50":8,"51":0,"52":0,"53":8,"54":0,"55":1},"b":{"1":[1,1],"2":[0,0],"3":[0,0],"4":[8,0],"5":[0,0,0,0],"6":[0,0],"7":[0,0],"8":[0,0],"9":[0,0,0,0],"10":[0,0],"11":[0,0,0],"12":[1,15],"13":[1,0,0,0]},"f":{"1":1,"2":0,"3":0,"4":0,"5":0,"6":8,"7":0,"8":8,"9":0,"10":0,"11":0,"12":0,"13":0,"14":0,"15":0,"16":0,"17":0,"18":0,"19":0,"20":0,"21":0,"22":16,"23":0,"24":0,"25":0,"26":8,"27":0,"28":0,"29":8,"30":0},"fnMap":{"1":{"name":"(anonymous_1)","line":13,"loc":{"start":{"line":12,"column":1},"end":{"line":12,"column":27}}},"2":{"name":"(anonymous_2)","line":22,"loc":{"start":{"line":21,"column":4},"end":{"line":21,"column":22}}},"3":{"name":"(anonymous_3)","line":25,"loc":{"start":{"line":24,"column":4},"end":{"line":24,"column":40}}},"4":{"name":"(anonymous_4)","line":28,"loc":{"start":{"line":27,"column":4},"end":{"line":27,"column":22}}},"5":{"name":"(anonymous_5)","line":31,"loc":{"start":{"line":30,"column":4},"end":{"line":30,"column":30}}},"6":{"name":"(anonymous_6)","line":34,"loc":{"start":{"line":33,"column":4},"end":{"line":33,"column":26}}},"7":{"name":"(anonymous_7)","line":37,"loc":{"start":{"line":36,"column":4},"end":{"line":36,"column":20}}},"8":{"name":"(anonymous_8)","line":40,"loc":{"start":{"line":39,"column":4},"end":{"line":39,"column":16}}},"9":{"name":"(anonymous_9)","line":43,"loc":{"start":{"line":42,"column":4},"end":{"line":42,"column":45}}},"10":{"name":"(anonymous_10)","line":55,"loc":{"start":{"line":54,"column":4},"end":{"line":54,"column":22}}},"11":{"name":"(anonymous_11)","line":58,"loc":{"start":{"line":57,"column":4},"end":{"line":57,"column":22}}},"12":{"name":"(anonymous_12)","line":61,"loc":{"start":{"line":60,"column":4},"end":{"line":60,"column":34}}},"13":{"name":"(anonymous_13)","line":64,"loc":{"start":{"line":63,"column":4},"end":{"line":63,"column":26}}},"14":{"name":"(anonymous_14)","line":72,"loc":{"start":{"line":71,"column":4},"end":{"line":71,"column":40}}},"15":{"name":"(anonymous_15)","line":75,"loc":{"start":{"line":74,"column":4},"end":{"line":74,"column":20}}},"16":{"name":"(anonymous_16)","line":78,"loc":{"start":{"line":77,"column":4},"end":{"line":77,"column":16}}},"17":{"name":"(anonymous_17)","line":81,"loc":{"start":{"line":80,"column":4},"end":{"line":80,"column":45}}},"18":{"name":"(anonymous_18)","line":96,"loc":{"start":{"line":95,"column":4},"end":{"line":95,"column":40}}},"19":{"name":"(anonymous_19)","line":99,"loc":{"start":{"line":98,"column":4},"end":{"line":98,"column":20}}},"20":{"name":"(anonymous_20)","line":102,"loc":{"start":{"line":101,"column":4},"end":{"line":101,"column":16}}},"21":{"name":"(anonymous_21)","line":105,"loc":{"start":{"line":104,"column":4},"end":{"line":104,"column":45}}},"22":{"name":"(anonymous_22)","line":122,"loc":{"start":{"line":121,"column":4},"end":{"line":121,"column":26}}},"23":{"name":"(anonymous_23)","line":141,"loc":{"start":{"line":140,"column":4},"end":{"line":140,"column":29}}},"24":{"name":"(anonymous_24)","line":144,"loc":{"start":{"line":143,"column":4},"end":{"line":143,"column":29}}},"25":{"name":"(anonymous_25)","line":147,"loc":{"start":{"line":146,"column":4},"end":{"line":146,"column":41}}},"26":{"name":"(anonymous_26)","line":150,"loc":{"start":{"line":149,"column":4},"end":{"line":149,"column":33}}},"27":{"name":"(anonymous_27)","line":153,"loc":{"start":{"line":152,"column":4},"end":{"line":152,"column":27}}},"28":{"name":"(anonymous_28)","line":156,"loc":{"start":{"line":155,"column":4},"end":{"line":155,"column":47}}},"29":{"name":"(anonymous_29)","line":160,"loc":{"start":{"line":159,"column":4},"end":{"line":159,"column":23}}},"30":{"name":"(anonymous_30)","line":163,"loc":{"start":{"line":162,"column":4},"end":{"line":162,"column":52}}}},"statementMap":{"1":{"start":{"line":4,"column":0},"end":{"line":4,"column":0}},"2":{"start":{"line":5,"column":0},"end":{"line":5,"column":0}},"3":{"start":{"line":6,"column":0},"end":{"line":6,"column":0}},"4":{"start":{"line":7,"column":0},"end":{"line":7,"column":0}},"5":{"start":{"line":11,"column":0},"end":{"line":11,"column":0}},"6":{"start":{"line":12,"column":0},"end":{"line":12,"column":0}},"7":{"start":{"line":13,"column":4},"end":{"line":13,"column":4}},"8":{"start":{"line":14,"column":4},"end":{"line":14,"column":4}},"9":{"start":{"line":15,"column":4},"end":{"line":15,"column":4}},"10":{"start":{"line":22,"column":8},"end":{"line":22,"column":8}},"11":{"start":{"line":25,"column":8},"end":{"line":25,"column":8}},"12":{"start":{"line":28,"column":8},"end":{"line":28,"column":8}},"13":{"start":{"line":31,"column":8},"end":{"line":31,"column":8}},"14":{"start":{"line":34,"column":8},"end":{"line":34,"column":8}},"15":{"start":{"line":37,"column":8},"end":{"line":37,"column":8}},"16":{"start":{"line":40,"column":8},"end":{"line":40,"column":8}},"17":{"start":{"line":43,"column":8},"end":{"line":43,"column":8}},"18":{"start":{"line":47,"column":16},"end":{"line":47,"column":16}},"19":{"start":{"line":49,"column":16},"end":{"line":49,"column":16}},"20":{"start":{"line":55,"column":8},"end":{"line":55,"column":8}},"21":{"start":{"line":58,"column":8},"end":{"line":58,"column":8}},"22":{"start":{"line":61,"column":8},"end":{"line":61,"column":8}},"23":{"start":{"line":64,"column":8},"end":{"line":64,"column":8}},"24":{"start":{"line":72,"column":8},"end":{"line":72,"column":8}},"25":{"start":{"line":75,"column":8},"end":{"line":75,"column":8}},"26":{"start":{"line":78,"column":8},"end":{"line":78,"column":8}},"27":{"start":{"line":81,"column":8},"end":{"line":81,"column":8}},"28":{"start":{"line":85,"column":16},"end":{"line":85,"column":16}},"29":{"start":{"line":87,"column":16},"end":{"line":87,"column":16}},"30":{"start":{"line":96,"column":8},"end":{"line":96,"column":8}},"31":{"start":{"line":99,"column":8},"end":{"line":99,"column":8}},"32":{"start":{"line":102,"column":8},"end":{"line":102,"column":8}},"33":{"start":{"line":105,"column":8},"end":{"line":105,"column":8}},"34":{"start":{"line":108,"column":16},"end":{"line":108,"column":16}},"35":{"start":{"line":110,"column":16},"end":{"line":110,"column":16}},"36":{"start":{"line":122,"column":8},"end":{"line":137,"column":9}},"37":{"start":{"line":123,"column":12},"end":{"line":123,"column":12}},"38":{"start":{"line":125,"column":20},"end":{"line":125,"column":20}},"39":{"start":{"line":126,"column":20},"end":{"line":126,"column":20}},"40":{"start":{"line":128,"column":20},"end":{"line":128,"column":20}},"41":{"start":{"line":129,"column":20},"end":{"line":129,"column":20}},"42":{"start":{"line":131,"column":20},"end":{"line":131,"column":20}},"43":{"start":{"line":132,"column":20},"end":{"line":132,"column":20}},"44":{"start":{"line":134,"column":20},"end":{"line":134,"column":20}},"45":{"start":{"line":135,"column":20},"end":{"line":135,"column":20}},"46":{"start":{"line":138,"column":8},"end":{"line":138,"column":8}},"47":{"start":{"line":141,"column":8},"end":{"line":141,"column":8}},"48":{"start":{"line":144,"column":8},"end":{"line":144,"column":8}},"49":{"start":{"line":147,"column":8},"end":{"line":147,"column":8}},"50":{"start":{"line":150,"column":8},"end":{"line":150,"column":8}},"51":{"start":{"line":153,"column":8},"end":{"line":153,"column":8}},"52":{"start":{"line":156,"column":8},"end":{"line":156,"column":8}},"53":{"start":{"line":160,"column":8},"end":{"line":160,"column":8}},"54":{"start":{"line":163,"column":8},"end":{"line":163,"column":8}},"55":{"start":{"line":166,"column":0},"end":{"line":166,"column":0}}},"branchMap":{"1":{"line":17,"type":"binary-expr","locations":[{"start":{"line":16,"column":20},"end":{"line":16,"column":20}},{"start":{"line":16,"column":47},"end":{"line":16,"column":20}}]},"2":{"line":23,"type":"binary-expr","locations":[{"start":{"line":22,"column":15},"end":{"line":22,"column":15}},{"start":{"line":22,"column":42},"end":{"line":22,"column":8}}]},"3":{"line":29,"type":"binary-expr","locations":[{"start":{"line":28,"column":25},"end":{"line":28,"column":25}},{"start":{"line":28,"column":48},"end":{"line":28,"column":15}}]},"4":{"line":41,"type":"binary-expr","locations":[{"start":{"line":40,"column":15},"end":{"line":40,"column":15}},{"start":{"line":40,"column":39},"end":{"line":40,"column":8}}]},"5":{"line":44,"type":"switch","locations":[{"start":{"line":44,"column":12},"end":{"line":44,"column":12}},{"start":{"line":45,"column":12},"end":{"line":45,"column":12}},{"start":{"line":46,"column":12},"end":{"line":47,"column":16}},{"start":{"line":48,"column":12},"end":{"line":49,"column":16}}]},"6":{"line":56,"type":"binary-expr","locations":[{"start":{"line":55,"column":15},"end":{"line":55,"column":15}},{"start":{"line":55,"column":35},"end":{"line":55,"column":8}}]},"7":{"line":59,"type":"binary-expr","locations":[{"start":{"line":58,"column":25},"end":{"line":58,"column":25}},{"start":{"line":58,"column":45},"end":{"line":58,"column":15}}]},"8":{"line":79,"type":"binary-expr","locations":[{"start":{"line":78,"column":15},"end":{"line":78,"column":15}},{"start":{"line":78,"column":38},"end":{"line":78,"column":8}}]},"9":{"line":82,"type":"switch","locations":[{"start":{"line":82,"column":12},"end":{"line":82,"column":12}},{"start":{"line":83,"column":12},"end":{"line":83,"column":12}},{"start":{"line":84,"column":12},"end":{"line":85,"column":16}},{"start":{"line":86,"column":12},"end":{"line":87,"column":16}}]},"10":{"line":103,"type":"binary-expr","locations":[{"start":{"line":102,"column":15},"end":{"line":102,"column":15}},{"start":{"line":102,"column":35},"end":{"line":102,"column":8}}]},"11":{"line":106,"type":"switch","locations":[{"start":{"line":106,"column":12},"end":{"line":106,"column":12}},{"start":{"line":107,"column":12},"end":{"line":108,"column":16}},{"start":{"line":109,"column":12},"end":{"line":110,"column":16}}]},"12":{"line":123,"type":"if","locations":[{"start":{"line":122,"column":8},"end":{"line":122,"column":8}},{"start":{"line":122,"column":8},"end":{"line":122,"column":8}}]},"13":{"line":124,"type":"switch","locations":[{"start":{"line":124,"column":16},"end":{"line":126,"column":20}},{"start":{"line":127,"column":16},"end":{"line":129,"column":20}},{"start":{"line":130,"column":16},"end":{"line":132,"column":20}},{"start":{"line":133,"column":16},"end":{"line":135,"column":20}}]}},"l":{"4":1,"5":1,"6":1,"7":1,"11":1,"12":1,"13":1,"14":1,"15":1,"22":0,"25":0,"28":0,"31":0,"34":8,"37":0,"40":8,"43":0,"47":0,"49":0,"55":0,"58":0,"61":0,"64":0,"72":0,"75":0,"78":0,"81":0,"85":0,"87":0,"96":0,"99":0,"102":0,"105":0,"108":0,"110":0,"122":16,"123":1,"125":1,"126":1,"128":0,"129":0,"131":0,"132":0,"134":0,"135":0,"138":16,"141":0,"144":0,"147":0,"150":8,"153":0,"156":0,"160":8,"163":0,"166":1}},
"d:\\_work\\1\\s\\src\\common\\nestedError.js":{"path":"d:\\_work\\1\\s\\src\\common\\nestedError.js","s":{"1":0,"2":0,"3":0,"4":0,"5":0,"6":0,"7":0,"8":0,"9":0},"b":{"1":[0,0]},"f":{"1":0,"2":0},"fnMap":{"1":{"name":"(anonymous_1)","line":7,"loc":{"start":{"line":6,"column":4},"end":{"line":6,"column":45}}},"2":{"name":"(anonymous_2)","line":15,"loc":{"start":{"line":14,"column":4},"end":{"line":14,"column":17}}}},"statementMap":{"1":{"start":{"line":4,"column":0},"end":{"line":4,"column":0}},"2":{"start":{"line":7,"column":8},"end":{"line":7,"column":8}},"3":{"start":{"line":8,"column":8},"end":{"line":8,"column":8}},"4":{"start":{"line":9,"column":8},"end":{"line":9,"column":8}},"5":{"start":{"line":10,"column":8},"end":{"line":10,"column":8}},"6":{"start":{"line":11,"column":8},"end":{"line":11,"column":8}},"7":{"start":{"line":12,"column":8},"end":{"line":12,"column":8}},"8":{"start":{"line":15,"column":8},"end":{"line":15,"column":8}},"9":{"start":{"line":18,"column":0},"end":{"line":18,"column":0}}},"branchMap":{"1":{"line":12,"type":"cond-expr","locations":[{"start":{"line":11,"column":39},"end":{"line":11,"column":23}},{"start":{"line":11,"column":70},"end":{"line":11,"column":8}}]}},"l":{"4":0,"7":0,"8":0,"9":0,"10":0,"11":0,"12":0,"15":0,"18":0}},
"d:\\_work\\1\\s\\src\\common\\outputVerifier.js":{"path":"d:\\_work\\1\\s\\src\\common\\outputVerifier.js","s":{"1":0,"2":0,"3":0,"4":0,"5":0,"6":0,"7":0,"8":0,"9":0,"10":0,"11":0,"12":0,"13":0,"14":0,"15":0,"16":0,"17":0,"18":0,"19":0,"20":0,"21":0,"22":0,"23":0,"24":0,"25":0,"26":0,"27":0,"28":0,"29":0,"30":0},"b":{"1":[0,0],"2":[0,0],"3":[0,0],"4":[0,0]},"f":{"1":0,"2":0,"3":0,"4":0,"5":0},"fnMap":{"1":{"name":"(anonymous_1)","line":10,"loc":{"start":{"line":9,"column":4},"end":{"line":9,"column":84}}},"2":{"name":"(anonymous_2)","line":17,"loc":{"start":{"line":16,"column":4},"end":{"line":16,"column":25}}},"3":{"name":"(anonymous_3)","line":41,"loc":{"start":{"line":41,"column":4},"end":{"line":41,"column":26}}},"4":{"name":"(anonymous_4)","line":47,"loc":{"start":{"line":47,"column":4},"end":{"line":47,"column":36}}},"5":{"name":"(anonymous_5)","line":55,"loc":{"start":{"line":57,"column":4},"end":{"line":57,"column":50}}}},"statementMap":{"1":{"start":{"line":4,"column":0},"end":{"line":4,"column":0}},"2":{"start":{"line":5,"column":0},"end":{"line":5,"column":0}},"3":{"start":{"line":10,"column":8},"end":{"line":10,"column":8}},"4":{"start":{"line":11,"column":8},"end":{"line":11,"column":8}},"5":{"start":{"line":12,"column":8},"end":{"line":12,"column":8}},"6":{"start":{"line":13,"column":8},"end":{"line":13,"column":8}},"7":{"start":{"line":14,"column":8},"end":{"line":14,"column":8}},"8":{"start":{"line":18,"column":8},"end":{"line":18,"column":8}},"9":{"start":{"line":18,"column":54},"end":{"line":18,"column":8}},"10":{"start":{"line":19,"column":8},"end":{"line":19,"column":8}},"11":{"start":{"line":19,"column":54},"end":{"line":19,"column":8}},"12":{"start":{"line":20,"column":8},"end":{"line":20,"column":8}},"13":{"start":{"line":23,"column":12},"end":{"line":23,"column":12}},"14":{"start":{"line":24,"column":12},"end":{"line":29,"column":13}},"15":{"start":{"line":25,"column":16},"end":{"line":24,"column":32}},"16":{"start":{"line":28,"column":16},"end":{"line":27,"column":17}},"17":{"start":{"line":31,"column":12},"end":{"line":30,"column":35}},"18":{"start":{"line":32,"column":16},"end":{"line":32,"column":16}},"19":{"start":{"line":36,"column":16},"end":{"line":36,"column":16}},"20":{"start":{"line":38,"column":12},"end":{"line":38,"column":12}},"21":{"start":{"line":42,"column":8},"end":{"line":42,"column":8}},"22":{"start":{"line":43,"column":12},"end":{"line":43,"column":12}},"23":{"start":{"line":48,"column":8},"end":{"line":48,"column":8}},"24":{"start":{"line":49,"column":8},"end":{"line":49,"column":8}},"25":{"start":{"line":50,"column":12},"end":{"line":50,"column":12}},"26":{"start":{"line":54,"column":8},"end":{"line":54,"column":8}},"27":{"start":{"line":58,"column":8},"end":{"line":58,"column":8}},"28":{"start":{"line":59,"column":12},"end":{"line":59,"column":12}},"29":{"start":{"line":60,"column":12},"end":{"line":60,"column":12}},"30":{"start":{"line":64,"column":0},"end":{"line":64,"column":0}}},"branchMap":{"1":{"line":25,"type":"if","locations":[{"start":{"line":24,"column":12},"end":{"line":24,"column":12}},{"start":{"line":24,"column":12},"end":{"line":24,"column":12}}]},"2":{"line":31,"type":"if","locations":[{"start":{"line":31,"column":12},"end":{"line":31,"column":12}},{"start":{"line":31,"column":12},"end":{"line":31,"column":12}}]},"3":{"line":50,"type":"cond-expr","locations":[{"start":{"line":51,"column":16},"end":{"line":50,"column":19}},{"start":{"line":52,"column":16},"end":{"line":50,"column":12}}]},"4":{"line":52,"type":"cond-expr","locations":[{"start":{"line":54,"column":37},"end":{"line":54,"column":15}},{"start":{"line":54,"column":67},"end":{"line":54,"column":8}}]}},"l":{"4":0,"5":0,"10":0,"11":0,"12":0,"13":0,"14":0,"18":0,"19":0,"20":0,"23":0,"24":0,"25":0,"28":0,"31":0,"32":0,"36":0,"38":0,"42":0,"43":0,"48":0,"49":0,"50":0,"54":0,"58":0,"59":0,"60":0,"64":0}},
"d:\\_work\\1\\s\\src\\common\\packager.js":{"path":"d:\\_work\\1\\s\\src\\common\\packager.js","s":{"1":0,"2":0,"3":0,"4":0,"5":0,"6":0,"7":0,"8":0,"9":0,"10":0,"11":0,"12":0,"13":0,"14":0,"15":0,"16":0,"17":0,"18":0,"19":0,"20":0,"21":0,"22":0,"23":0,"24":0,"25":0,"26":0,"27":0,"28":0,"29":0,"30":0,"31":0,"32":0,"33":0,"34":0,"35":0,"36":0,"37":0,"38":0,"39":0,"40":0,"41":0,"42":0,"43":0,"44":0,"45":0,"46":0,"47":0,"48":0,"49":0,"50":0,"51":0,"52":0,"53":0,"54":0,"55":0,"56":0,"57":0,"58":0,"59":0,"60":0,"61":0,"62":0,"63":0,"64":0,"65":0,"66":0,"67":0,"68":0,"69":0,"70":0,"71":0,"72":0,"73":0,"74":0,"75":0,"76":0,"77":0,"78":0,"79":0,"80":0,"81":0,"82":0,"83":0,"84":0,"85":0,"86":0,"87":0,"88":0,"89":0,"90":0,"91":0,"92":0,"93":0,"94":0,"95":0,"96":0,"97":0,"98":0,"99":0,"100":0,"101":0,"102":0,"103":0,"104":0,"105":0,"106":0,"107":0,"108":0,"109":0,"110":0,"111":0,"112":0,"113":0,"114":0,"115":0,"116":0,"117":0,"118":0,"119":0,"120":0,"121":0,"122":0,"123":0,"124":0,"125":0,"126":0,"127":0,"128":0,"129":0,"130":0,"131":0,"132":0,"133":0,"134":0,"135":0,"136":0,"137":0,"138":0,"139":0,"140":0,"141":0,"142":0,"143":0,"144":0,"145":0,"146":0,"147":0,"148":0,"149":0,"150":0,"151":0,"152":0,"153":0,"154":0,"155":0,"156":0,"157":0,"158":0,"159":0,"160":0,"161":0,"162":0,"163":0,"164":0,"165":0,"166":0,"167":0,"168":0,"169":0},"b":{"1":[0,0],"2":[0,0],"3":[0,0],"4":[0,0],"5":[0,0],"6":[0,0],"7":[0,0],"8":[0,0],"9":[0,0],"10":[0,0],"11":[0,0],"12":[0,0],"13":[0,0],"14":[0,0],"15":[0,0],"16":[0,0],"17":[0,0],"18":[0,0],"19":[0,0],"20":[0,0],"21":[0,0],"22":[0,0],"23":[0,0],"24":[0,0],"25":[0,0],"26":[0,0],"27":[0,0]},"f":{"1":0,"2":0,"3":0,"4":0,"5":0,"6":0,"7":0,"8":0,"9":0,"10":0,"11":0,"12":0,"13":0,"14":0,"15":0,"16":0,"17":0},"fnMap":{"1":{"name":"(anonymous_1)","line":23,"loc":{"start":{"line":22,"column":4},"end":{"line":22,"column":83}}},"2":{"name":"(anonymous_2)","line":32,"loc":{"start":{"line":31,"column":4},"end":{"line":31,"column":15}}},"3":{"name":"(anonymous_3)","line":35,"loc":{"start":{"line":34,"column":4},"end":{"line":34,"column":32}}},"4":{"name":"(anonymous_4)","line":38,"loc":{"start":{"line":37,"column":4},"end":{"line":37,"column":26}}},"5":{"name":"(anonymous_5)","line":41,"loc":{"start":{"line":40,"column":4},"end":{"line":40,"column":14}}},"6":{"name":"(anonymous_6)","line":44,"loc":{"start":{"line":43,"column":4},"end":{"line":43,"column":24}}},"7":{"name":"(anonymous_7)","line":47,"loc":{"start":{"line":46,"column":4},"end":{"line":46,"column":51}}},"8":{"name":"(anonymous_8)","line":71,"loc":{"start":{"line":73,"column":4},"end":{"line":73,"column":30}}},"9":{"name":"(anonymous_9)","line":118,"loc":{"start":{"line":127,"column":4},"end":{"line":127,"column":25}}},"10":{"name":"(anonymous_10)","line":140,"loc":{"start":{"line":151,"column":4},"end":{"line":151,"column":18}}},"11":{"name":"(anonymous_11)","line":163,"loc":{"start":{"line":178,"column":4},"end":{"line":178,"column":33}}},"12":{"name":"(anonymous_12)","line":194,"loc":{"start":{"line":215,"column":4},"end":{"line":215,"column":16}}},"13":{"name":"(anonymous_13)","line":202,"loc":{"start":{"line":224,"column":4},"end":{"line":224,"column":46}}},"14":{"name":"(anonymous_14)","line":206,"loc":{"start":{"line":228,"column":4},"end":{"line":228,"column":21}}},"15":{"name":"(anonymous_15)","line":219,"loc":{"start":{"line":244,"column":4},"end":{"line":244,"column":34}}},"16":{"name":"(anonymous_16)","line":239,"loc":{"start":{"line":266,"column":4},"end":{"line":266,"column":26}}},"17":{"name":"(anonymous_17)","line":261,"loc":{"start":{"line":292,"column":4},"end":{"line":292,"column":32}}}},"statementMap":{"1":{"start":{"line":4,"column":0},"end":{"line":4,"column":0}},"2":{"start":{"line":5,"column":0},"end":{"line":5,"column":0}},"3":{"start":{"line":6,"column":0},"end":{"line":6,"column":0}},"4":{"start":{"line":7,"column":0},"end":{"line":7,"column":0}},"5":{"start":{"line":8,"column":0},"end":{"line":8,"column":0}},"6":{"start":{"line":9,"column":0},"end":{"line":9,"column":0}},"7":{"start":{"line":10,"column":0},"end":{"line":10,"column":0}},"8":{"start":{"line":11,"column":0},"end":{"line":11,"column":0}},"9":{"start":{"line":12,"column":0},"end":{"line":12,"column":0}},"10":{"start":{"line":13,"column":0},"end":{"line":13,"column":0}},"11":{"start":{"line":14,"column":0},"end":{"line":14,"column":0}},"12":{"start":{"line":15,"column":0},"end":{"line":15,"column":0}},"13":{"start":{"line":16,"column":0},"end":{"line":16,"column":0}},"14":{"start":{"line":17,"column":0},"end":{"line":17,"column":0}},"15":{"start":{"line":18,"column":0},"end":{"line":18,"column":0}},"16":{"start":{"line":19,"column":0},"end":{"line":19,"column":0}},"17":{"start":{"line":20,"column":0},"end":{"line":20,"column":0}},"18":{"start":{"line":23,"column":8},"end":{"line":23,"column":8}},"19":{"start":{"line":24,"column":8},"end":{"line":24,"column":8}},"20":{"start":{"line":25,"column":8},"end":{"line":25,"column":8}},"21":{"start":{"line":26,"column":8},"end":{"line":26,"column":8}},"22":{"start":{"line":27,"column":8},"end":{"line":27,"column":8}},"23":{"start":{"line":28,"column":8},"end":{"line":28,"column":8}},"24":{"start":{"line":29,"column":8},"end":{"line":29,"column":8}},"25":{"start":{"line":32,"column":8},"end":{"line":32,"column":8}},"26":{"start":{"line":35,"column":8},"end":{"line":35,"column":8}},"27":{"start":{"line":38,"column":8},"end":{"line":38,"column":8}},"28":{"start":{"line":41,"column":8},"end":{"line":41,"column":8}},"29":{"start":{"line":44,"column":8},"end":{"line":44,"column":8}},"30":{"start":{"line":47,"column":8},"end":{"line":47,"column":8}},"31":{"start":{"line":48,"column":8},"end":{"line":50,"column":9}},"32":{"start":{"line":49,"column":12},"end":{"line":49,"column":12}},"33":{"start":{"line":51,"column":8},"end":{"line":51,"column":8}},"34":{"start":{"line":53,"column":12},"end":{"line":55,"column":13}},"35":{"start":{"line":54,"column":16},"end":{"line":54,"column":16}},"36":{"start":{"line":57,"column":12},"end":{"line":59,"column":13}},"37":{"start":{"line":58,"column":16},"end":{"line":58,"column":16}},"38":{"start":{"line":60,"column":12},"end":{"line":60,"column":12}},"39":{"start":{"line":62,"column":16},"end":{"line":62,"column":16}},"40":{"start":{"line":63,"column":20},"end":{"line":63,"column":20}},"41":{"start":{"line":65,"column":16},"end":{"line":65,"column":16}},"42":{"start":{"line":68,"column":16},"end":{"line":68,"column":16}},"43":{"start":{"line":69,"column":16},"end":{"line":69,"column":16}},"44":{"start":{"line":74,"column":8},"end":{"line":74,"column":8}},"45":{"start":{"line":75,"column":8},"end":{"line":75,"column":8}},"46":{"start":{"line":76,"column":8},"end":{"line":76,"column":8}},"47":{"start":{"line":77,"column":8},"end":{"line":77,"column":8}},"48":{"start":{"line":79,"column":12},"end":{"line":81,"column":13}},"49":{"start":{"line":80,"column":16},"end":{"line":80,"column":16}},"50":{"start":{"line":82,"column":12},"end":{"line":82,"column":12}},"51":{"start":{"line":83,"column":12},"end":{"line":83,"column":12}},"52":{"start":{"line":85,"column":16},"end":{"line":85,"column":16}},"53":{"start":{"line":88,"column":16},"end":{"line":88,"column":16}},"54":{"start":{"line":89,"column":16},"end":{"line":89,"column":16}},"55":{"start":{"line":95,"column":16},"end":{"line":95,"column":16}},"56":{"start":{"line":96,"column":16},"end":{"line":96,"column":16}},"57":{"start":{"line":100,"column":16},"end":{"line":100,"column":16}},"58":{"start":{"line":103,"column":16},"end":{"line":103,"column":16}},"59":{"start":{"line":104,"column":16},"end":{"line":104,"column":16}},"60":{"start":{"line":105,"column":16},"end":{"line":105,"column":16}},"61":{"start":{"line":106,"column":16},"end":{"line":91,"column":32}},"62":{"start":{"line":107,"column":16},"end":{"line":107,"column":16}},"63":{"start":{"line":111,"column":12},"end":{"line":111,"column":12}},"64":{"start":{"line":114,"column":12},"end":{"line":114,"column":12}},"65":{"start":{"line":115,"column":12},"end":{"line":124,"column":13}},"66":{"start":{"line":116,"column":16},"end":{"line":116,"column":16}},"67":{"start":{"line":117,"column":16},"end":{"line":117,"column":16}},"68":{"start":{"line":120,"column":16},"end":{"line":120,"column":16}},"69":{"start":{"line":121,"column":16},"end":{"line":123,"column":17}},"70":{"start":{"line":122,"column":20},"end":{"line":122,"column":20}},"71":{"start":{"line":128,"column":8},"end":{"line":128,"column":8}},"72":{"start":{"line":129,"column":8},"end":{"line":129,"column":8}},"73":{"start":{"line":131,"column":12},"end":{"line":145,"column":13}},"74":{"start":{"line":132,"column":16},"end":{"line":137,"column":17}},"75":{"start":{"line":133,"column":20},"end":{"line":135,"column":21}},"76":{"start":{"line":134,"column":24},"end":{"line":134,"column":24}},"77":{"start":{"line":136,"column":20},"end":{"line":136,"column":20}},"78":{"start":{"line":138,"column":16},"end":{"line":138,"column":16}},"79":{"start":{"line":141,"column":16},"end":{"line":143,"column":17}},"80":{"start":{"line":142,"column":20},"end":{"line":142,"column":20}},"81":{"start":{"line":144,"column":16},"end":{"line":144,"column":16}},"82":{"start":{"line":147,"column":12},"end":{"line":147,"column":12}},"83":{"start":{"line":148,"column":12},"end":{"line":148,"column":12}},"84":{"start":{"line":152,"column":8},"end":{"line":154,"column":9}},"85":{"start":{"line":153,"column":12},"end":{"line":153,"column":12}},"86":{"start":{"line":155,"column":8},"end":{"line":155,"column":8}},"87":{"start":{"line":157,"column":12},"end":{"line":167,"column":13}},"88":{"start":{"line":158,"column":16},"end":{"line":161,"column":17}},"89":{"start":{"line":159,"column":20},"end":{"line":159,"column":20}},"90":{"start":{"line":160,"column":20},"end":{"line":160,"column":20}},"91":{"start":{"line":162,"column":16},"end":{"line":162,"column":16}},"92":{"start":{"line":162,"column":61},"end":{"line":162,"column":23}},"93":{"start":{"line":165,"column":16},"end":{"line":165,"column":16}},"94":{"start":{"line":166,"column":16},"end":{"line":166,"column":16}},"95":{"start":{"line":170,"column":12},"end":{"line":175,"column":13}},"96":{"start":{"line":171,"column":16},"end":{"line":171,"column":16}},"97":{"start":{"line":174,"column":16},"end":{"line":174,"column":16}},"98":{"start":{"line":179,"column":8},"end":{"line":181,"column":9}},"99":{"start":{"line":180,"column":12},"end":{"line":180,"column":12}},"100":{"start":{"line":182,"column":8},"end":{"line":182,"column":8}},"101":{"start":{"line":184,"column":12},"end":{"line":186,"column":13}},"102":{"start":{"line":185,"column":16},"end":{"line":185,"column":16}},"103":{"start":{"line":187,"column":12},"end":{"line":187,"column":12}},"104":{"start":{"line":188,"column":12},"end":{"line":183,"column":29}},"105":{"start":{"line":189,"column":12},"end":{"line":189,"column":12}},"106":{"start":{"line":191,"column":16},"end":{"line":191,"column":16}},"107":{"start":{"line":192,"column":16},"end":{"line":201,"column":17}},"108":{"start":{"line":193,"column":20},"end":{"line":193,"column":20}},"109":{"start":{"line":195,"column":21},"end":{"line":201,"column":17}},"110":{"start":{"line":196,"column":20},"end":{"line":196,"column":20}},"111":{"start":{"line":199,"column":20},"end":{"line":199,"column":20}},"112":{"start":{"line":200,"column":20},"end":{"line":200,"column":20}},"113":{"start":{"line":202,"column":16},"end":{"line":202,"column":16}},"114":{"start":{"line":203,"column":16},"end":{"line":203,"column":16}},"115":{"start":{"line":204,"column":16},"end":{"line":204,"column":16}},"116":{"start":{"line":206,"column":20},"end":{"line":206,"column":20}},"117":{"start":{"line":216,"column":8},"end":{"line":216,"column":8}},"118":{"start":{"line":217,"column":8},"end":{"line":217,"column":8}},"119":{"start":{"line":219,"column":12},"end":{"line":219,"column":12}},"120":{"start":{"line":221,"column":12},"end":{"line":221,"column":12}},"121":{"start":{"line":225,"column":8},"end":{"line":225,"column":8}},"122":{"start":{"line":226,"column":8},"end":{"line":226,"column":8}},"123":{"start":{"line":226,"column":35},"end":{"line":226,"column":15}},"124":{"start":{"line":226,"column":66},"end":{"line":226,"column":15}},"125":{"start":{"line":229,"column":8},"end":{"line":242,"column":9}},"126":{"start":{"line":230,"column":12},"end":{"line":230,"column":12}},"127":{"start":{"line":231,"column":12},"end":{"line":231,"column":12}},"128":{"start":{"line":232,"column":12},"end":{"line":232,"column":12}},"129":{"start":{"line":235,"column":12},"end":{"line":235,"column":12}},"130":{"start":{"line":236,"column":12},"end":{"line":236,"column":12}},"131":{"start":{"line":236,"column":53},"end":{"line":236,"column":25}},"132":{"start":{"line":236,"column":92},"end":{"line":236,"column":53}},"133":{"start":{"line":241,"column":12},"end":{"line":241,"column":12}},"134":{"start":{"line":245,"column":8},"end":{"line":245,"column":8}},"135":{"start":{"line":246,"column":8},"end":{"line":246,"column":8}},"136":{"start":{"line":248,"column":8},"end":{"line":248,"column":8}},"137":{"start":{"line":250,"column":12},"end":{"line":250,"column":12}},"138":{"start":{"line":252,"column":12},"end":{"line":252,"column":12}},"139":{"start":{"line":253,"column":12},"end":{"line":253,"column":12}},"140":{"start":{"line":255,"column":12},"end":{"line":262,"column":13}},"141":{"start":{"line":257,"column":16},"end":{"line":257,"column":16}},"142":{"start":{"line":260,"column":20},"end":{"line":260,"column":20}},"143":{"start":{"line":263,"column":12},"end":{"line":263,"column":12}},"144":{"start":{"line":267,"column":8},"end":{"line":267,"column":8}},"145":{"start":{"line":268,"column":8},"end":{"line":268,"column":8}},"146":{"start":{"line":269,"column":12},"end":{"line":269,"column":12}},"147":{"start":{"line":270,"column":12},"end":{"line":270,"column":12}},"148":{"start":{"line":271,"column":12},"end":{"line":271,"column":12}},"149":{"start":{"line":273,"column":16},"end":{"line":288,"column":17}},"150":{"start":{"line":274,"column":20},"end":{"line":274,"column":20}},"151":{"start":{"line":275,"column":20},"end":{"line":275,"column":20}},"152":{"start":{"line":277,"column":24},"end":{"line":277,"column":24}},"153":{"start":{"line":280,"column":24},"end":{"line":282,"column":25}},"154":{"start":{"line":281,"column":28},"end":{"line":281,"column":28}},"155":{"start":{"line":283,"column":24},"end":{"line":283,"column":24}},"156":{"start":{"line":287,"column":20},"end":{"line":287,"column":20}},"157":{"start":{"line":293,"column":8},"end":{"line":293,"column":8}},"158":{"start":{"line":296,"column":8},"end":{"line":298,"column":9}},"159":{"start":{"line":297,"column":12},"end":{"line":297,"column":12}},"160":{"start":{"line":299,"column":8},"end":{"line":299,"column":8}},"161":{"start":{"line":302,"column":0},"end":{"line":302,"column":0}},"162":{"start":{"line":303,"column":0},"end":{"line":303,"column":0}},"163":{"start":{"line":304,"column":0},"end":{"line":304,"column":0}},"164":{"start":{"line":305,"column":0},"end":{"line":305,"column":0}},"165":{"start":{"line":306,"column":0},"end":{"line":306,"column":0}},"166":{"start":{"line":307,"column":0},"end":{"line":307,"column":0}},"167":{"start":{"line":308,"column":0},"end":{"line":308,"column":0}},"168":{"start":{"line":309,"column":0},"end":{"line":309,"column":0}},"169":{"start":{"line":310,"column":0},"end":{"line":310,"column":0}}},"branchMap":{"1":{"line":29,"type":"binary-expr","locations":[{"start":{"line":28,"column":39},"end":{"line":28,"column":39}},{"start":{"line":28,"column":66},"end":{"line":28,"column":8}}]},"2":{"line":33,"type":"binary-expr","locations":[{"start":{"line":32,"column":15},"end":{"line":32,"column":15}},{"start":{"line":32,"column":36},"end":{"line":32,"column":8}}]},"3":{"line":49,"type":"if","locations":[{"start":{"line":48,"column":8},"end":{"line":48,"column":8}},{"start":{"line":48,"column":8},"end":{"line":48,"column":8}}]},"4":{"line":53,"type":"if","locations":[{"start":{"line":53,"column":12},"end":{"line":53,"column":12}},{"start":{"line":53,"column":12},"end":{"line":53,"column":12}}]},"5":{"line":57,"type":"if","locations":[{"start":{"line":57,"column":12},"end":{"line":57,"column":12}},{"start":{"line":57,"column":12},"end":{"line":57,"column":12}}]},"6":{"line":76,"type":"if","locations":[{"start":{"line":79,"column":12},"end":{"line":79,"column":12}},{"start":{"line":79,"column":12},"end":{"line":79,"column":12}}]},"7":{"line":92,"type":"cond-expr","locations":[{"start":{"line":98,"column":76},"end":{"line":98,"column":34}},{"start":{"line":98,"column":85},"end":{"line":98,"column":85}}]},"8":{"line":107,"type":"if","locations":[{"start":{"line":115,"column":12},"end":{"line":115,"column":12}},{"start":{"line":115,"column":12},"end":{"line":115,"column":12}}]},"9":{"line":112,"type":"if","locations":[{"start":{"line":121,"column":16},"end":{"line":121,"column":16}},{"start":{"line":121,"column":16},"end":{"line":121,"column":16}}]},"10":{"line":121,"type":"if","locations":[{"start":{"line":131,"column":12},"end":{"line":131,"column":12}},{"start":{"line":131,"column":12},"end":{"line":131,"column":12}}]},"11":{"line":122,"type":"if","locations":[{"start":{"line":132,"column":16},"end":{"line":132,"column":16}},{"start":{"line":132,"column":16},"end":{"line":132,"column":16}}]},"12":{"line":123,"type":"if","locations":[{"start":{"line":133,"column":20},"end":{"line":133,"column":20}},{"start":{"line":133,"column":20},"end":{"line":133,"column":20}}]},"13":{"line":130,"type":"if","locations":[{"start":{"line":141,"column":16},"end":{"line":141,"column":16}},{"start":{"line":141,"column":16},"end":{"line":141,"column":16}}]},"14":{"line":141,"type":"if","locations":[{"start":{"line":152,"column":8},"end":{"line":152,"column":8}},{"start":{"line":152,"column":8},"end":{"line":152,"column":8}}]},"15":{"line":141,"type":"binary-expr","locations":[{"start":{"line":152,"column":12},"end":{"line":152,"column":12}},{"start":{"line":152,"column":25},"end":{"line":152,"column":8}}]},"16":{"line":145,"type":"if","locations":[{"start":{"line":157,"column":12},"end":{"line":157,"column":12}},{"start":{"line":157,"column":12},"end":{"line":157,"column":12}}]},"17":{"line":146,"type":"if","locations":[{"start":{"line":158,"column":16},"end":{"line":158,"column":16}},{"start":{"line":158,"column":16},"end":{"line":158,"column":16}}]},"18":{"line":156,"type":"if","locations":[{"start":{"line":170,"column":12},"end":{"line":170,"column":12}},{"start":{"line":170,"column":12},"end":{"line":170,"column":12}}]},"19":{"line":164,"type":"if","locations":[{"start":{"line":179,"column":8},"end":{"line":179,"column":8}},{"start":{"line":179,"column":8},"end":{"line":179,"column":8}}]},"20":{"line":168,"type":"if","locations":[{"start":{"line":184,"column":12},"end":{"line":184,"column":12}},{"start":{"line":184,"column":12},"end":{"line":184,"column":12}}]},"21":{"line":175,"type":"if","locations":[{"start":{"line":192,"column":16},"end":{"line":192,"column":16}},{"start":{"line":192,"column":16},"end":{"line":192,"column":16}}]},"22":{"line":177,"type":"if","locations":[{"start":{"line":195,"column":21},"end":{"line":195,"column":21}},{"start":{"line":195,"column":21},"end":{"line":195,"column":21}}]},"23":{"line":214,"type":"cond-expr","locations":[{"start":{"line":237,"column":18},"end":{"line":236,"column":92}},{"start":{"line":238,"column":18},"end":{"line":236,"column":53}}]},"24":{"line":229,"type":"if","locations":[{"start":{"line":255,"column":12},"end":{"line":255,"column":12}},{"start":{"line":255,"column":12},"end":{"line":255,"column":12}}]},"25":{"line":245,"type":"if","locations":[{"start":{"line":273,"column":16},"end":{"line":273,"column":16}},{"start":{"line":273,"column":16},"end":{"line":273,"column":16}}]},"26":{"line":250,"type":"if","locations":[{"start":{"line":280,"column":24},"end":{"line":280,"column":24}},{"start":{"line":280,"column":24},"end":{"line":280,"column":24}}]},"27":{"line":265,"type":"if","locations":[{"start":{"line":296,"column":8},"end":{"line":296,"column":8}},{"start":{"line":296,"column":8},"end":{"line":296,"column":8}}]}},"l":{"4":0,"5":0,"6":0,"7":0,"8":0,"9":0,"10":0,"11":0,"12":0,"13":0,"14":0,"15":0,"16":0,"17":0,"18":0,"19":0,"20":0,"23":0,"24":0,"25":0,"26":0,"27":0,"28":0,"29":0,"32":0,"35":0,"38":0,"41":0,"44":0,"47":0,"48":0,"49":0,"51":0,"53":0,"54":0,"57":0,"58":0,"60":0,"62":0,"63":0,"65":0,"68":0,"69":0,"74":0,"75":0,"76":0,"77":0,"79":0,"80":0,"82":0,"83":0,"85":0,"88":0,"89":0,"95":0,"96":0,"100":0,"103":0,"104":0,"105":0,"106":0,"107":0,"111":0,"114":0,"115":0,"116":0,"117":0,"120":0,"121":0,"122":0,"128":0,"129":0,"131":0,"132":0,"133":0,"134":0,"136":0,"138":0,"141":0,"142":0,"144":0,"147":0,"148":0,"152":0,"153":0,"155":0,"157":0,"158":0,"159":0,"160":0,"162":0,"165":0,"166":0,"170":0,"171":0,"174":0,"179":0,"180":0,"182":0,"184":0,"185":0,"187":0,"188":0,"189":0,"191":0,"192":0,"193":0,"195":0,"196":0,"199":0,"200":0,"202":0,"203":0,"204":0,"206":0,"216":0,"217":0,"219":0,"221":0,"225":0,"226":0,"229":0,"230":0,"231":0,"232":0,"235":0,"236":0,"241":0,"245":0,"246":0,"248":0,"250":0,"252":0,"253":0,"255":0,"257":0,"260":0,"263":0,"267":0,"268":0,"269":0,"270":0,"271":0,"273":0,"274":0,"275":0,"277":0,"280":0,"281":0,"283":0,"287":0,"293":0,"296":0,"297":0,"299":0,"302":0,"303":0,"304":0,"305":0,"306":0,"307":0,"308":0,"309":0,"310":0}},
"d:\\_work\\1\\s\\src\\common\\packagerStatus.js":{"path":"d:\\_work\\1\\s\\src\\common\\packagerStatus.js","s":{"1":1,"2":1,"3":1,"4":1,"5":0,"6":0,"7":0,"8":0,"9":1},"b":{"1":[0,0]},"f":{"1":0},"fnMap":{"1":{"name":"ensurePackagerRunning","line":8,"loc":{"start":{"line":7,"column":0},"end":{"line":7,"column":69}}}},"statementMap":{"1":{"start":{"line":4,"column":0},"end":{"line":4,"column":0}},"2":{"start":{"line":5,"column":0},"end":{"line":5,"column":0}},"3":{"start":{"line":6,"column":0},"end":{"line":6,"column":0}},"4":{"start":{"line":7,"column":0},"end":{"line":18,"column":1}},"5":{"start":{"line":8,"column":4},"end":{"line":8,"column":4}},"6":{"start":{"line":9,"column":4},"end":{"line":9,"column":4}},"7":{"start":{"line":11,"column":8},"end":{"line":11,"column":8}},"8":{"start":{"line":16,"column":8},"end":{"line":16,"column":8}},"9":{"start":{"line":19,"column":0},"end":{"line":19,"column":0}}},"branchMap":{"1":{"line":11,"type":"cond-expr","locations":[{"start":{"line":12,"column":12},"end":{"line":11,"column":15}},{"start":{"line":13,"column":12},"end":{"line":11,"column":8}}]}},"l":{"4":1,"5":1,"6":1,"7":1,"8":0,"9":0,"11":0,"16":0,"19":1}},
"d:\\_work\\1\\s\\src\\common\\reactNativeProjectHelper.js":{"path":"d:\\_work\\1\\s\\src\\common\\reactNativeProjectHelper.js","s":{"1":1,"2":1,"3":1,"4":1,"5":1,"6":0,"7":0,"8":0,"9":0,"10":0,"11":0,"12":0,"13":0,"14":0,"15":0,"16":0,"17":1},"b":{"1":[0,0],"2":[0,0],"3":[0,0],"4":[0,0],"5":[0,0]},"f":{"1":0,"2":0,"3":0,"4":0},"fnMap":{"1":{"name":"(anonymous_1)","line":11,"loc":{"start":{"line":10,"column":4},"end":{"line":10,"column":49}}},"2":{"name":"(anonymous_2)","line":15,"loc":{"start":{"line":14,"column":4},"end":{"line":14,"column":46}}},"3":{"name":"(anonymous_3)","line":22,"loc":{"start":{"line":21,"column":4},"end":{"line":21,"column":45}}},"4":{"name":"(anonymous_4)","line":30,"loc":{"start":{"line":30,"column":4},"end":{"line":30,"column":38}}}},"statementMap":{"1":{"start":{"line":4,"column":0},"end":{"line":4,"column":0}},"2":{"start":{"line":5,"column":0},"end":{"line":5,"column":0}},"3":{"start":{"line":6,"column":0},"end":{"line":6,"column":0}},"4":{"start":{"line":7,"column":0},"end":{"line":7,"column":0}},"5":{"start":{"line":8,"column":0},"end":{"line":8,"column":0}},"6":{"start":{"line":12,"column":8},"end":{"line":12,"column":8}},"7":{"start":{"line":15,"column":8},"end":{"line":15,"column":8}},"8":{"start":{"line":22,"column":8},"end":{"line":24,"column":9}},"9":{"start":{"line":23,"column":12},"end":{"line":23,"column":12}},"10":{"start":{"line":25,"column":8},"end":{"line":25,"column":8}},"11":{"start":{"line":27,"column":12},"end":{"line":27,"column":12}},"12":{"start":{"line":31,"column":8},"end":{"line":33,"column":9}},"13":{"start":{"line":32,"column":12},"end":{"line":32,"column":12}},"14":{"start":{"line":34,"column":8},"end":{"line":34,"column":8}},"15":{"start":{"line":35,"column":8},"end":{"line":35,"column":8}},"16":{"start":{"line":36,"column":8},"end":{"line":36,"column":8}},"17":{"start":{"line":39,"column":0},"end":{"line":39,"column":0}}},"branchMap":{"1":{"line":23,"type":"if","locations":[{"start":{"line":22,"column":8},"end":{"line":22,"column":8}},{"start":{"line":22,"column":8},"end":{"line":22,"column":8}}]},"2":{"line":23,"type":"binary-expr","locations":[{"start":{"line":22,"column":12},"end":{"line":22,"column":12}},{"start":{"line":22,"column":28},"end":{"line":22,"column":8}}]},"3":{"line":31,"type":"if","locations":[{"start":{"line":31,"column":8},"end":{"line":31,"column":8}},{"start":{"line":31,"column":8},"end":{"line":31,"column":8}}]},"4":{"line":31,"type":"binary-expr","locations":[{"start":{"line":31,"column":12},"end":{"line":31,"column":12}},{"start":{"line":31,"column":28},"end":{"line":31,"column":8}}]},"5":{"line":35,"type":"binary-expr","locations":[{"start":{"line":35,"column":28},"end":{"line":35,"column":28}},{"start":{"line":35,"column":59},"end":{"line":35,"column":8}}]}},"l":{"4":1,"5":1,"6":1,"7":1,"8":1,"12":0,"15":0,"22":0,"23":0,"25":0,"27":0,"31":0,"32":0,"34":0,"35":0,"36":0,"39":1}},
"d:\\_work\\1\\s\\src\\common\\remoteExtension.js":{"path":"d:\\_work\\1\\s\\src\\common\\remoteExtension.js","s":{"1":1,"2":1,"3":1,"4":1,"5":7,"6":7,"7":7,"8":7,"9":6,"10":7,"11":7,"12":12,"13":1,"14":0,"15":0,"16":0,"17":0,"18":0,"19":0,"20":0,"21":0,"22":0,"23":1},"b":{},"f":{"1":7,"2":7,"3":12,"4":1,"5":0,"6":0,"7":0,"8":0,"9":0,"10":0,"11":0},"fnMap":{"1":{"name":"(anonymous_1)","line":10,"loc":{"start":{"line":9,"column":4},"end":{"line":9,"column":22}}},"2":{"name":"(anonymous_2)","line":13,"loc":{"start":{"line":12,"column":4},"end":{"line":12,"column":46}}},"3":{"name":"(anonymous_3)","line":22,"loc":{"start":{"line":21,"column":4},"end":{"line":21,"column":14}}},"4":{"name":"(anonymous_4)","line":25,"loc":{"start":{"line":24,"column":4},"end":{"line":24,"column":27}}},"5":{"name":"(anonymous_5)","line":28,"loc":{"start":{"line":27,"column":4},"end":{"line":27,"column":108}}},"6":{"name":"(anonymous_6)","line":39,"loc":{"start":{"line":38,"column":4},"end":{"line":38,"column":45}}},"7":{"name":"(anonymous_7)","line":46,"loc":{"start":{"line":45,"column":4},"end":{"line":45,"column":29}}},"8":{"name":"(anonymous_8)","line":49,"loc":{"start":{"line":48,"column":4},"end":{"line":48,"column":40}}},"9":{"name":"(anonymous_9)","line":52,"loc":{"start":{"line":51,"column":4},"end":{"line":51,"column":20}}},"10":{"name":"(anonymous_10)","line":55,"loc":{"start":{"line":54,"column":4},"end":{"line":54,"column":26}}},"11":{"name":"(anonymous_11)","line":58,"loc":{"start":{"line":57,"column":4},"end":{"line":57,"column":24}}}},"statementMap":{"1":{"start":{"line":4,"column":0},"end":{"line":4,"column":0}},"2":{"start":{"line":5,"column":0},"end":{"line":5,"column":0}},"3":{"start":{"line":6,"column":0},"end":{"line":6,"column":0}},"4":{"start":{"line":7,"column":0},"end":{"line":7,"column":0}},"5":{"start":{"line":10,"column":8},"end":{"line":10,"column":8}},"6":{"start":{"line":13,"column":8},"end":{"line":13,"column":8}},"7":{"start":{"line":14,"column":8},"end":{"line":14,"column":8}},"8":{"start":{"line":15,"column":8},"end":{"line":15,"column":8}},"9":{"start":{"line":16,"column":12},"end":{"line":16,"column":12}},"10":{"start":{"line":18,"column":8},"end":{"line":18,"column":8}},"11":{"start":{"line":19,"column":8},"end":{"line":19,"column":8}},"12":{"start":{"line":22,"column":8},"end":{"line":22,"column":8}},"13":{"start":{"line":25,"column":8},"end":{"line":25,"column":8}},"14":{"start":{"line":28,"column":8},"end":{"line":28,"column":8}},"15":{"start":{"line":36,"column":8},"end":{"line":36,"column":8}},"16":{"start":{"line":39,"column":8},"end":{"line":39,"column":8}},"17":{"start":{"line":43,"column":8},"end":{"line":43,"column":8}},"18":{"start":{"line":46,"column":8},"end":{"line":46,"column":8}},"19":{"start":{"line":49,"column":8},"end":{"line":49,"column":8}},"20":{"start":{"line":52,"column":8},"end":{"line":52,"column":8}},"21":{"start":{"line":55,"column":8},"end":{"line":55,"column":8}},"22":{"start":{"line":58,"column":8},"end":{"line":58,"column":8}},"23":{"start":{"line":61,"column":0},"end":{"line":61,"column":0}}},"branchMap":{},"l":{"4":1,"5":1,"6":1,"7":1,"10":7,"13":7,"14":7,"15":7,"16":6,"18":7,"19":7,"22":12,"25":1,"28":0,"36":0,"39":0,"43":0,"46":0,"49":0,"52":0,"55":0,"58":0,"61":1}},
"d:\\_work\\1\\s\\src\\common\\targetPlatformHelper.js":{"path":"d:\\_work\\1\\s\\src\\common\\targetPlatformHelper.js","s":{"1":1,"2":1,"3":1,"4":1,"5":1,"6":1,"7":1,"8":1,"9":1,"10":1,"11":1,"12":0,"13":0,"14":0,"15":0,"16":0,"17":0,"18":0,"19":0,"20":0,"21":0,"22":0,"23":1},"b":{"1":[1,1],"2":[0,0,0,0,0,0],"3":[0,0]},"f":{"1":1,"2":0,"3":0},"fnMap":{"1":{"name":"(anonymous_1)","line":14,"loc":{"start":{"line":13,"column":1},"end":{"line":13,"column":29}}},"2":{"name":"(anonymous_2)","line":24,"loc":{"start":{"line":23,"column":4},"end":{"line":23,"column":45}}},"3":{"name":"(anonymous_3)","line":42,"loc":{"start":{"line":41,"column":4},"end":{"line":41,"column":52}}}},"statementMap":{"1":{"start":{"line":4,"column":0},"end":{"line":4,"column":0}},"2":{"start":{"line":5,"column":0},"end":{"line":5,"column":0}},"3":{"start":{"line":6,"column":0},"end":{"line":6,"column":0}},"4":{"start":{"line":7,"column":0},"end":{"line":7,"column":0}},"5":{"start":{"line":8,"column":0},"end":{"line":8,"column":0}},"6":{"start":{"line":12,"column":0},"end":{"line":12,"column":0}},"7":{"start":{"line":13,"column":0},"end":{"line":13,"column":0}},"8":{"start":{"line":14,"column":4},"end":{"line":14,"column":4}},"9":{"start":{"line":15,"column":4},"end":{"line":15,"column":4}},"10":{"start":{"line":16,"column":4},"end":{"line":16,"column":4}},"11":{"start":{"line":17,"column":4},"end":{"line":17,"column":4}},"12":{"start":{"line":24,"column":8},"end":{"line":24,"column":8}},"13":{"start":{"line":26,"column":16},"end":{"line":26,"column":16}},"14":{"start":{"line":28,"column":16},"end":{"line":28,"column":16}},"15":{"start":{"line":30,"column":16},"end":{"line":30,"column":16}},"16":{"start":{"line":33,"column":16},"end":{"line":33,"column":16}},"17":{"start":{"line":35,"column":16},"end":{"line":35,"column":16}},"18":{"start":{"line":42,"column":8},"end":{"line":42,"column":8}},"19":{"start":{"line":43,"column":8},"end":{"line":51,"column":9}},"20":{"start":{"line":44,"column":12},"end":{"line":46,"column":13}},"21":{"start":{"line":45,"column":16},"end":{"line":45,"column":16}},"22":{"start":{"line":50,"column":12},"end":{"line":50,"column":12}},"23":{"start":{"line":54,"column":0},"end":{"line":54,"column":0}}},"branchMap":{"1":{"line":19,"type":"binary-expr","locations":[{"start":{"line":18,"column":22},"end":{"line":18,"column":22}},{"start":{"line":18,"column":51},"end":{"line":18,"column":22}}]},"2":{"line":25,"type":"switch","locations":[{"start":{"line":25,"column":12},"end":{"line":26,"column":16}},{"start":{"line":27,"column":12},"end":{"line":28,"column":16}},{"start":{"line":29,"column":12},"end":{"line":30,"column":16}},{"start":{"line":31,"column":12},"end":{"line":31,"column":12}},{"start":{"line":32,"column":12},"end":{"line":33,"column":16}},{"start":{"line":34,"column":12},"end":{"line":35,"column":16}}]},"3":{"line":45,"type":"if","locations":[{"start":{"line":44,"column":12},"end":{"line":44,"column":12}},{"start":{"line":44,"column":12},"end":{"line":44,"column":12}}]}},"l":{"4":1,"5":1,"6":1,"7":1,"8":1,"12":1,"13":1,"14":1,"15":1,"16":1,"17":1,"24":0,"26":0,"28":0,"30":0,"33":0,"35":0,"42":0,"43":0,"44":0,"45":0,"50":0,"54":1}},
"d:\\_work\\1\\s\\src\\common\\telemetry.js":{"path":"d:\\_work\\1\\s\\src\\common\\telemetry.js","s":{"1":0,"2":0,"3":0,"4":0,"5":0,"6":0,"7":0,"8":0,"9":0,"10":0,"11":0,"12":0,"13":0,"14":0,"15":0,"16":0,"17":0,"18":0,"19":0,"20":0,"21":0,"22":0,"23":0,"24":0,"25":0,"26":0,"27":0,"28":0,"29":0,"30":0,"31":0,"32":0,"33":0,"34":0,"35":0,"36":0,"37":0,"38":0,"39":0,"40":0,"41":0,"42":1,"43":0,"44":0,"45":0,"46":0,"47":0,"48":1,"49":0,"50":0,"51":0,"52":0,"53":0,"54":0,"55":0,"56":0,"57":0,"58":0,"59":0,"60":0,"61":0,"62":0,"63":0,"64":0,"65":0,"66":0,"67":0,"68":1,"69":0,"70":0,"71":0,"72":0,"73":0,"74":0,"75":0},"b":{"1":[0,0],"2":[0,0],"3":[0,0],"4":[0,0],"5":[0,0],"6":[0,0],"7":[0,0],"8":[0,0],"9":[0,0],"10":[0,0,0],"11":[0,0],"12":[0,0]},"f":{"1":0,"2":0,"3":0,"4":0,"5":0,"6":0,"7":0,"8":0,"9":0,"10":0,"11":0,"12":0,"13":0,"14":0,"15":0},"fnMap":{"1":{"name":"(anonymous_1)","line":14,"loc":{"start":{"line":13,"column":1},"end":{"line":13,"column":22}}},"2":{"name":"(anonymous_2)","line":18,"loc":{"start":{"line":17,"column":8},"end":{"line":17,"column":43}}},"3":{"name":"(anonymous_3)","line":22,"loc":{"start":{"line":21,"column":8},"end":{"line":21,"column":47}}},"4":{"name":"(anonymous_4)","line":28,"loc":{"start":{"line":27,"column":8},"end":{"line":27,"column":42}}},"5":{"name":"(anonymous_5)","line":38,"loc":{"start":{"line":37,"column":8},"end":{"line":37,"column":30}}},"6":{"name":"(anonymous_6)","line":50,"loc":{"start":{"line":50,"column":8},"end":{"line":50,"column":30}}},"7":{"name":"(anonymous_7)","line":63,"loc":{"start":{"line":63,"column":8},"end":{"line":63,"column":38}}},"8":{"name":"(anonymous_8)","line":67,"loc":{"start":{"line":67,"column":8},"end":{"line":67,"column":36}}},"9":{"name":"(anonymous_9)","line":81,"loc":{"start":{"line":81,"column":8},"end":{"line":81,"column":38}}},"10":{"name":"(anonymous_10)","line":85,"loc":{"start":{"line":85,"column":8},"end":{"line":85,"column":16}}},"11":{"name":"(anonymous_11)","line":88,"loc":{"start":{"line":88,"column":8},"end":{"line":88,"column":14}}},"12":{"name":"init","line":97,"loc":{"start":{"line":97,"column":4},"end":{"line":97,"column":59}}},"13":{"name":"send","line":106,"loc":{"start":{"line":107,"column":4},"end":{"line":107,"column":46}}},"14":{"name":"(anonymous_14)","line":115,"loc":{"start":{"line":116,"column":64},"end":{"line":116,"column":79}}},"15":{"name":"sendExtensionTelemetry","line":137,"loc":{"start":{"line":139,"column":4},"end":{"line":139,"column":116}}}},"statementMap":{"1":{"start":{"line":4,"column":0},"end":{"line":4,"column":0}},"2":{"start":{"line":5,"column":0},"end":{"line":5,"column":0}},"3":{"start":{"line":6,"column":0},"end":{"line":6,"column":0}},"4":{"start":{"line":7,"column":0},"end":{"line":7,"column":0}},"5":{"start":{"line":8,"column":0},"end":{"line":8,"column":0}},"6":{"start":{"line":12,"column":0},"end":{"line":12,"column":0}},"7":{"start":{"line":13,"column":0},"end":{"line":13,"column":0}},"8":{"start":{"line":14,"column":4},"end":{"line":14,"column":4}},"9":{"start":{"line":15,"column":4},"end":{"line":15,"column":4}},"10":{"start":{"line":18,"column":12},"end":{"line":18,"column":12}},"11":{"start":{"line":19,"column":12},"end":{"line":19,"column":12}},"12":{"start":{"line":22,"column":12},"end":{"line":22,"column":12}},"13":{"start":{"line":23,"column":12},"end":{"line":23,"column":12}},"14":{"start":{"line":24,"column":12},"end":{"line":24,"column":12}},"15":{"start":{"line":25,"column":12},"end":{"line":25,"column":12}},"16":{"start":{"line":28,"column":12},"end":{"line":31,"column":13}},"17":{"start":{"line":30,"column":16},"end":{"line":30,"column":16}},"18":{"start":{"line":32,"column":12},"end":{"line":32,"column":12}},"19":{"start":{"line":38,"column":12},"end":{"line":44,"column":13}},"20":{"start":{"line":39,"column":16},"end":{"line":39,"column":16}},"21":{"start":{"line":43,"column":16},"end":{"line":43,"column":16}},"22":{"start":{"line":45,"column":12},"end":{"line":45,"column":12}},"23":{"start":{"line":51,"column":12},"end":{"line":51,"column":12}},"24":{"start":{"line":52,"column":12},"end":{"line":54,"column":13}},"25":{"start":{"line":53,"column":16},"end":{"line":53,"column":16}},"26":{"start":{"line":55,"column":12},"end":{"line":55,"column":12}},"27":{"start":{"line":58,"column":4},"end":{"line":58,"column":4}},"28":{"start":{"line":64,"column":12},"end":{"line":64,"column":12}},"29":{"start":{"line":65,"column":12},"end":{"line":65,"column":12}},"30":{"start":{"line":68,"column":12},"end":{"line":68,"column":12}},"31":{"start":{"line":69,"column":12},"end":{"line":69,"column":12}},"32":{"start":{"line":70,"column":12},"end":{"line":70,"column":12}},"33":{"start":{"line":73,"column":4},"end":{"line":73,"column":4}},"34":{"start":{"line":74,"column":4},"end":{"line":74,"column":4}},"35":{"start":{"line":82,"column":12},"end":{"line":82,"column":12}},"36":{"start":{"line":83,"column":12},"end":{"line":83,"column":12}},"37":{"start":{"line":86,"column":12},"end":{"line":86,"column":12}},"38":{"start":{"line":89,"column":12},"end":{"line":93,"column":13}},"39":{"start":{"line":90,"column":16},"end":{"line":90,"column":16}},"40":{"start":{"line":92,"column":16},"end":{"line":92,"column":16}},"41":{"start":{"line":96,"column":4},"end":{"line":96,"column":4}},"42":{"start":{"line":97,"column":4},"end":{"line":105,"column":5}},"43":{"start":{"line":98,"column":8},"end":{"line":104,"column":9}},"44":{"start":{"line":99,"column":12},"end":{"line":99,"column":12}},"45":{"start":{"line":100,"column":12},"end":{"line":100,"column":12}},"46":{"start":{"line":103,"column":12},"end":{"line":103,"column":12}},"47":{"start":{"line":106,"column":4},"end":{"line":106,"column":4}},"48"
[...]
"d:\\_work\\1\\s\\src\\extension\\log\\LogHelper.js":{"path":"d:\\_work\\1\\s\\src\\extension\\log\\LogHelper.js","s":{"1":0,"2":0,"3":0,"4":0,"5":0,"6":0,"7":0,"8":0,"9":0,"10":0,"11":0,"12":1,"13":0,"14":0,"15":0,"16":0},"b":{"1":[0,0]},"f":{"1":0,"2":0,"3":0},"fnMap":{"1":{"name":"(anonymous_1)","line":10,"loc":{"start":{"line":9,"column":1},"end":{"line":9,"column":21}}},"2":{"name":"(anonymous_2)","line":19,"loc":{"start":{"line":18,"column":4},"end":{"line":18,"column":27}}},"3":{"name":"getLogLevel","line":24,"loc":{"start":{"line":23,"column":0},"end":{"line":23,"column":23}}}},"statementMap":{"1":{"start":{"line":4,"column":0},"end":{"line":4,"column":0}},"2":{"start":{"line":8,"column":0},"end":{"line":8,"column":0}},"3":{"start":{"line":9,"column":0},"end":{"line":9,"column":0}},"4":{"start":{"line":10,"column":4},"end":{"line":10,"column":4}},"5":{"start":{"line":11,"column":4},"end":{"line":11,"column":4}},"6":{"start":{"line":12,"column":4},"end":{"line":12,"column":4}},"7":{"start":{"line":13,"column":4},"end":{"line":13,"column":4}},"8":{"start":{"line":14,"column":4},"end":{"line":14,"column":4}},"9":{"start":{"line":15,"column":4},"end":{"line":15,"column":4}},"10":{"start":{"line":19,"column":8},"end":{"line":19,"column":8}},"11":{"start":{"line":22,"column":0},"end":{"line":22,"column":0}},"12":{"start":{"line":23,"column":0},"end":{"line":31,"column":1}},"13":{"start":{"line":24,"column":4},"end":{"line":30,"column":5}},"14":{"start":{"line":25,"column":8},"end":{"line":25,"column":8}},"15":{"start":{"line":26,"column":8},"end":{"line":26,"column":8}},"16":{"start":{"line":29,"column":8},"end":{"line":28,"column":16}}},"branchMap":{"1":{"line":17,"type":"binary-expr","locations":[{"start":{"line":16,"column":14},"end":{"line":16,"column":14}},{"start":{"line":16,"column":35},"end":{"line":16,"column":14}}]}},"l":{"4":0,"8":0,"9":0,"10":0,"11":0,"12":0,"13":0,"14":0,"15":0,"19":0,"22":0,"23":1,"24":0,"25":0,"26":0,"29":0}},
"d:\\_work\\1\\s\\src\\extension\\log\\NullLogger.js":{"path":"d:\\_work\\1\\s\\src\\extension\\log\\NullLogger.js","s":{"1":1,"2":1},"b":{},"f":{"1":0,"2":0,"3":0,"4":0,"5":0,"6":0},"fnMap":{"1":{"name":"(anonymous_1)","line":7,"loc":{"start":{"line":6,"column":4},"end":{"line":6,"column":24}}},"2":{"name":"(anonymous_2)","line":8,"loc":{"start":{"line":7,"column":4},"end":{"line":7,"column":18}}},"3":{"name":"(anonymous_3)","line":9,"loc":{"start":{"line":8,"column":4},"end":{"line":8,"column":21}}},"4":{"name":"(anonymous_4)","line":10,"loc":{"start":{"line":9,"column":4},"end":{"line":9,"column":38}}},"5":{"name":"(anonymous_5)","line":11,"loc":{"start":{"line":10,"column":4},"end":{"line":10,"column":19}}},"6":{"name":"(anonymous_6)","line":12,"loc":{"start":{"line":11,"column":4},"end":{"line":11,"column":28}}}},"statementMap":{"1":{"start":{"line":4,"column":0},"end":{"line":4,"column":0}},"2":{"start":{"line":13,"column":0},"end":{"line":13,"column":0}}},"branchMap":{},"l":{"4":1,"13":1}},
"d:\\_work\\1\\s\\src\\extension\\log\\OutputChannelLogger.js":{"path":"d:\\_work\\1\\s\\src\\extension\\log\\OutputChannelLogger.js","s":{"1":0,"2":0,"3":0,"4":0,"5":0,"6":0,"7":0,"8":0,"9":0,"10":0,"11":0,"12":0,"13":0,"14":0,"15":0,"16":0,"17":0,"18":0,"19":0,"20":0,"21":0,"22":0,"23":0,"24":0,"25":0,"26":0,"27":0,"28":0,"29":0,"30":0,"31":0,"32":0,"33":0,"34":0,"35":0,"36":0,"37":0,"38":0,"39":0,"40":0},"b":{"1":[0,0],"2":[0,0],"3":[0,0],"4":[0,0],"5":[0,0],"6":[0,0],"7":[0,0,0],"8":[0,0]},"f":{"1":0,"2":0,"3":0,"4":0,"5":0,"6":0,"7":0,"8":0,"9":0,"10":0,"11":0,"12":0,"13":0,"14":0,"15":0,"16":0},"fnMap":{"1":{"name":"(anonymous_1)","line":13,"loc":{"start":{"line":12,"column":4},"end":{"line":12,"column":66}}},"2":{"name":"(anonymous_2)","line":21,"loc":{"start":{"line":20,"column":4},"end":{"line":20,"column":39}}},"3":{"name":"(anonymous_3)","line":27,"loc":{"start":{"line":26,"column":4},"end":{"line":26,"column":28}}},"4":{"name":"(anonymous_4)","line":30,"loc":{"start":{"line":29,"column":4},"end":{"line":29,"column":56}}},"5":{"name":"(anonymous_5)","line":36,"loc":{"start":{"line":35,"column":4},"end":{"line":35,"column":24}}},"6":{"name":"(anonymous_6)","line":45,"loc":{"start":{"line":44,"column":4},"end":{"line":44,"column":18}}},"7":{"name":"(anonymous_7)","line":48,"loc":{"start":{"line":47,"column":4},"end":{"line":47,"column":39}}},"8":{"name":"(anonymous_8)","line":51,"loc":{"start":{"line":50,"column":4},"end":{"line":50,"column":48}}},"9":{"name":"(anonymous_9)","line":58,"loc":{"start":{"line":57,"column":4},"end":{"line":57,"column":19}}},"10":{"name":"(anonymous_10)","line":61,"loc":{"start":{"line":60,"column":4},"end":{"line":60,"column":20}}},"11":{"name":"(anonymous_11)","line":64,"loc":{"start":{"line":63,"column":4},"end":{"line":63,"column":27}}},"12":{"name":"(anonymous_12)","line":67,"loc":{"start":{"line":66,"column":4},"end":{"line":66,"column":47}}},"13":{"name":"(anonymous_13)","line":70,"loc":{"start":{"line":69,"column":4},"end":{"line":69,"column":23}}},"14":{"name":"(anonymous_14)","line":73,"loc":{"start":{"line":72,"column":4},"end":{"line":72,"column":12}}},"15":{"name":"(anonymous_15)","line":76,"loc":{"start":{"line":75,"column":4},"end":{"line":75,"column":18}}},"16":{"name":"(anonymous_16)","line":85,"loc":{"start":{"line":85,"column":4},"end":{"line":85,"column":25}}}},"statementMap":{"1":{"start":{"line":4,"column":0},"end":{"line":4,"column":0}},"2":{"start":{"line":8,"column":0},"end":{"line":8,"column":0}},"3":{"start":{"line":9,"column":0},"end":{"line":9,"column":0}},"4":{"start":{"line":10,"column":0},"end":{"line":10,"column":0}},"5":{"start":{"line":13,"column":8},"end":{"line":13,"column":8}},"6":{"start":{"line":14,"column":8},"end":{"line":14,"column":8}},"7":{"start":{"line":15,"column":8},"end":{"line":18,"column":9}},"8":{"start":{"line":16,"column":12},"end":{"line":16,"column":12}},"9":{"start":{"line":17,"column":12},"end":{"line":17,"column":12}},"10":{"start":{"line":21,"column":8},"end":{"line":24,"column":9}},"11":{"start":{"line":22,"column":12},"end":{"line":22,"column":12}},"12":{"start":{"line":23,"column":12},"end":{"line":23,"column":12}},"13":{"start":{"line":27,"column":8},"end":{"line":27,"column":8}},"14":{"start":{"line":30,"column":8},"end":{"line":32,"column":9}},"15":{"start":{"line":31,"column":12},"end":{"line":31,"column":12}},"16":{"start":{"line":33,"column":8},"end":{"line":33,"column":8}},"17":{"start":{"line":36,"column":8},"end":{"line":38,"column":9}},"18":{"start":{"line":37,"column":12},"end":{"line":37,"column":12}},"19":{"start":{"line":39,"column":8},"end":{"line":42,"column":9}},"20":{"start":{"line":40,"column":12},"end":{"line":40,"column":12}},"21":{"start":{"line":41,"column":12},"end":{"line":41,"column":12}},"22":{"start":{"line":45,"column":8},"end":{"line":45,"column":8}},"23":{"start":{"line":48,"column":8},"end":{"line":48,"column":8}},"24":{"start":{"line":51,"column":8},"end":{"line":51,"column":8}},"25":{"start":{"line":53,"column":8},"end":{"line":55,"column":9}},"26":{"start":{"line":54,"column":12},"end":{"line":54,"column":12}},"27":{"start":{"line":58,"column":8},"end":{"line":58,"column":8}},"28":{"start":{"line":61,"column":8},"end":{"line":61,"column":8}},"29":{"start":{"line":64,"column":8},"end":{"line":64,"column":8}},"30":{"start":{"line":67,"column":8},"end":{"line":67,"column":8}},"31":{"start":{"line":70,"column":8},"end":{"line":70,"column":8}},"32":{"start":{"line":73,"column":8},"end":{"line":73,"column":8}},"33":{"start":{"line":76,"column":8},"end":{"line":83,"column":9}},"34":{"start":{"line":77,"column":12},"end":{"line":77,"column":12}},"35":{"start":{"line":80,"column":12},"end":{"line":80,"column":12}},"36":{"start":{"line":81,"column":12},"end":{"line":81,"column":12}},"37":{"start":{"line":82,"column":12},"end":{"line":82,"column":12}},"38":{"start":{"line":86,"column":8},"end":{"line":86,"column":8}},"39":{"start":{"line":89,"column":0},"end":{"line":89,"column":0}},"40":{"start":{"line":90,"column":0},"end":{"line":90,"column":0}}},"branchMap":{"1":{"line":16,"type":"if","locations":[{"start":{"line":15,"column":8},"end":{"line":15,"column":8}},{"start":{"line":15,"column":8},"end":{"line":15,"column":8}}]},"2":{"line":22,"type":"if","locations":[{"start":{"line":21,"column":8},"end":{"line":21,"column":8}},{"start":{"line":21,"column":8},"end":{"line":21,"column":8}}]},"3":{"line":31,"type":"if","locations":[{"start":{"line":30,"column":8},"end":{"line":30,"column":8}},{"start":{"line":30,"column":8},"end":{"line":30,"column":8}}]},"4":{"line":37,"type":"if","locations":[{"start":{"line":36,"column":8},"end":{"line":36,"column":8}},{"start":{"line":36,"column":8},"end":{"line":36,"column":8}}]},"5":{"line":40,"type":"if","locations":[{"start":{"line":39,"column":8},"end":{"line":39,"column":8}},{"start":{"line":39,"column":8},"end":{"line":39,"column":8}}]},"6":{"line":54,"type":"if","locations":[{"start":{"line":53,"column":8},"end":{"line":53,"column":8}},{"start":{"line":53,"column":8},"end":{"line":53,"column":8}}]},"7":{"line":54,"type":"binary-expr","locations":[{"start":{"line":53,"column":12},"end":{"line":53,"column":12}},{"start":{"line":53,"column":24},"end":{"line":53,"column":12}},{"start":{"line":53,"column":33},"end":{"line":53,"column":8}}]},"8":{"line":77,"type":"if","locations":[{"start":{"line":76,"column":8},"end":{"line":76,"column":8}},{"start":{"line":76,"column":8},"end":{"line":76,"column":8}}]}},"l":{"4":0,"8":0,"9":0,"10":0,"13":0,"14":0,"15":0,"16":0,"17":0,"21":0,"22":0,"23":0,"27":0,"30":0,"31":0,"33":0,"36":0,"37":0,"39":0,"40":0,"41":0,"45":0,"48":0,"51":0,"53":0,"54":0,"58":0,"61":0,"64":0,"67":0,"70":0,"73":0,"76":0,"77":0,"80":0,"81":0,"82":0,"86":0,"89":0,"90":0}},
"d:\\_work\\1\\s\\src\\extension\\windows\\windowsPlatform.js":{"path":"d:\\_work\\1\\s\\src\\extension\\windows\\windowsPlatform.js","s":{"1":0,"2":0,"3":0,"4":0,"5":0,"6":0,"7":0,"8":0,"9":0,"10":0,"11":0,"12":0,"13":0,"14":0,"15":0,"16":0,"17":0,"18":0,"19":0,"20":0,"21":0,"22":0,"23":0,"24":0,"25":0,"26":0,"27":0,"28":0,"29":0,"30":0,"31":0,"32":0,"33":0,"34":0},"b":{"1":[0,0],"2":[0,0],"3":[0,0],"4":[0,0],"5":[0,0],"6":[0,0],"7":[0,0]},"f":{"1":0,"2":0,"3":0,"4":0},"fnMap":{"1":{"name":"(anonymous_1)","line":17,"loc":{"start":{"line":16,"column":4},"end":{"line":16,"column":47}}},"2":{"name":"(anonymous_2)","line":21,"loc":{"start":{"line":20,"column":4},"end":{"line":20,"column":31}}},"3":{"name":"(anonymous_3)","line":42,"loc":{"start":{"line":43,"column":4},"end":{"line":43,"column":25}}},"4":{"name":"(anonymous_4)","line":45,"loc":{"start":{"line":46,"column":4},"end":{"line":46,"column":22}}}},"statementMap":{"1":{"start":{"line":4,"column":0},"end":{"line":4,"column":0}},"2":{"start":{"line":5,"column":0},"end":{"line":5,"column":0}},"3":{"start":{"line":6,"column":0},"end":{"line":6,"column":0}},"4":{"start":{"line":7,"column":0},"end":{"line":7,"column":0}},"5":{"start":{"line":8,"column":0},"end":{"line":8,"column":0}},"6":{"start":{"line":9,"column":0},"end":{"line":9,"column":0}},"7":{"start":{"line":10,"column":0},"end":{"line":10,"column":0}},"8":{"start":{"line":11,"column":0},"end":{"line":11,"column":0}},"9":{"start":{"line":17,"column":8},"end":{"line":17,"column":8}},"10":{"start":{"line":18,"column":8},"end":{"line":18,"column":8}},"11":{"start":{"line":21,"column":8},"end":{"line":21,"column":8}},"12":{"start":{"line":27,"column":8},"end":{"line":27,"column":8}},"13":{"start":{"line":28,"column":12},"end":{"line":28,"column":12}},"14":{"start":{"line":29,"column":12},"end":{"line":31,"column":13}},"15":{"start":{"line":30,"column":16},"end":{"line":30,"column":16}},"16":{"start":{"line":32,"column":12},"end":{"line":32,"column":12}},"17":{"start":{"line":34,"column":16},"end":{"line":36,"column":17}},"18":{"start":{"line":35,"column":20},"end":{"line":35,"column":20}},"19":{"start":{"line":37,"column":16},"end":{"line":37,"column":16}},"20":{"start":{"line":38,"column":16},"end":{"line":38,"column":16}},"21":{"start":{"line":38,"column":65},"end":{"line":38,"column":23}},"22":{"start":{"line":38,"column":108},"end":{"line":38,"column":23}},"23":{"start":{"line":44,"column":8},"end":{"line":44,"column":8}},"24":{"start":{"line":47,"column":8},"end":{"line":47,"column":8}},"25":{"start":{"line":48,"column":8},"end":{"line":56,"column":9}},"26":{"start":{"line":49,"column":12},"end":{"line":49,"column":12}},"27":{"start":{"line":52,"column":12},"end":{"line":52,"column":12}},"28":{"start":{"line":53,"column":12},"end":{"line":55,"column":13}},"29":{"start":{"line":54,"column":16},"end":{"line":54,"column":16}},"30":{"start":{"line":57,"column":8},"end":{"line":57,"column":8}},"31":{"start":{"line":60,"column":0},"end":{"line":60,"column":0}},"32":{"start":{"line":61,"column":0},"end":{"line":61,"column":0}},"33":{"start":{"line":65,"column":0},"end":{"line":65,"column":0}},"34":{"start":{"line":71,"column":0},"end":{"line":71,"column":0}}},"branchMap":{"1":{"line":30,"type":"if","locations":[{"start":{"line":29,"column":12},"end":{"line":29,"column":12}},{"start":{"line":29,"column":12},"end":{"line":29,"column":12}}]},"2":{"line":34,"type":"if","locations":[{"start":{"line":34,"column":16},"end":{"line":34,"column":16}},{"start":{"line":34,"column":16},"end":{"line":34,"column":16}}]},"3":{"line":34,"type":"binary-expr","locations":[{"start":{"line":34,"column":20},"end":{"line":34,"column":20}},{"start":{"line":34,"column":101},"end":{"line":34,"column":16}}]},"4":{"line":47,"type":"if","locations":[{"start":{"line":48,"column":8},"end":{"line":48,"column":8}},{"start":{"line":48,"column":8},"end":{"line":48,"column":8}}]},"5":{"line":47,"type":"binary-expr","locations":[{"start":{"line":48,"column":12},"end":{"line":48,"column":12}},{"start":{"line":48,"column":44},"end":{"line":48,"column":8}}]},"6":{"line":50,"type":"cond-expr","locations":[{"start":{"line":52,"column":86},"end":{"line":52,"column":25}},{"start":{"line":52,"column":91},"end":{"line":52,"column":12}}]},"7":{"line":51,"type":"if","locations":[{"start":{"line":53,"column":12},"end":{"line":53,"column":12}},{"start":{"line":53,"column":12},"end":{"line":53,"column":12}}]}},"l":{"4":0,"5":0,"6":0,"7":0,"8":0,"9":0,"10":0,"11":0,"17":0,"18":0,"21":0,"27":0,"28":0,"29":0,"30":0,"32":0,"34":0,"35":0,"37":0,"38":0,"44":0,"47":0,"48":0,"49":0,"52":0,"53":0,"54":0,"57":0,"60":0,"61":0,"65":0,"71":0}},
"d:\\_work\\1\\s\\src\\extension\\windows\\wpfPlatform.js":{"path":"d:\\_work\\1\\s\\src\\extension\\windows\\wpfPlatform.js","s":{"1":0,"2":0,"3":0,"4":0,"5":0,"6":0,"7":0,"8":0,"9":0,"10":0,"11":0,"12":0,"13":0,"14":0,"15":0,"16":0,"17":0,"18":0,"19":0,"20":0,"21":0,"22":0,"23":0,"24":0,"25":0,"26":0,"27":0,"28":0,"29":0,"30":0,"31":0,"32":0,"33":0,"34":0,"35":0,"36":0,"37":0,"38":0,"39":0},"b":{"1":[0,0],"2":[0,0],"3":[0,0],"4":[0,0],"5":[0,0],"6":[0,0],"7":[0,0]},"f":{"1":0,"2":0},"fnMap":{"1":{"name":"(anonymous_1)","line":17,"loc":{"start":{"line":16,"column":4},"end":{"line":16,"column":47}}},"2":{"name":"(anonymous_2)","line":21,"loc":{"start":{"line":20,"column":4},"end":{"line":20,"column":31}}}},"statementMap":{"1":{"start":{"line":4,"column":0},"end":{"line":4,"column":0}},"2":{"start":{"line":5,"column":0},"end":{"line":5,"column":0}},"3":{"start":{"line":6,"column":0},"end":{"line":6,"column":0}},"4":{"start":{"line":7,"column":0},"end":{"line":7,"column":0}},"5":{"start":{"line":8,"column":0},"end":{"line":8,"column":0}},"6":{"start":{"line":9,"column":0},"end":{"line":9,"column":0}},"7":{"start":{"line":10,"column":0},"end":{"line":10,"column":0}},"8":{"start":{"line":11,"column":0},"end":{"line":11,"column":0}},"9":{"start":{"line":17,"column":8},"end":{"line":17,"column":8}},"10":{"start":{"line":18,"column":8},"end":{"line":18,"column":8}},"11":{"start":{"line":21,"column":8},"end":{"line":21,"column":8}},"12":{"start":{"line":27,"column":8},"end":{"line":27,"column":8}},"13":{"start":{"line":28,"column":12},"end":{"line":28,"column":12}},"14":{"start":{"line":29,"column":12},"end":{"line":31,"column":13}},"15":{"start":{"line":30,"column":16},"end":{"line":30,"column":16}},"16":{"start":{"line":32,"column":12},"end":{"line":32,"column":12}},"17":{"start":{"line":34,"column":16},"end":{"line":36,"column":17}},"18":{"start":{"line":35,"column":20},"end":{"line":35,"column":20}},"19":{"start":{"line":37,"column":16},"end":{"line":39,"column":17}},"20":{"start":{"line":38,"column":20},"end":{"line":38,"column":20}},"21":{"start":{"line":40,"column":16},"end":{"line":40,"column":16}},"22":{"start":{"line":41,"column":16},"end":{"line":41,"column":16}},"23":{"start":{"line":42,"column":20},"end":{"line":42,"column":20}},"24":{"start":{"line":44,"column":20},"end":{"line":44,"column":20}},"25":{"start":{"line":46,"column":24},"end":{"line":46,"column":24}},"26":{"start":{"line":47,"column":24},"end":{"line":47,"column":24}},"27":{"start":{"line":48,"column":24},"end":{"line":48,"column":24}},"28":{"start":{"line":49,"column":24},"end":{"line":49,"column":24}},"29":{"start":{"line":50,"column":28},"end":{"line":50,"column":28}},"30":{"start":{"line":51,"column":28},"end":{"line":54,"column":29}},"31":{"start":{"line":52,"column":32},"end":{"line":52,"column":32}},"32":{"start":{"line":53,"column":32},"end":{"line":53,"column":32}},"33":{"start":{"line":56,"column":24},"end":{"line":56,"column":24}},"34":{"start":{"line":57,"column":28},"end":{"line":59,"column":29}},"35":{"start":{"line":58,"column":32},"end":{"line":58,"column":32}},"36":{"start":{"line":61,"column":24},"end":{"line":61,"column":24}},"37":{"start":{"line":62,"column":28},"end":{"line":61,"column":55}},"38":{"start":{"line":70,"column":0},"end":{"line":70,"column":0}},"39":{"start":{"line":71,"column":0},"end":{"line":71,"column":0}}},"branchMap":{"1":{"line":30,"type":"if","locations":[{"start":{"line":29,"column":12},"end":{"line":29,"column":12}},{"start":{"line":29,"column":12},"end":{"line":29,"column":12}}]},"2":{"line":34,"type":"if","locations":[{"start":{"line":34,"column":16},"end":{"line":34,"column":16}},{"start":{"line":34,"column":16},"end":{"line":34,"column":16}}]},"3":{"line":37,"type":"if","locations":[{"start":{"line":37,"column":16},"end":{"line":37,"column":16}},{"start":{"line":37,"column":16},"end":{"line":37,"column":16}}]},"4":{"line":37,"type":"binary-expr","locations":[{"start":{"line":37,"column":20},"end":{"line":37,"column":20}},{"start":{"line":37,"column":101},"end":{"line":37,"column":16}}]},"5":{"line":50,"type":"if","locations":[{"start":{"line":51,"column":28},"end":{"line":51,"column":28}},{"start":{"line":51,"column":28},"end":{"line":51,"column":28}}]},"6":{"line":50,"type":"binary-expr","locations":[{"start":{"line":51,"column":32},"end":{"line":51,"column":32}},{"start":{"line":51,"column":45},"end":{"line":51,"column":28}}]},"7":{"line":56,"type":"if","locations":[{"start":{"line":57,"column":28},"end":{"line":57,"column":28}},{"start":{"line":57,"column":28},"end":{"line":57,"column":28}}]}},"l":{"4":0,"5":0,"6":0,"7":0,"8":0,"9":0,"10":0,"11":0,"17":0,"18":0,"21":0,"27":0,"28":0,"29":0,"30":0,"32":0,"34":0,"35":0,"37":0,"38":0,"40":0,"41":0,"42":0,"44":0,"46":0,"47":0,"48":0,"49":0,"50":0,"51":0,"52":0,"53":0,"56":0,"57":0,"58":0,"61":0,"62":0,"70":0,"71":0}}}
