{
"src\\common\\commandExecutor.ts":{"path":"src\\common\\commandExecutor.ts","statementMap":{"1":{"start":{"line":4,"column":0},"end":{"line":4,"column":-1}},"2":{"start":{"line":5,"column":0},"end":{"line":5,"column":-1}},"3":{"start":{"line":8,"column":0},"end":{"line":8,"column":-1}},"4":{"start":{"line":9,"column":0},"end":{"line":9,"column":-1}},"5":{"start":{"line":10,"column":0},"end":{"line":10,"column":-1}},"6":{"start":{"line":12,"column":0},"end":{"line":12,"column":-1}},"7":{"start":{"line":13,"column":0},"end":{"line":13,"column":-1}},"8":{"start":{"line":14,"column":0},"end":{"line":14,"column":-1}},"9":{"start":{"line":15,"column":0},"end":{"line":15,"column":-1}},"10":{"start":{"line":16,"column":0},"end":{"line":16,"column":-1}},"11":{"start":{"line":18,"column":0},"end":{"line":18,"column":-1}},"12":{"start":{"line":19,"column":4},"end":{"line":19,"column":3}},"13":{"start":{"line":20,"column":4},"end":{"line":20,"column":3}},"14":{"start":{"line":21,"column":4},"end":{"line":21,"column":3}},"15":{"start":{"line":34,"column":0},"end":{"line":34,"column":-1}},"16":{"start":{"line":35,"column":4},"end":{"line":35,"column":3}},"17":{"start":{"line":36,"column":4},"end":{"line":36,"column":3}},"18":{"start":{"line":45,"column":16},"end":{"line":45,"column":15}},"19":{"start":{"line":46,"column":16},"end":{"line":46,"column":15}},"20":{"start":{"line":42,"column":12},"end":{"line":42,"column":11}},"21":{"start":{"line":50,"column":8},"end":{"line":50,"column":7}},"22":{"start":{"line":51,"column":8},"end":{"line":51,"column":7}},"23":{"start":{"line":53,"column":16},"end":{"line":53,"column":15}},"24":{"start":{"line":54,"column":16},"end":{"line":54,"column":15}},"25":{"start":{"line":57,"column":16},"end":{"line":51,"column":15}},"26":{"start":{"line":68,"column":8},"end":{"line":68,"column":7}},"27":{"start":{"line":75,"column":8},"end":{"line":75,"column":7}},"28":{"start":{"line":79,"column":8},"end":{"line":79,"column":7}},"29":{"start":{"line":80,"column":30},"end":{"line":79,"column":15}},"30":{"start":{"line":87,"column":8},"end":{"line":102,"column":9}},"31":{"start":{"line":88,"column":12},"end":{"line":88,"column":11}},"32":{"start":{"line":89,"column":16},"end":{"line":94,"column":17}},"33":{"start":{"line":90,"column":20},"end":{"line":90,"column":19}},"34":{"start":{"line":92,"column":20},"end":{"line":92,"column":19}},"35":{"start":{"line":93,"column":20},"end":{"line":93,"column":19}},"36":{"start":{"line":96,"column":16},"end":{"line":96,"column":15}},"37":{"start":{"line":100,"column":12},"end":{"line":100,"column":11}},"38":{"start":{"line":101,"column":12},"end":{"line":101,"column":11}},"39":{"start":{"line":109,"column":8},"end":{"line":109,"column":7}},"40":{"start":{"line":110,"column":8},"end":{"line":110,"column":7}},"41":{"start":{"line":121,"column":8},"end":{"line":121,"column":7}},"42":{"start":{"line":122,"column":8},"end":{"line":122,"column":7}},"43":{"start":{"line":123,"column":8},"end":{"line":123,"column":7}},"44":{"start":{"line":124,"column":8},"end":{"line":124,"column":7}},"45":{"start":{"line":125,"column":8},"end":{"line":125,"column":7}},"46":{"start":{"line":127,"column":8},"end":{"line":127,"column":7}},"47":{"start":{"line":128,"column":12},"end":{"line":128,"column":11}},"48":{"start":{"line":129,"column":12},"end":{"line":132,"column":13}},"49":{"start":{"line":130,"column":16},"end":{"line":130,"column":15}},"50":{"start":{"line":131,"column":16},"end":{"line":131,"column":15}},"51":{"start":{"line":135,"column":8},"end":{"line":137,"column":9}},"52":{"start":{"line":136,"column":12},"end":{"line":136,"column":11}},"53":{"start":{"line":139,"column":8},"end":{"line":139,"column":7}},"54":{"start":{"line":141,"column":8},"end":{"line":141,"column":7}},"55":{"start":{"line":142,"column":12},"end":{"line":146,"column":13}},"56":{"start":{"line":143,"column":16},"end":{"line":143,"column":15}},"57":{"start":{"line":144,"column":19},"end":{"line":146,"column":13}},"58":{"start":{"line":145,"column":16},"end":{"line":145,"column":15}},"59":{"start":{"line":149,"column":8},"end":{"line":149,"column":7}},"60":{"start":{"line":150,"column":12},"end":{"line":154,"column":13}},"61":{"start":{"line":151,"column":16},"end":{"line":151,"column":15}},"62":{"start":{"line":152,"column":19},"end":{"line":154,"column":13}},"63":{"start":{"line":153,"column":16},"end":{"line":153,"column":15}},"64":{"start":{"line":157,"column":8},"end":{"line":157,"column":7}},"65":{"start":{"line":159,"column":16},"end":{"line":161,"column":17}},"66":{"start":{"line":160,"column":20},"end":{"line":160,"column":19}},"67":{"start":{"line":162,"column":16},"end":{"line":162,"column":15}},"68":{"start":{"line":163,"column":16},"end":{"line":163,"column":15}},"69":{"start":{"line":166,"column":16},"end":{"line":166,"column":15}},"70":{"start":{"line":167,"column":16},"end":{"line":167,"column":15}},"71":{"start":{"line":169,"column":8},"end":{"line":169,"column":7}},"72":{"start":{"line":173,"column":8},"end":{"line":173,"column":7}},"73":{"start":{"line":177,"column":8},"end":{"line":177,"column":7}},"74":{"start":{"line":178,"column":8},"end":{"line":178,"column":7}},"75":{"start":{"line":180,"column":8},"end":{"line":180,"column":7}},"76":{"start":{"line":181,"column":8},"end":{"line":181,"column":7}},"77":{"start":{"line":183,"column":8},"end":{"line":183,"column":7}},"78":{"start":{"line":184,"column":12},"end":{"line":184,"column":11}},"79":{"start":{"line":187,"column":8},"end":{"line":187,"column":7}},"80":{"start":{"line":188,"column":12},"end":{"line":188,"column":11}},"81":{"start":{"line":191,"column":8},"end":{"line":191,"column":7}},"82":{"start":{"line":193,"column":16},"end":{"line":191,"column":25}},"83":{"start":{"line":195,"column":16},"end":{"line":191,"column":25}},"84":{"start":{"line":196,"column":8},"end":{"line":196,"column":7}},"85":{"start":{"line":200,"column":8},"end":{"line":200,"column":7}},"86":{"start":{"line":204,"column":8},"end":{"line":204,"column":7}},"87":{"start":{"line":206,"column":16},"end":{"line":206,"column":15}},"88":{"start":{"line":208,"column":16},"end":{"line":208,"column":15}},"89":{"start":{"line":210,"column":16},"end":{"line":210,"column":15}},"90":{"start":{"line":39,"column":0},"end":{"line":39,"column":-1}}},"fnMap":{"1":{"name":"(anonymous_1)","line":18,"loc":{"start":{"line":18,"column":0},"end":{"line":18,"column":28}}},"2":{"name":"(anonymous_2)","line":34,"loc":{"start":{"line":34,"column":0},"end":{"line":34,"column":25}}},"3":{"name":"(anonymous_3)","line":44,"loc":{"start":{"line":44,"column":4},"end":{"line":46,"column":50}}},"4":{"name":"(anonymous_4)","line":49,"loc":{"start":{"line":49,"column":11},"end":{"line":49,"column":57}}},"5":{"name":"(anonymous_5)","line":67,"loc":{"start":{"line":67,"column":11},"end":{"line":67,"column":71}}},"6":{"name":"(anonymous_6)","line":74,"loc":{"start":{"line":74,"column":11},"end":{"line":74,"column":67}}},"7":{"name":"(anonymous_7)","line":78,"loc":{"start":{"line":78,"column":11},"end":{"line":78,"column":32}}},"8":{"name":"(anonymous_8)","line":86,"loc":{"start":{"line":86,"column":11},"end":{"line":86,"column":59}}},"9":{"name":"(anonymous_9)","line":108,"loc":{"start":{"line":108,"column":11},"end":{"line":108,"column":88}}},"10":{"name":"(anonymous_10)","line":120,"loc":{"start":{"line":120,"column":11},"end":{"line":120,"column":119}}},"11":{"name":"(anonymous_11)","line":172,"loc":{"start":{"line":172,"column":11},"end":{"line":172,"column":31}}},"12":{"name":"(anonymous_12)","line":176,"loc":{"start":{"line":176,"column":12},"end":{"line":176,"column":84}}},"13":{"name":"(anonymous_13)","line":199,"loc":{"start":{"line":199,"column":12},"end":{"line":199,"column":68}}},"14":{"name":"(anonymous_14)","line":203,"loc":{"start":{"line":203,"column":12},"end":{"line":203,"column":80}}}},"branchMap":{"1":{"line":18,"type":"binary-expr","locations":[{"start":{"line":18,"column":12},"end":{"line":18,"column":11}},{"start":{"line":18,"column":12},"end":{"line":18,"column":11}}]},"2":{"line":34,"type":"binary-expr","locations":[{"start":{"line":34,"column":12},"end":{"line":34,"column":11}},{"start":{"line":34,"column":12},"end":{"line":34,"column":11}}]},"3":{"line":87,"type":"if","locations":[{"start":{"line":87,"column":8},"end":{"line":87,"column":7}},{"start":{"line":87,"column":8},"end":{"line":87,"column":7}}]},"4":{"line":89,"type":"if","locations":[{"start":{"line":89,"column":16},"end":{"line":89,"column":15}},{"start":{"line":89,"column":16},"end":{"line":89,"column":15}}]},"5":{"line":129,"type":"if","locations":[{"start":{"line":129,"column":12},"end":{"line":129,"column":11}},{"start":{"line":129,"column":12},"end":{"line":129,"column":11}}]},"6":{"line":135,"type":"if","locations":[{"start":{"line":135,"column":8},"end":{"line":135,"column":7}},{"start":{"line":135,"column":8},"end":{"line":135,"column":7}}]},"7":{"line":142,"type":"if","locations":[{"start":{"line":142,"column":12},"end":{"line":142,"column":11}},{"start":{"line":142,"column":12},"end":{"line":142,"column":11}}]},"8":{"line":144,"type":"if","locations":[{"start":{"line":144,"column":19},"end":{"line":144,"column":18}},{"start":{"line":144,"column":19},"end":{"line":144,"column":18}}]},"9":{"line":150,"type":"if","locations":[{"start":{"line":150,"column":12},"end":{"line":150,"column":11}},{"start":{"line":150,"column":12},"end":{"line":150,"column":11}}]},"10":{"line":152,"type":"if","locations":[{"start":{"line":152,"column":19},"end":{"line":152,"column":18}},{"start":{"line":152,"column":19},"end":{"line":152,"column":18}}]},"11":{"line":159,"type":"if","locations":[{"start":{"line":159,"column":16},"end":{"line":159,"column":15}},{"start":{"line":159,"column":16},"end":{"line":159,"column":15}}]},"12":{"line":173,"type":"binary-expr","locations":[{"start":{"line":173,"column":15},"end":{"line":173,"column":14}},{"start":{"line":173,"column":53},"end":{"line":173,"column":8}}]},"13":{"line":205,"type":"switch","locations":[{"start":{"line":205,"column":12},"end":{"line":206,"column":16}},{"start":{"line":207,"column":12},"end":{"line":208,"column":16}},{"start":{"line":209,"column":12},"end":{"line":210,"column":16}}]}},"s":{"1":0,"2":0,"3":0,"4":0,"5":0,"6":0,"7":0,"8":0,"9":0,"10":0,"11":0,"12":0,"13":0,"14":0,"15":0,"16":0,"17":0,"18":0,"19":0,"20":0,"21":0,"22":0,"23":0,"24":0,"25":0,"26":0,"27":0,"28":0,"29":0,"30":0,"31":0,"32":0,"33":0,"34":0,"35":0,"36":0,"37":0,"38":0,"39":0,"40":0,"41":0,"42":0,"43":0,"44":0,"45":0,"46":0,"47":0,"48":0,"49":0,"50":0,"51":0,"52":0,"53":0,"54":0,"55":0,"56":0,"57":0,"58":0,"59":0,"60":0,"61":0,"62":0,"63":0,"64":0,"65":0,"66":0,"67":0,"68":0,"69":0,"70":0,"71":0,"72":0,"73":0,"74":0,"75":0,"76":0,"77":0,"78":0,"79":0,"80":0,"81":0,"82":0,"83":0,"84":0,"85":0,"86":0,"87":0,"88":0,"89":0,"90":0},"b":{"1":[0,0],"2":[0,0],"3":[0,0],"4":[0,0],"5":[0,0],"6":[0,0],"7":[0,0],"8":[0,0],"9":[0,0],"10":[0,0],"11":[0,0],"12":[0,0],"13":[0,0,0]},"f":{"1":0,"2":0,"3":0,"4":0,"5":0,"6":0,"7":0,"8":0,"9":0,"10":0,"11":0,"12":0,"13":0,"14":0},"l":{"4":0,"5":0,"8":0,"9":0,"10":0,"12":0,"13":0,"14":0,"15":0,"16":0,"18":0,"19":0,"20":0,"21":0,"34":0,"35":0,"36":0,"39":0,"42":0,"45":0,"46":0,"50":0,"51":0,"53":0,"54":0,"57":0,"68":0,"75":0,"79":0,"80":0,"87":0,"88":0,"89":0,"90":0,"92":0,"93":0,"96":0,"100":0,"101":0,"109":0,"110":0,"121":0,"122":0,"123":0,"124":0,"125":0,"127":0,"128":0,"129":0,"130":0,"131":0,"135":0,"136":0,"139":0,"141":0,"142":0,"143":0,"144":0,"145":0,"149":0,"150":0,"151":0,"152":0,"153":0,"157":0,"159":0,"160":0,"162":0,"163":0,"166":0,"167":0,"169":0,"173":0,"177":0,"178":0,"180":0,"181":0,"183":0,"184":0,"187":0,"188":0,"191":0,"193":0,"195":0,"196":0,"200":0,"204":0,"206":0,"208":0,"210":0}},
"src\\common\\configurationReader.ts":{"path":"src\\common\\configurationReader.ts","statementMap":{"1":{"start":{"line":4,"column":0},"end":{"line":4,"column":-1}},"2":{"start":{"line":5,"column":0},"end":{"line":5,"column":-1}},"3":{"start":{"line":9,"column":8},"end":{"line":13,"column":9}},"4":{"start":{"line":10,"column":12},"end":{"line":10,"column":11}},"5":{"start":{"line":12,"column":12},"end":{"line":12,"column":11}},"6":{"start":{"line":17,"column":8},"end":{"line":23,"column":9}},"7":{"start":{"line":18,"column":12},"end":{"line":18,"column":11}},"8":{"start":{"line":19,"column":15},"end":{"line":23,"column":9}},"9":{"start":{"line":20,"column":12},"end":{"line":20,"column":11}},"10":{"start":{"line":22,"column":12},"end":{"line":22,"column":11}},"11":{"start":{"line":27,"column":8},"end":{"line":31,"column":9}},"12":{"start":{"line":28,"column":12},"end":{"line":28,"column":11}},"13":{"start":{"line":30,"column":12},"end":{"line":30,"column":11}},"14":{"start":{"line":35,"column":8},"end":{"line":39,"column":9}},"15":{"start":{"line":36,"column":12},"end":{"line":36,"column":11}},"16":{"start":{"line":38,"column":12},"end":{"line":38,"column":11}},"17":{"start":{"line":44,"column":8},"end":{"line":50,"column":9}},"18":{"start":{"line":45,"column":12},"end":{"line":45,"column":11}},"19":{"start":{"line":46,"column":15},"end":{"line":50,"column":9}},"20":{"start":{"line":47,"column":12},"end":{"line":47,"column":11}},"21":{"start":{"line":49,"column":12},"end":{"line":49,"column":11}},"22":{"start":{"line":57,"column":8},"end":{"line":57,"column":7}},"23":{"start":{"line":61,"column":8},"end":{"line":61,"column":7}},"24":{"start":{"line":62,"column":12},"end":{"line":62,"column":11}},"25":{"start":{"line":67,"column":8},"end":{"line":67,"column":7}},"26":{"start":{"line":71,"column":8},"end":{"line":71,"column":7}},"27":{"start":{"line":75,"column":8},"end":{"line":75,"column":7}},"28":{"start":{"line":79,"column":8},"end":{"line":79,"column":7}},"29":{"start":{"line":83,"column":8},"end":{"line":83,"column":7}},"30":{"start":{"line":87,"column":8},"end":{"line":87,"column":7}},"31":{"start":{"line":7,"column":0},"end":{"line":7,"column":-1}}},"fnMap":{"1":{"name":"(anonymous_1)","line":8,"loc":{"start":{"line":8,"column":11},"end":{"line":8,"column":39}}},"2":{"name":"(anonymous_2)","line":16,"loc":{"start":{"line":16,"column":11},"end":{"line":16,"column":40}}},"3":{"name":"(anonymous_3)","line":26,"loc":{"start":{"line":26,"column":11},"end":{"line":26,"column":38}}},"4":{"name":"(anonymous_4)","line":34,"loc":{"start":{"line":34,"column":11},"end":{"line":34,"column":39}}},"5":{"name":"(anonymous_5)","line":43,"loc":{"start":{"line":43,"column":11},"end":{"line":43,"column":36}}},"6":{"name":"(anonymous_6)","line":56,"loc":{"start":{"line":56,"column":11},"end":{"line":56,"column":73}}},"7":{"name":"(anonymous_7)","line":60,"loc":{"start":{"line":60,"column":11},"end":{"line":60,"column":92}}},"8":{"name":"(anonymous_8)","line":66,"loc":{"start":{"line":66,"column":12},"end":{"line":66,"column":37}}},"9":{"name":"(anonymous_9)","line":70,"loc":{"start":{"line":70,"column":12},"end":{"line":70,"column":38}}},"10":{"name":"(anonymous_10)","line":74,"loc":{"start":{"line":74,"column":12},"end":{"line":74,"column":38}}},"11":{"name":"(anonymous_11)","line":78,"loc":{"start":{"line":78,"column":12},"end":{"line":78,"column":39}}},"12":{"name":"(anonymous_12)","line":82,"loc":{"start":{"line":82,"column":12},"end":{"line":82,"column":35}}},"13":{"name":"(anonymous_13)","line":86,"loc":{"start":{"line":86,"column":12},"end":{"line":86,"column":38}}}},"branchMap":{"1":{"line":9,"type":"if","locations":[{"start":{"line":9,"column":8},"end":{"line":9,"column":7}},{"start":{"line":9,"column":8},"end":{"line":9,"column":7}}]},"2":{"line":17,"type":"if","locations":[{"start":{"line":17,"column":8},"end":{"line":17,"column":7}},{"start":{"line":17,"column":8},"end":{"line":17,"column":7}}]},"3":{"line":19,"type":"if","locations":[{"start":{"line":19,"column":15},"end":{"line":19,"column":14}},{"start":{"line":19,"column":15},"end":{"line":19,"column":14}}]},"4":{"line":19,"type":"binary-expr","locations":[{"start":{"line":19,"column":19},"end":{"line":19,"column":18}},{"start":{"line":19,"column":39},"end":{"line":19,"column":15}}]},"5":{"line":27,"type":"if","locations":[{"start":{"line":27,"column":8},"end":{"line":27,"column":7}},{"start":{"line":27,"column":8},"end":{"line":27,"column":7}}]},"6":{"line":35,"type":"if","locations":[{"start":{"line":35,"column":8},"end":{"line":35,"column":7}},{"start":{"line":35,"column":8},"end":{"line":35,"column":7}}]},"7":{"line":44,"type":"if","locations":[{"start":{"line":44,"column":8},"end":{"line":44,"column":7}},{"start":{"line":44,"column":8},"end":{"line":44,"column":7}}]},"8":{"line":46,"type":"if","locations":[{"start":{"line":46,"column":15},"end":{"line":46,"column":14}},{"start":{"line":46,"column":15},"end":{"line":46,"column":14}}]},"9":{"line":57,"type":"cond-expr","locations":[{"start":{"line":57,"column":23},"end":{"line":57,"column":15}},{"start":{"line":57,"column":45},"end":{"line":57,"column":8}}]},"10":{"line":71,"type":"binary-expr","locations":[{"start":{"line":71,"column":15},"end":{"line":71,"column":14}},{"start":{"line":71,"column":44},"end":{"line":71,"column":8}}]},"11":{"line":83,"type":"binary-expr","locations":[{"start":{"line":83,"column":15},"end":{"line":83,"column":14}},{"start":{"line":83,"column":39},"end":{"line":83,"column":8}}]}},"s":{"1":0,"2":0,"3":0,"4":0,"5":0,"6":0,"7":0,"8":0,"9":0,"10":0,"11":0,"12":0,"13":0,"14":0,"15":0,"16":0,"17":0,"18":0,"19":0,"20":0,"21":0,"22":0,"23":0,"24":0,"25":0,"26":0,"27":0,"28":0,"29":0,"30":0,"31":0},"b":{"1":[0,0],"2":[0,0],"3":[0,0],"4":[0,0],"5":[0,0],"6":[0,0],"7":[0,0],"8":[0,0],"9":[0,0],"10":[0,0],"11":[0,0]},"f":{"1":0,"2":0,"3":0,"4":0,"5":0,"6":0,"7":0,"8":0,"9":0,"10":0,"11":0,"12":0,"13":0},"l":{"4":0,"5":0,"7":0,"9":0,"10":0,"12":0,"17":0,"18":0,"19":0,"20":0,"22":0,"27":0,"28":0,"30":0,"35":0,"36":0,"38":0,"44":0,"45":0,"46":0,"47":0,"49":0,"57":0,"61":0,"62":0,"67":0,"71":0,"75":0,"79":0,"83":0,"87":0}},
"src\\common\\entryPointHandler.ts":{"path":"src\\common\\entryPointHandler.ts","statementMap":{"1":{"start":{"line":4,"column":0},"end":{"line":4,"column":-1}},"2":{"start":{"line":6,"column":0},"end":{"line":6,"column":-1}},"3":{"start":{"line":8,"column":0},"end":{"line":8,"column":-1}},"4":{"start":{"line":9,"column":0},"end":{"line":9,"column":-1}},"5":{"start":{"line":13,"column":0},"end":{"line":13,"column":-1}},"6":{"start":{"line":14,"column":4},"end":{"line":14,"column":3}},"7":{"start":{"line":15,"column":4},"end":{"line":15,"column":3}},"8":{"start":{"line":16,"column":4},"end":{"line":16,"column":3}},"9":{"start":{"line":23,"column":50},"end":{"line":23,"column":49}},"10":{"start":{"line":25,"column":8},"end":{"line":25,"column":7}},"11":{"start":{"line":30,"column":8},"end":{"line":30,"column":7}},"12":{"start":{"line":34,"column":8},"end":{"line":34,"column":7}},"13":{"start":{"line":39,"column":8},"end":{"line":45,"column":9}},"14":{"start":{"line":40,"column":12},"end":{"line":40,"column":11}},"15":{"start":{"line":41,"column":12},"end":{"line":41,"column":11}},"16":{"start":{"line":43,"column":12},"end":{"line":43,"column":11}},"17":{"start":{"line":44,"column":12},"end":{"line":44,"column":11}},"18":{"start":{"line":49,"column":8},"end":{"line":49,"column":7}},"19":{"start":{"line":50,"column":12},"end":{"line":50,"column":11}},"20":{"start":{"line":51,"column":12},"end":{"line":51,"column":11}},"21":{"start":{"line":52,"column":12},"end":{"line":52,"column":11}},"22":{"start":{"line":55,"column":12},"end":{"line":61,"column":13}},"23":{"start":{"line":56,"column":16},"end":{"line":60,"column":17}},"24":{"start":{"line":57,"column":20},"end":{"line":57,"column":19}},"25":{"start":{"line":59,"column":20},"end":{"line":59,"column":19}},"26":{"start":{"line":64,"column":8},"end":{"line":64,"column":7}},"27":{"start":{"line":20,"column":0},"end":{"line":20,"column":-1}}},"fnMap":{"1":{"name":"(anonymous_1)","line":13,"loc":{"start":{"line":13,"column":0},"end":{"line":13,"column":23}}},"2":{"name":"(anonymous_2)","line":23,"loc":{"start":{"line":23,"column":4},"end":{"line":23,"column":87}}},"3":{"name":"(anonymous_3)","line":29,"loc":{"start":{"line":29,"column":11},"end":{"line":29,"column":204}}},"4":{"name":"(anonymous_4)","line":33,"loc":{"start":{"line":33,"column":11},"end":{"line":33,"column":212}}},"5":{"name":"(anonymous_5)","line":38,"loc":{"start":{"line":38,"column":11},"end":{"line":38,"column":196}}},"6":{"name":"(anonymous_6)","line":48,"loc":{"start":{"line":48,"column":12},"end":{"line":48,"column":101}}}},"branchMap":{"1":{"line":13,"type":"binary-expr","locations":[{"start":{"line":13,"column":12},"end":{"line":13,"column":11}},{"start":{"line":13,"column":12},"end":{"line":13,"column":11}}]},"2":{"line":30,"type":"binary-expr","locations":[{"start":{"line":30,"column":51},"end":{"line":30,"column":50}},{"start":{"line":30,"column":63},"end":{"line":30,"column":15}}]},"3":{"line":51,"type":"binary-expr","locations":[{"start":{"line":51,"column":35},"end":{"line":51,"column":34}},{"start":{"line":51,"column":54},"end":{"line":51,"column":12}}]},"4":{"line":55,"type":"if","locations":[{"start":{"line":55,"column":12},"end":{"line":55,"column":11}},{"start":{"line":55,"column":12},"end":{"line":55,"column":11}}]},"5":{"line":56,"type":"if","locations":[{"start":{"line":56,"column":16},"end":{"line":56,"column":15}},{"start":{"line":56,"column":16},"end":{"line":56,"column":15}}]}},"s":{"1":0,"2":0,"3":0,"4":0,"5":0,"6":0,"7":0,"8":0,"9":0,"10":0,"11":0,"12":0,"13":0,"14":0,"15":0,"16":0,"17":0,"18":0,"19":0,"20":0,"21":0,"22":0,"23":0,"24":0,"25":0,"26":0,"27":0},"b":{"1":[0,0],"2":[0,0],"3":[0,0],"4":[0,0],"5":[0,0]},"f":{"1":0,"2":0,"3":0,"4":0,"5":0,"6":0},"l":{"4":0,"6":0,"8":0,"9":0,"13":0,"14":0,"15":0,"16":0,"20":0,"23":0,"25":0,"30":0,"34":0,"39":0,"40":0,"41":0,"43":0,"44":0,"49":0,"50":0,"51":0,"52":0,"55":0,"56":0,"57":0,"59":0,"64":0}},
"src\\common\\executionsLimiter.ts":{"path":"src\\common\\executionsLimiter.ts","statementMap":{"1":{"start":{"line":6,"column":12},"end":{"line":6,"column":11}},"2":{"start":{"line":9,"column":8},"end":{"line":9,"column":7}},"3":{"start":{"line":11,"column":8},"end":{"line":11,"column":7}},"4":{"start":{"line":12,"column":8},"end":{"line":15,"column":9}},"5":{"start":{"line":13,"column":12},"end":{"line":13,"column":11}},"6":{"start":{"line":14,"column":12},"end":{"line":14,"column":11}},"7":{"start":{"line":5,"column":0},"end":{"line":5,"column":-1}},"8":{"start":{"line":25,"column":8},"end":{"line":25,"column":7}},"9":{"start":{"line":29,"column":8},"end":{"line":31,"column":9}},"10":{"start":{"line":30,"column":12},"end":{"line":30,"column":11}},"11":{"start":{"line":35,"column":8},"end":{"line":35,"column":7}},"12":{"start":{"line":19,"column":0},"end":{"line":19,"column":-1}},"13":{"start":{"line":20,"column":19},"end":{"line":20,"column":18}}},"fnMap":{"1":{"name":"(anonymous_1)","line":5,"loc":{"start":{"line":5,"column":0},"end":{"line":null,"column":-1}}},"2":{"name":"(anonymous_2)","line":8,"loc":{"start":{"line":8,"column":11},"end":{"line":8,"column":73}}},"3":{"name":"(anonymous_3)","line":24,"loc":{"start":{"line":24,"column":4},"end":{"line":24,"column":38}}},"4":{"name":"(anonymous_4)","line":28,"loc":{"start":{"line":28,"column":11},"end":{"line":28,"column":37}}},"5":{"name":"(anonymous_5)","line":34,"loc":{"start":{"line":34,"column":12},"end":{"line":34,"column":15}}}},"branchMap":{"1":{"line":11,"type":"binary-expr","locations":[{"start":{"line":11,"column":30},"end":{"line":11,"column":29}},{"start":{"line":11,"column":67},"end":{"line":11,"column":8}}]},"2":{"line":12,"type":"if","locations":[{"start":{"line":12,"column":8},"end":{"line":12,"column":7}},{"start":{"line":12,"column":8},"end":{"line":12,"column":7}}]},"3":{"line":29,"type":"if","locations":[{"start":{"line":29,"column":8},"end":{"line":29,"column":7}},{"start":{"line":29,"column":8},"end":{"line":29,"column":7}}]}},"s":{"1":0,"2":0,"3":0,"4":0,"5":0,"6":0,"7":0,"8":0,"9":0,"10":0,"11":0,"12":0,"13":0},"b":{"1":[0,0],"2":[0,0],"3":[0,0]},"f":{"1":0,"2":0,"3":0,"4":0,"5":0},"l":{"5":0,"6":0,"9":0,"11":0,"12":0,"13":0,"14":0,"19":0,"20":0,"25":0,"29":0,"30":0,"35":0}},
"src\\common\\extensionHelper.ts":{"path":"src\\common\\extensionHelper.ts","statementMap":{"1":{"start":{"line":4,"column":0},"end":{"line":4,"column":-1}},"2":{"start":{"line":5,"column":0},"end":{"line":5,"column":-1}},"3":{"start":{"line":7,"column":0},"end":{"line":10,"column":1}},"4":{"start":{"line":8,"column":4},"end":{"line":8,"column":3}},"5":{"start":{"line":9,"column":4},"end":{"line":9,"column":3}},"6":{"start":{"line":7,"column":0},"end":{"line":7,"column":-1}}},"fnMap":{"1":{"name":"getExtensionVersion","line":7,"loc":{"start":{"line":7,"column":0},"end":{"line":7,"column":35}}}},"branchMap":{},"s":{"1":0,"2":0,"3":1,"4":0,"5":0,"6":0},"b":{},"f":{"1":0},"l":{"4":0,"5":0,"7":1,"8":0,"9":0}},
"src\\common\\extensionMessaging.ts":{"path":"src\\common\\extensionMessaging.ts","statementMap":{"1":{"start":{"line":4,"column":0},"end":{"line":4,"column":-1}},"2":{"start":{"line":5,"column":0},"end":{"line":5,"column":-1}},"3":{"start":{"line":12,"column":8},"end":{"line":12,"column":7}},"4":{"start":{"line":13,"column":8},"end":{"line":13,"column":7}},"5":{"start":{"line":14,"column":8},"end":{"line":14,"column":7}},"6":{"start":{"line":15,"column":8},"end":{"line":15,"column":7}},"7":{"start":{"line":16,"column":8},"end":{"line":16,"column":7}},"8":{"start":{"line":7,"column":0},"end":{"line":7,"column":-1}}},"fnMap":{"1":{"name":"(anonymous_1)","line":8,"loc":{"start":{"line":8,"column":11},"end":{"line":8,"column":49}}}},"branchMap":{},"s":{"1":0,"2":0,"3":0,"4":0,"5":0,"6":0,"7":0,"8":0},"b":{},"f":{"1":0},"l":{"4":0,"5":0,"7":0,"12":0,"13":0,"14":0,"15":0,"16":0}},
"src\\common\\hostPlatform.ts":{"path":"src\\common\\hostPlatform.ts","statementMap":{"1":{"start":{"line":4,"column":0},"end":{"line":4,"column":-1}},"2":{"start":{"line":5,"column":0},"end":{"line":5,"column":-1}},"3":{"start":{"line":6,"column":0},"end":{"line":6,"column":-1}},"4":{"start":{"line":26,"column":0},"end":{"line":26,"column":-1}},"5":{"start":{"line":27,"column":4},"end":{"line":27,"column":3}},"6":{"start":{"line":28,"column":4},"end":{"line":28,"column":3}},"7":{"start":{"line":29,"column":4},"end":{"line":29,"column":3}},"8":{"start":{"line":37,"column":8},"end":{"line":37,"column":7}},"9":{"start":{"line":41,"column":8},"end":{"line":41,"column":7}},"10":{"start":{"line":45,"column":8},"end":{"line":45,"column":7}},"11":{"start":{"line":49,"column":8},"end":{"line":49,"column":7}},"12":{"start":{"line":53,"column":8},"end":{"line":53,"column":7}},"13":{"start":{"line":57,"column":8},"end":{"line":57,"column":7}},"14":{"start":{"line":61,"column":8},"end":{"line":61,"column":7}},"15":{"start":{"line":65,"column":8},"end":{"line":65,"column":7}},"16":{"start":{"line":69,"column":16},"end":{"line":69,"column":15}},"17":{"start":{"line":71,"column":16},"end":{"line":71,"column":15}},"18":{"start":{"line":78,"column":8},"end":{"line":78,"column":7}},"19":{"start":{"line":84,"column":8},"end":{"line":84,"column":7}},"20":{"start":{"line":88,"column":8},"end":{"line":88,"column":7}},"21":{"start":{"line":92,"column":8},"end":{"line":92,"column":7}},"22":{"start":{"line":107,"column":8},"end":{"line":107,"column":7}},"23":{"start":{"line":111,"column":8},"end":{"line":111,"column":7}},"24":{"start":{"line":115,"column":8},"end":{"line":115,"column":7}},"25":{"start":{"line":119,"column":8},"end":{"line":119,"column":7}},"26":{"start":{"line":123,"column":16},"end":{"line":123,"column":15}},"27":{"start":{"line":125,"column":16},"end":{"line":125,"column":15}},"28":{"start":{"line":135,"column":8},"end":{"line":135,"column":7}},"29":{"start":{"line":139,"column":8},"end":{"line":139,"column":7}},"30":{"start":{"line":143,"column":8},"end":{"line":143,"column":7}},"31":{"start":{"line":147,"column":8},"end":{"line":147,"column":7}},"32":{"start":{"line":150,"column":16},"end":{"line":150,"column":15}},"33":{"start":{"line":152,"column":16},"end":{"line":152,"column":15}},"34":{"start":{"line":168,"column":8},"end":{"line":183,"column":9}},"35":{"start":{"line":169,"column":12},"end":{"line":169,"column":11}},"36":{"start":{"line":171,"column":20},"end":{"line":171,"column":19}},"37":{"start":{"line":172,"column":20},"end":{"line":172,"column":19}},"38":{"start":{"line":174,"column":20},"end":{"line":174,"column":19}},"39":{"start":{"line":175,"column":20},"end":{"line":175,"column":19}},"40":{"start":{"line":177,"column":20},"end":{"line":177,"column":19}},"41":{"start":{"line":178,"column":20},"end":{"line":178,"column":19}},"42":{"start":{"line":180,"column":20},"end":{"line":180,"column":19}},"43":{"start":{"line":181,"column":20},"end":{"line":181,"column":19}},"44":{"start":{"line":185,"column":8},"end":{"line":185,"column":7}},"45":{"start":{"line":189,"column":8},"end":{"line":189,"column":7}},"46":{"start":{"line":193,"column":8},"end":{"line":193,"column":7}},"47":{"start":{"line":197,"column":8},"end":{"line":197,"column":7}},"48":{"start":{"line":201,"column":8},"end":{"line":201,"column":7}},"49":{"start":{"line":205,"column":8},"end":{"line":205,"column":7}},"50":{"start":{"line":209,"column":8},"end":{"line":209,"column":7}},"51":{"start":{"line":214,"column":8},"end":{"line":214,"column":7}},"52":{"start":{"line":218,"column":8},"end":{"line":218,"column":7}},"53":{"start":{"line":160,"column":0},"end":{"line":160,"column":-1}}},"fnMap":{"1":{"name":"(anonymous_1)","line":26,"loc":{"start":{"line":26,"column":0},"end":{"line":26,"column":26}}},"2":{"name":"(anonymous_2)","line":36,"loc":{"start":{"line":36,"column":11},"end":{"line":36,"column":26}}},"3":{"name":"(anonymous_3)","line":40,"loc":{"start":{"line":40,"column":11},"end":{"line":40,"column":61}}},"4":{"name":"(anonymous_4)","line":44,"loc":{"start":{"line":44,"column":11},"end":{"line":44,"column":26}}},"5":{"name":"(anonymous_5)","line":48,"loc":{"start":{"line":48,"column":11},"end":{"line":48,"column":43}}},"6":{"name":"(anonymous_6)","line":52,"loc":{"start":{"line":52,"column":11},"end":{"line":52,"column":39}}},"7":{"name":"(anonymous_7)","line":56,"loc":{"start":{"line":56,"column":11},"end":{"line":56,"column":24}}},"8":{"name":"(anonymous_8)","line":60,"loc":{"start":{"line":60,"column":11},"end":{"line":60,"column":20}}},"9":{"name":"(anonymous_9)","line":64,"loc":{"start":{"line":64,"column":11},"end":{"line":64,"column":68}}},"10":{"name":"(anonymous_10)","line":77,"loc":{"start":{"line":77,"column":11},"end":{"line":77,"column":26}}},"11":{"name":"(anonymous_11)","line":83,"loc":{"start":{"line":83,"column":11},"end":{"line":83,"column":26}}},"12":{"name":"(anonymous_12)","line":87,"loc":{"start":{"line":87,"column":11},"end":{"line":87,"column":47}}},"13":{"name":"(anonymous_13)","line":91,"loc":{"start":{"line":91,"column":11},"end":{"line":91,"column":39}}},"14":{"name":"(anonymous_14)","line":106,"loc":{"start":{"line":106,"column":11},"end":{"line":106,"column":61}}},"15":{"name":"(anonymous_15)","line":110,"loc":{"start":{"line":110,"column":11},"end":{"line":110,"column":24}}},"16":{"name":"(anonymous_16)","line":114,"loc":{"start":{"line":114,"column":11},"end":{"line":114,"column":20}}},"17":{"name":"(anonymous_17)","line":118,"loc":{"start":{"line":118,"column":11},"end":{"line":118,"column":68}}},"18":{"name":"(anonymous_18)","line":134,"loc":{"start":{"line":134,"column":11},"end":{"line":134,"column":61}}},"19":{"name":"(anonymous_19)","line":138,"loc":{"start":{"line":138,"column":11},"end":{"line":138,"column":24}}},"20":{"name":"(anonymous_20)","line":142,"loc":{"start":{"line":142,"column":11},"end":{"line":142,"column":20}}},"21":{"name":"(anonymous_21)","line":146,"loc":{"start":{"line":146,"column":11},"end":{"line":146,"column":68}}},"22":{"name":"(anonymous_22)","line":167,"loc":{"start":{"line":167,"column":12},"end":{"line":167,"column":31}}},"23":{"name":"(anonymous_23)","line":188,"loc":{"start":{"line":188,"column":11},"end":{"line":188,"column":33}}},"24":{"name":"(anonymous_24)","line":192,"loc":{"start":{"line":192,"column":11},"end":{"line":192,"column":33}}},"25":{"name":"(anonymous_25)","line":196,"loc":{"start":{"line":196,"column":11},"end":{"line":196,"column":54}}},"26":{"name":"(anonymous_26)","line":200,"loc":{"start":{"line":200,"column":11},"end":{"line":200,"column":46}}},"27":{"name":"(anonymous_27)","line":204,"loc":{"start":{"line":204,"column":11},"end":{"line":204,"column":31}}},"28":{"name":"(anonymous_28)","line":208,"loc":{"start":{"line":208,"column":11},"end":{"line":208,"column":68}}},"29":{"name":"(anonymous_29)","line":213,"loc":{"start":{"line":213,"column":11},"end":{"line":213,"column":27}}},"30":{"name":"(anonymous_30)","line":217,"loc":{"start":{"line":217,"column":11},"end":{"line":217,"column":75}}}},"branchMap":{"1":{"line":26,"type":"binary-expr","locations":[{"start":{"line":26,"column":12},"end":{"line":26,"column":11}},{"start":{"line":26,"column":12},"end":{"line":26,"column":11}}]},"2":{"line":37,"type":"binary-expr","locations":[{"start":{"line":37,"column":15},"end":{"line":37,"column":14}},{"start":{"line":37,"column":42},"end":{"line":37,"column":8}}]},"3":{"line":45,"type":"binary-expr","locations":[{"start":{"line":45,"column":25},"end":{"line":45,"column":24}},{"start":{"line":45,"column":48},"end":{"line":45,"column":15}}]},"4":{"line":61,"type":"binary-expr","locations":[{"start":{"line":61,"column":15},"end":{"line":61,"column":14}},{"start":{"line":61,"column":39},"end":{"line":61,"column":8}}]},"5":{"line":66,"type":"switch","locations":[{"start":{"line":66,"column":12},"end":{"line":66,"column":11}},{"start":{"line":67,"column":12},"end":{"line":67,"column":11}},{"start":{"line":68,"column":12},"end":{"line":69,"column":16}},{"start":{"line":70,"column":12},"end":{"line":71,"column":16}}]},"6":{"line":78,"type":"binary-expr","locations":[{"start":{"line":78,"column":15},"end":{"line":78,"column":14}},{"start":{"line":78,"column":35},"end":{"line":78,"column":8}}]},"7":{"line":84,"type":"binary-expr","locations":[{"start":{"line":84,"column":25},"end":{"line":84,"column":24}},{"start":{"line":84,"column":45},"end":{"line":84,"column":15}}]},"8":{"line":115,"type":"binary-expr","locations":[{"start":{"line":115,"column":15},"end":{"line":115,"column":14}},{"start":{"line":115,"column":38},"end":{"line":115,"column":8}}]},"9":{"line":120,"type":"switch","locations":[{"start":{"line":120,"column":12},"end":{"line":120,"column":11}},{"start":{"line":121,"column":12},"end":{"line":121,"column":11}},{"start":{"line":122,"column":12},"end":{"line":123,"column":16}},{"start":{"line":124,"column":12},"end":{"line":125,"column":16}}]},"10":{"line":143,"type":"binary-expr","locations":[{"start":{"line":143,"column":15},"end":{"line":143,"column":14}},{"start":{"line":143,"column":35},"end":{"line":143,"column":8}}]},"11":{"line":148,"type":"switch","locations":[{"start":{"line":148,"column":12},"end":{"line":148,"column":11}},{"start":{"line":149,"column":12},"end":{"line":150,"column":16}},{"start":{"line":151,"column":12},"end":{"line":152,"column":16}}]},"12":{"line":168,"type":"if","locations":[{"start":{"line":168,"column":8},"end":{"line":168,"column":7}},{"start":{"line":168,"column":8},"end":{"line":168,"column":7}}]},"13":{"line":170,"type":"switch","locations":[{"start":{"line":170,"column":16},"end":{"line":172,"column":20}},{"start":{"line":173,"column":16},"end":{"line":175,"column":20}},{"start":{"line":176,"column":16},"end":{"line":178,"column":20}},{"start":{"line":179,"column":16},"end":{"line":181,"column":20}}]}},"s":{"1":0,"2":0,"3":0,"4":0,"5":0,"6":0,"7":0,"8":0,"9":0,"10":0,"11":0,"12":0,"13":0,"14":0,"15":0,"16":0,"17":0,"18":0,"19":0,"20":0,"21":0,"22":0,"23":0,"24":0,"25":0,"26":0,"27":0,"28":0,"29":0,"30":0,"31":0,"32":0,"33":0,"34":0,"35":0,"36":0,"37":0,"38":0,"39":0,"40":0,"41":0,"42":0,"43":0,"44":0,"45":0,"46":0,"47":0,"48":0,"49":0,"50":0,"51":0,"52":0,"53":0},"b":{"1":[0,0],"2":[0,0],"3":[0,0],"4":[0,0],"5":[0,0,0,0],"6":[0,0],"7":[0,0],"8":[0,0],"9":[0,0,0,0],"10":[0,0],"11":[0,0,0],"12":[0,0],"13":[0,0,0,0]},"f":{"1":0,"2":0,"3":0,"4":0,"5":0,"6":0,"7":0,"8":0,"9":0,"10":0,"11":0,"12":0,"13":0,"14":0,"15":0,"16":0,"17":0,"18":0,"19":0,"20":0,"21":0,"22":0,"23":0,"24":0,"25":0,"26":0,"27":0,"28":0,"29":0,"30":0},"l":{"4":0,"5":0,"6":0,"26":0,"27":0,"28":0,"29":0,"37":0,"41":0,"45":0,"49":0,"53":0,"57":0,"61":0,"65":0,"69":0,"71":0,"78":0,"84":0,"88":0,"92":0,"107":0,"111":0,"115":0,"119":0,"123":0,"125":0,"135":0,"139":0,"143":0,"147":0,"150":0,"152":0,"160":0,"168":0,"169":0,"171":0,"172":0,"174":0,"175":0,"177":0,"178":0,"180":0,"181":0,"185":0,"189":0,"193":0,"197":0,"201":0,"205":0,"209":0,"214":0,"218":0}},
"src\\common\\nestedError.ts":{"path":"src\\common\\nestedError.ts","statementMap":{"1":{"start":{"line":9,"column":8},"end":{"line":9,"column":7}},"2":{"start":{"line":10,"column":8},"end":{"line":10,"column":7}},"3":{"start":{"line":11,"column":8},"end":{"line":11,"column":7}},"4":{"start":{"line":12,"column":8},"end":{"line":12,"column":7}},"5":{"start":{"line":13,"column":8},"end":{"line":13,"column":7}},"6":{"start":{"line":14,"column":8},"end":{"line":14,"column":7}},"7":{"start":{"line":18,"column":8},"end":{"line":18,"column":7}},"8":{"start":{"line":4,"column":0},"end":{"line":4,"column":-1}}},"fnMap":{"1":{"name":"(anonymous_1)","line":8,"loc":{"start":{"line":8,"column":4},"end":{"line":8,"column":62}}},"2":{"name":"(anonymous_2)","line":17,"loc":{"start":{"line":17,"column":4},"end":{"line":17,"column":21}}}},"branchMap":{"1":{"line":13,"type":"cond-expr","locations":[{"start":{"line":13,"column":38},"end":{"line":13,"column":23}},{"start":{"line":13,"column":70},"end":{"line":13,"column":8}}]}},"s":{"1":0,"2":0,"3":0,"4":0,"5":0,"6":0,"7":0,"8":0},"b":{"1":[0,0]},"f":{"1":0,"2":0},"l":{"4":0,"9":0,"10":0,"11":0,"12":0,"13":0,"14":0,"18":0}},
"src\\common\\outputVerifier.ts":{"path":"src\\common\\outputVerifier.ts","statementMap":{"1":{"start":{"line":4,"column":0},"end":{"line":4,"column":-1}},"2":{"start":{"line":6,"column":0},"end":{"line":6,"column":-1}},"3":{"start":{"line":7,"column":0},"end":{"line":7,"column":-1}},"4":{"start":{"line":21,"column":12},"end":{"line":21,"column":11}},"5":{"start":{"line":22,"column":12},"end":{"line":22,"column":11}},"6":{"start":{"line":25,"column":8},"end":{"line":25,"column":7}},"7":{"start":{"line":26,"column":8},"end":{"line":26,"column":7}},"8":{"start":{"line":27,"column":8},"end":{"line":27,"column":7}},"9":{"start":{"line":32,"column":8},"end":{"line":32,"column":7}},"10":{"start":{"line":33,"column":12},"end":{"line":32,"column":8}},"11":{"start":{"line":34,"column":8},"end":{"line":34,"column":7}},"12":{"start":{"line":35,"column":12},"end":{"line":34,"column":8}},"13":{"start":{"line":37,"column":8},"end":{"line":37,"column":7}},"14":{"start":{"line":40,"column":16},"end":{"line":40,"column":15}},"15":{"start":{"line":41,"column":16},"end":{"line":45,"column":17}},"16":{"start":{"line":42,"column":20},"end":{"line":41,"column":38}},"17":{"start":{"line":44,"column":20},"end":{"line":43,"column":23}},"18":{"start":{"line":47,"column":16},"end":{"line":46,"column":38}},"19":{"start":{"line":48,"column":20},"end":{"line":48,"column":19}},"20":{"start":{"line":50,"column":16},"end":{"line":50,"column":15}},"21":{"start":{"line":55,"column":8},"end":{"line":55,"column":7}},"22":{"start":{"line":56,"column":12},"end":{"line":56,"column":11}},"23":{"start":{"line":62,"column":8},"end":{"line":62,"column":7}},"24":{"start":{"line":63,"column":8},"end":{"line":63,"column":7}},"25":{"start":{"line":64,"column":12},"end":{"line":64,"column":11}},"26":{"start":{"line":69,"column":8},"end":{"line":69,"column":7}},"27":{"start":{"line":74,"column":8},"end":{"line":74,"column":7}},"28":{"start":{"line":75,"column":12},"end":{"line":75,"column":11}},"29":{"start":{"line":76,"column":12},"end":{"line":76,"column":11}},"30":{"start":{"line":16,"column":0},"end":{"line":16,"column":-1}}},"fnMap":{"1":{"name":"(anonymous_1)","line":24,"loc":{"start":{"line":24,"column":4},"end":{"line":24,"column":154}}},"2":{"name":"(anonymous_2)","line":30,"loc":{"start":{"line":30,"column":11},"end":{"line":30,"column":44}}},"3":{"name":"(anonymous_3)","line":54,"loc":{"start":{"line":54,"column":12},"end":{"line":54,"column":85}}},"4":{"name":"(anonymous_4)","line":61,"loc":{"start":{"line":61,"column":12},"end":{"line":61,"column":62}}},"5":{"name":"(anonymous_5)","line":73,"loc":{"start":{"line":73,"column":12},"end":{"line":73,"column":66}}}},"branchMap":{"1":{"line":41,"type":"if","locations":[{"start":{"line":41,"column":16},"end":{"line":41,"column":15}},{"start":{"line":41,"column":16},"end":{"line":41,"column":15}}]},"2":{"line":47,"type":"if","locations":[{"start":{"line":47,"column":16},"end":{"line":47,"column":15}},{"start":{"line":47,"column":16},"end":{"line":47,"column":15}}]},"3":{"line":65,"type":"cond-expr","locations":[{"start":{"line":65,"column":17},"end":{"line":64,"column":19}},{"start":{"line":66,"column":16},"end":{"line":64,"column":12}}]},"4":{"line":69,"type":"cond-expr","locations":[{"start":{"line":69,"column":37},"end":{"line":69,"column":15}},{"start":{"line":69,"column":69},"end":{"line":69,"column":8}}]}},"s":{"1":0,"2":0,"3":0,"4":0,"5":0,"6":0,"7":0,"8":0,"9":0,"10":0,"11":0,"12":0,"13":0,"14":0,"15":0,"16":0,"17":0,"18":0,"19":0,"20":0,"21":0,"22":0,"23":0,"24":0,"25":0,"26":0,"27":0,"28":0,"29":0,"30":0},"b":{"1":[0,0],"2":[0,0],"3":[0,0],"4":[0,0]},"f":{"1":0,"2":0,"3":0,"4":0,"5":0},"l":{"4":0,"6":0,"7":0,"16":0,"21":0,"22":0,"25":0,"26":0,"27":0,"32":0,"33":0,"34":0,"35":0,"37":0,"40":0,"41":0,"42":0,"44":0,"47":0,"48":0,"50":0,"55":0,"56":0,"62":0,"63":0,"64":0,"69":0,"74":0,"75":0,"76":0}},
"src\\common\\packager.ts":{"path":"src\\common\\packager.ts","statementMap":{"1":{"start":{"line":5,"column":0},"end":{"line":5,"column":-1}},"2":{"start":{"line":7,"column":0},"end":{"line":7,"column":-1}},"3":{"start":{"line":8,"column":0},"end":{"line":8,"column":-1}},"4":{"start":{"line":9,"column":0},"end":{"line":9,"column":-1}},"5":{"start":{"line":10,"column":0},"end":{"line":10,"column":-1}},"6":{"start":{"line":11,"column":0},"end":{"line":11,"column":-1}},"7":{"start":{"line":12,"column":0},"end":{"line":12,"column":-1}},"8":{"start":{"line":13,"column":0},"end":{"line":13,"column":-1}},"9":{"start":{"line":14,"column":0},"end":{"line":14,"column":-1}},"10":{"start":{"line":15,"column":0},"end":{"line":15,"column":-1}},"11":{"start":{"line":16,"column":0},"end":{"line":16,"column":-1}},"12":{"start":{"line":17,"column":0},"end":{"line":17,"column":-1}},"13":{"start":{"line":18,"column":0},"end":{"line":18,"column":-1}},"14":{"start":{"line":19,"column":0},"end":{"line":19,"column":-1}},"15":{"start":{"line":20,"column":0},"end":{"line":20,"column":-1}},"16":{"start":{"line":21,"column":0},"end":{"line":21,"column":-1}},"17":{"start":{"line":22,"column":0},"end":{"line":22,"column":-1}},"18":{"start":{"line":24,"column":0},"end":{"line":24,"column":-1}},"19":{"start":{"line":25,"column":0},"end":{"line":25,"column":-1}},"20":{"start":{"line":52,"column":24},"end":{"line":52,"column":23}},"21":{"start":{"line":52,"column":55},"end":{"line":52,"column":54}},"22":{"start":{"line":52,"column":84},"end":{"line":52,"column":83}},"23":{"start":{"line":32,"column":12},"end":{"line":32,"column":11}},"24":{"start":{"line":53,"column":8},"end":{"line":53,"column":7}},"25":{"start":{"line":54,"column":8},"end":{"line":54,"column":7}},"26":{"start":{"line":55,"column":8},"end":{"line":55,"column":7}},"27":{"start":{"line":59,"column":8},"end":{"line":59,"column":7}},"28":{"start":{"line":63,"column":8},"end":{"line":63,"column":7}},"29":{"start":{"line":67,"column":8},"end":{"line":67,"column":7}},"30":{"start":{"line":71,"column":8},"end":{"line":71,"column":7}},"31":{"start":{"line":74,"column":8},"end":{"line":74,"column":7}},"32":{"start":{"line":78,"column":8},"end":{"line":78,"column":7}},"33":{"start":{"line":82,"column":8},"end":{"line":82,"column":7}},"34":{"start":{"line":86,"column":8},"end":{"line":86,"column":7}},"35":{"start":{"line":88,"column":8},"end":{"line":90,"column":9}},"36":{"start":{"line":89,"column":12},"end":{"line":89,"column":11}},"37":{"start":{"line":92,"column":8},"end":{"line":92,"column":7}},"38":{"start":{"line":94,"column":12},"end":{"line":96,"column":13}},"39":{"start":{"line":95,"column":16},"end":{"line":95,"column":15}},"40":{"start":{"line":99,"column":12},"end":{"line":101,"column":13}},"41":{"start":{"line":100,"column":16},"end":{"line":100,"column":15}},"42":{"start":{"line":103,"column":12},"end":{"line":103,"column":11}},"43":{"start":{"line":105,"column":16},"end":{"line":105,"column":15}},"44":{"start":{"line":106,"column":20},"end":{"line":106,"column":19}},"45":{"start":{"line":109,"column":16},"end":{"line":109,"column":15}},"46":{"start":{"line":112,"column":16},"end":{"line":112,"column":15}},"47":{"start":{"line":114,"column":16},"end":{"line":114,"column":15}},"48":{"start":{"line":120,"column":8},"end":{"line":120,"column":7}},"49":{"start":{"line":121,"column":8},"end":{"line":121,"column":7}},"50":{"start":{"line":122,"column":8},"end":{"line":122,"column":7}},"51":{"start":{"line":124,"column":8},"end":{"line":124,"column":7}},"52":{"start":{"line":126,"column":12},"end":{"line":128,"column":13}},"53":{"start":{"line":127,"column":16},"end":{"line":127,"column":15}},"54":{"start":{"line":130,"column":12},"end":{"line":130,"column":11}},"55":{"start":{"line":132,"column":12},"end":{"line":132,"column":11}},"56":{"start":{"line":134,"column":16},"end":{"line":134,"column":15}},"57":{"start":{"line":135,"column":16},"end":{"line":135,"column":15}},"58":{"start":{"line":138,"column":16},"end":{"line":138,"column":15}},"59":{"start":{"line":144,"column":16},"end":{"line":144,"column":15}},"60":{"start":{"line":146,"column":16},"end":{"line":146,"column":15}},"61":{"start":{"line":147,"column":16},"end":{"line":152,"column":17}},"62":{"start":{"line":148,"column":20},"end":{"line":148,"column":19}},"63":{"start":{"line":150,"column":20},"end":{"line":150,"column":19}},"64":{"start":{"line":151,"column":20},"end":{"line":151,"column":19}},"65":{"start":{"line":154,"column":16},"end":{"line":154,"column":15}},"66":{"start":{"line":159,"column":16},"end":{"line":159,"column":15}},"67":{"start":{"line":163,"column":16},"end":{"line":163,"column":15}},"68":{"start":{"line":168,"column":16},"end":{"line":176,"column":17}},"69":{"start":{"line":169,"column":20},"end":{"line":169,"column":19}},"70":{"start":{"line":172,"column":20},"end":{"line":172,"column":19}},"71":{"start":{"line":178,"column":16},"end":{"line":178,"column":15}},"72":{"start":{"line":179,"column":16},"end":{"line":179,"column":15}},"73":{"start":{"line":180,"column":16},"end":{"line":140,"column":27}},"74":{"start":{"line":182,"column":16},"end":{"line":182,"column":15}},"75":{"start":{"line":186,"column":12},"end":{"line":186,"column":11}},"76":{"start":{"line":189,"column":12},"end":{"line":189,"column":11}},"77":{"start":{"line":190,"column":12},"end":{"line":198,"column":13}},"78":{"start":{"line":191,"column":16},"end":{"line":191,"column":15}},"79":{"start":{"line":192,"column":16},"end":{"line":192,"column":15}},"80":{"start":{"line":194,"column":16},"end":{"line":194,"column":15}},"81":{"start":{"line":195,"column":16},"end":{"line":197,"column":17}},"82":{"start":{"line":196,"column":20},"end":{"line":196,"column":19}},"83":{"start":{"line":203,"column":8},"end":{"line":203,"column":7}},"84":{"start":{"line":204,"column":8},"end":{"line":204,"column":7}},"85":{"start":{"line":206,"column":16},"end":{"line":219,"column":17}},"86":{"start":{"line":207,"column":20},"end":{"line":212,"column":21}},"87":{"start":{"line":208,"column":24},"end":{"line":210,"column":25}},"88":{"start":{"line":209,"column":28},"end":{"line":209,"column":27}},"89":{"start":{"line":211,"column":24},"end":{"line":211,"column":23}},"90":{"start":{"line":213,"column":20},"end":{"line":213,"column":19}},"91":{"start":{"line":215,"column":20},"end":{"line":217,"column":21}},"92":{"start":{"line":216,"column":24},"end":{"line":216,"column":23}},"93":{"start":{"line":218,"column":20},"end":{"line":218,"column":19}},"94":{"start":{"line":221,"column":16},"end":{"line":221,"column":15}},"95":{"start":{"line":222,"column":16},"end":{"line":222,"column":15}},"96":{"start":{"line":227,"column":8},"end":{"line":229,"column":9}},"97":{"start":{"line":228,"column":12},"end":{"line":228,"column":11}},"98":{"start":{"line":231,"column":8},"end":{"line":231,"column":7}},"99":{"start":{"line":233,"column":16},"end":{"line":243,"column":17}},"100":{"start":{"line":234,"column":20},"end":{"line":237,"column":21}},"101":{"start":{"line":235,"column":24},"end":{"line":235,"column":23}},"102":{"start":{"line":236,"column":24},"end":{"line":236,"column":23}},"103":{"start":{"line":239,"column":20},"end":{"line":239,"column":19}},"104":{"start":{"line":239,"column":65},"end":{"line":239,"column":27}},"105":{"start":{"line":241,"column":20},"end":{"line":241,"column":19}},"106":{"start":{"line":242,"column":20},"end":{"line":242,"column":19}},"107":{"start":{"line":246,"column":16},"end":{"line":250,"column":17}},"108":{"start":{"line":247,"column":20},"end":{"line":247,"column":19}},"109":{"start":{"line":249,"column":20},"end":{"line":249,"column":19}},"110":{"start":{"line":255,"column":8},"end":{"line":257,"column":9}},"111":{"start":{"line":256,"column":12},"end":{"line":256,"column":11}},"112":{"start":{"line":259,"column":8},"end":{"line":259,"column":7}},"113":{"start":{"line":261,"column":16},"end":{"line":263,"column":17}},"114":{"start":{"line":262,"column":20},"end":{"line":262,"column":19}},"115":{"start":{"line":264,"column":16},"end":{"line":264,"column":15}},"116":{"start":{"line":265,"column":16},"end":{"line":260,"column":28}},"117":{"start":{"line":267,"column":16},"end":{"line":267,"column":15}},"118":{"start":{"line":269,"column":20},"end":{"line":269,"column":19}},"119":{"start":{"line":270,"column":20},"end":{"line":277,"column":21}},"120":{"start":{"line":271,"column":24},"end":{"line":271,"column":23}},"121":{"start":{"line":272,"column":27},"end":{"line":277,"column":21}},"122":{"start":{"line":273,"column":24},"end":{"line":273,"column":23}},"123":{"start":{"line":275,"column":24},"end":{"line":275,"column":23}},"124":{"start":{"line":276,"column":24},"end":{"line":276,"column":23}},"125":{"start":{"line":279,"column":20},"end":{"line":279,"column":19}},"126":{"start":{"line":280,"column":20},"end":{"line":280,"column":19}},"127":{"start":{"line":281,"column":20},"end":{"line":281,"column":19}},"128":{"start":{"line":283,"column":28},"end":{"line":283,"column":27}},"129":{"start":{"line":294,"column":8},"end":{"line":294,"column":7}},"130":{"start":{"line":295,"column":8},"end":{"line":295,"column":7}},"131":{"start":{"line":297,"column":16},"end":{"line":297,"column":15}},"132":{"start":{"line":300,"column":16},"end":{"line":300,"column":15}},"133":{"start":{"line":305,"column":8},"end":{"line":305,"column":7}},"134":{"start":{"line":306,"column":8},"end":{"line":306,"column":7}},"135":{"start":{"line":306,"column":35},"end":{"line":306,"column":15}},"136":{"start":{"line":306,"column":66},"end":{"line":306,"column":15}},"137":{"start":{"line":310,"column":8},"end":{"line":335,"column":9}},"138":{"start":{"line":311,"column":12},"end":{"line":311,"column":11}},"139":{"start":{"line":312,"column":12},"end":{"line":316,"column":13}},"140":{"start":{"line":313,"column":16},"end":{"line":313,"column":15}},"141":{"start":{"line":315,"column":16},"end":{"line":315,"column":15}},"142":{"start":{"line":317,"column":12},"end":{"line":317,"column":11}},"143":{"start":{"line":320,"column":12},"end":{"line":320,"column":11}},"144":{"start":{"line":323,"column":12},"end":{"line":323,"column":11}},"145":{"start":{"line":327,"column":12},"end":{"line":327,"column":11}},"146":{"start":{"line":328,"column":12},"end":{"line":328,"column":11}},"147":{"start":{"line":329,"column":16},"end":{"line":328,"column":25}},"148":{"start":{"line":330,"column":20},"end":{"line":329,"column":16}},"149":{"start":{"line":334,"column":12},"end":{"line":334,"column":11}},"150":{"start":{"line":339,"column":8},"end":{"line":339,"column":7}},"151":{"start":{"line":340,"column":8},"end":{"line":340,"column":7}},"152":{"start":{"line":343,"column":8},"end":{"line":343,"column":7}},"153":{"start":{"line":345,"column":16},"end":{"line":345,"column":15}},"154":{"start":{"line":347,"column":16},"end":{"line":347,"column":15}},"155":{"start":{"line":348,"column":16},"end":{"line":348,"column":15}},"156":{"start":{"line":350,"column":16},"end":{"line":350,"column":15}},"157":{"start":{"line":351,"column":16},"end":{"line":351,"column":15}},"158":{"start":{"line":352,"column":16},"end":{"line":356,"column":17}},"159":{"start":{"line":353,"column":20},"end":{"line":353,"column":19}},"160":{"start":{"line":355,"column":20},"end":{"line":355,"column":19}},"161":{"start":{"line":357,"column":16},"end":{"line":357,"column":15}},"162":{"start":{"line":358,"column":16},"end":{"line":365,"column":17}},"163":{"start":{"line":360,"column":20},"end":{"line":360,"column":19}},"164":{"start":{"line":363,"column":28},"end":{"line":363,"column":27}},"165":{"start":{"line":366,"column":16},"end":{"line":366,"column":15}},"166":{"start":{"line":371,"column":8},"end":{"line":371,"column":7}},"167":{"start":{"line":372,"column":8},"end":{"line":372,"column":7}},"168":{"start":{"line":373,"column":12},"end":{"line":373,"column":11}},"169":{"start":{"line":375,"column":12},"end":{"line":375,"column":11}},"170":{"start":{"line":377,"column":12},"end":{"line":377,"column":11}},"171":{"start":{"line":379,"column":16},"end":{"line":393,"column":17}},"172":{"start":{"line":380,"column":20},"end":{"line":380,"column":19}},"173":{"start":{"line":381,"column":20},"end":{"line":381,"column":19}},"174":{"start":{"line":383,"column":28},"end":{"line":383,"column":27}},"175":{"start":{"line":386,"column":28},"end":{"line":388,"column":29}},"176":{"start":{"line":387,"column":32},"end":{"line":387,"column":31}},"177":{"start":{"line":389,"column":28},"end":{"line":389,"column":27}},"178":{"start":{"line":392,"column":20},"end":{"line":392,"column":19}},"179":{"start":{"line":399,"column":8},"end":{"line":399,"column":7}},"180":{"start":{"line":403,"column":8},"end":{"line":405,"column":9}},"181":{"start":{"line":404,"column":12},"end":{"line":404,"column":11}},"182":{"start":{"line":407,"column":8},"end":{"line":407,"column":7}},"183":{"start":{"line":419,"column":8},"end":{"line":419,"column":7}},"184":{"start":{"line":27,"column":0},"end":{"line":27,"column":-1}},"185":{"start":{"line":28,"column":18},"end":{"line":28,"column":17}},"186":{"start":{"line":35,"column":19},"end":{"line":35,"column":18}},"187":{"start":{"line":39,"column":19},"end":{"line":39,"column":18}},"188":{"start":{"line":40,"column":19},"end":{"line":40,"column":18}},"189":{"start":{"line":41,"column":19},"end":{"line":41,"column":18}},"190":{"start":{"line":42,"column":19},"end":{"line":42,"column":18}},"191":{"start":{"line":46,"column":19},"end":{"line":46,"column":18}},"192":{"start":{"line":47,"column":19},"end":{"line":47,"column":18}},"193":{"start":{"line":48,"column":19},"end":{"line":48,"column":18}}},"fnMap":{"1":{"name":"(anonymous_1)","line":52,"loc":{"start":{"line":52,"column":4},"end":{"line":52,"column":156}}},"2":{"name":"(anonymous_2)","line":58,"loc":{"start":{"line":58,"column":11},"end":{"line":58,"column":18}}},"3":{"name":"(anonymous_3)","line":62,"loc":{"start":{"line":62,"column":11},"end":{"line":62,"column":48}}},"4":{"name":"(anonymous_4)","line":66,"loc":{"start":{"line":66,"column":11},"end":{"line":66,"column":45}}},"5":{"name":"(anonymous_5)","line":70,"loc":{"start":{"line":70,"column":11},"end":{"line":70,"column":29}}},"6":{"name":"(anonymous_6)","line":73,"loc":{"start":{"line":73,"column":11},"end":{"line":73,"column":18}}},"7":{"name":"(anonymous_7)","line":77,"loc":{"start":{"line":77,"column":11},"end":{"line":77,"column":28}}},"8":{"name":"(anonymous_8)","line":81,"loc":{"start":{"line":81,"column":11},"end":{"line":81,"column":25}}},"9":{"name":"(anonymous_9)","line":85,"loc":{"start":{"line":85,"column":11},"end":{"line":85,"column":73}}},"10":{"name":"(anonymous_10)","line":119,"loc":{"start":{"line":119,"column":11},"end":{"line":119,"column":44}}},"11":{"name":"(anonymous_11)","line":202,"loc":{"start":{"line":202,"column":11},"end":{"line":202,"column":39}}},"12":{"name":"(anonymous_12)","line":226,"loc":{"start":{"line":226,"column":11},"end":{"line":226,"column":31}}},"13":{"name":"(anonymous_13)","line":254,"loc":{"start":{"line":254,"column":11},"end":{"line":254,"column":46}}},"14":{"name":"(anonymous_14)","line":293,"loc":{"start":{"line":293,"column":11},"end":{"line":293,"column":20}}},"15":{"name":"(anonymous_15)","line":304,"loc":{"start":{"line":304,"column":12},"end":{"line":304,"column":52}}},"16":{"name":"(anonymous_16)","line":309,"loc":{"start":{"line":309,"column":12},"end":{"line":309,"column":53}}},"17":{"name":"(anonymous_17)","line":338,"loc":{"start":{"line":338,"column":12},"end":{"line":338,"column":66}}},"18":{"name":"(anonymous_18)","line":370,"loc":{"start":{"line":370,"column":12},"end":{"line":370,"column":31}}},"19":{"name":"(anonymous_19)","line":398,"loc":{"start":{"line":398,"column":12},"end":{"line":398,"column":37}}},"20":{"name":"(anonymous_20)","line":413,"loc":{"start":{"line":413,"column":12},"end":{"line":413,"column":31}}}},"branchMap":{"1":{"line":54,"type":"binary-expr","locations":[{"start":{"line":54,"column":39},"end":{"line":54,"column":38}},{"start":{"line":54,"column":66},"end":{"line":54,"column":8}}]},"2":{"line":59,"type":"binary-expr","locations":[{"start":{"line":59,"column":15},"end":{"line":59,"column":14}},{"start":{"line":59,"column":36},"end":{"line":59,"column":8}}]},"3":{"line":88,"type":"if","locations":[{"start":{"line":88,"column":8},"end":{"line":88,"column":7}},{"start":{"line":88,"column":8},"end":{"line":88,"column":7}}]},"4":{"line":94,"type":"if","locations":[{"start":{"line":94,"column":12},"end":{"line":94,"column":11}},{"start":{"line":94,"column":12},"end":{"line":94,"column":11}}]},"5":{"line":99,"type":"if","locations":[{"start":{"line":99,"column":12},"end":{"line":99,"column":11}},{"start":{"line":99,"column":12},"end":{"line":99,"column":11}}]},"6":{"line":126,"type":"if","locations":[{"start":{"line":126,"column":12},"end":{"line":126,"column":11}},{"start":{"line":126,"column":12},"end":{"line":126,"column":11}}]},"7":{"line":147,"type":"if","locations":[{"start":{"line":147,"column":16},"end":{"line":147,"column":15}},{"start":{"line":147,"column":16},"end":{"line":147,"column":15}}]},"8":{"line":147,"type":"binary-expr","locations":[{"start":{"line":147,"column":20},"end":{"line":147,"column":19}},{"start":{"line":147,"column":40},"end":{"line":147,"column":39}},{"start":{"line":147,"column":63},"end":{"line":147,"column":20}}]},"9":{"line":156,"type":"cond-expr","locations":[{"start":{"line":156,"column":76},"end":{"line":156,"column":34}},{"start":{"line":156,"column":85},"end":{"line":156,"column":84}}]},"10":{"line":168,"type":"if","locations":[{"start":{"line":168,"column":16},"end":{"line":168,"column":15}},{"start":{"line":168,"column":16},"end":{"line":168,"column":15}}]},"11":{"line":168,"type":"binary-expr","locations":[{"start":{"line":168,"column":20},"end":{"line":168,"column":19}},{"start":{"line":168,"column":39},"end":{"line":168,"column":16}}]},"12":{"line":190,"type":"if","locations":[{"start":{"line":190,"column":12},"end":{"line":190,"column":11}},{"start":{"line":190,"column":12},"end":{"line":190,"column":11}}]},"13":{"line":195,"type":"if","locations":[{"start":{"line":195,"column":16},"end":{"line":195,"column":15}},{"start":{"line":195,"column":16},"end":{"line":195,"column":15}}]},"14":{"line":206,"type":"if","locations":[{"start":{"line":206,"column":16},"end":{"line":206,"column":15}},{"start":{"line":206,"column":16},"end":{"line":206,"column":15}}]},"15":{"line":207,"type":"if","locations":[{"start":{"line":207,"column":20},"end":{"line":207,"column":19}},{"start":{"line":207,"column":20},"end":{"line":207,"column":19}}]},"16":{"line":208,"type":"if","locations":[{"start":{"line":208,"column":24},"end":{"line":208,"column":23}},{"start":{"line":208,"column":24},"end":{"line":208,"column":23}}]},"17":{"line":215,"type":"if","locations":[{"start":{"line":215,"column":20},"end":{"line":215,"column":19}},{"start":{"line":215,"column":20},"end":{"line":215,"column":19}}]},"18":{"line":227,"type":"if","locations":[{"start":{"line":227,"column":8},"end":{"line":227,"column":7}},{"start":{"line":227,"column":8},"end":{"line":227,"column":7}}]},"19":{"line":227,"type":"binary-expr","locations":[{"start":{"line":227,"column":12},"end":{"line":227,"column":11}},{"start":{"line":227,"column":30},"end":{"line":227,"column":8}}]},"20":{"line":233,"type":"if","locations":[{"start":{"line":233,"column":16},"end":{"line":233,"column":15}},{"start":{"line":233,"column":16},"end":{"line":233,"column":15}}]},"21":{"line":234,"type":"if","locations":[{"start":{"line":234,"column":20},"end":{"line":234,"column":19}},{"start":{"line":234,"column":20},"end":{"line":234,"column":19}}]},"22":{"line":246,"type":"if","locations":[{"start":{"line":246,"column":16},"end":{"line":246,"column":15}},{"start":{"line":246,"column":16},"end":{"line":246,"column":15}}]},"23":{"line":255,"type":"if","locations":[{"start":{"line":255,"column":8},"end":{"line":255,"column":7}},{"start":{"line":255,"column":8},"end":{"line":255,"column":7}}]},"24":{"line":261,"type":"if","locations":[{"start":{"line":261,"column":16},"end":{"line":261,"column":15}},{"start":{"line":261,"column":16},"end":{"line":261,"column":15}}]},"25":{"line":270,"type":"if","locations":[{"start":{"line":270,"column":20},"end":{"line":270,"column":19}},{"start":{"line":270,"column":20},"end":{"line":270,"column":19}}]},"26":{"line":272,"type":"if","locations":[{"start":{"line":272,"column":27},"end":{"line":272,"column":26}},{"start":{"line":272,"column":27},"end":{"line":272,"column":26}}]},"27":{"line":312,"type":"if","locations":[{"start":{"line":312,"column":12},"end":{"line":312,"column":11}},{"start":{"line":312,"column":12},"end":{"line":312,"column":11}}]},"28":{"line":331,"type":"cond-expr","locations":[{"start":{"line":331,"column":26},"end":{"line":330,"column":20}},{"start":{"line":332,"column":26},"end":{"line":329,"column":16}}]},"29":{"line":352,"type":"if","locations":[{"start":{"line":352,"column":16},"end":{"line":352,"column":15}},{"start":{"line":352,"column":16},"end":{"line":352,"column":15}}]},"30":{"line":358,"type":"if","locations":[{"start":{"line":358,"column":16},"end":{"line":358,"column":15}},{"start":{"line":358,"column":16},"end":{"line":358,"column":15}}]},"31":{"line":379,"type":"if","locations":[{"start":{"line":379,"column":16},"end":{"line":379,"column":15}},{"start":{"line":379,"column":16},"end":{"line":379,"column":15}}]},"32":{"line":386,"type":"if","locations":[{"start":{"line":386,"column":28},"end":{"line":386,"column":27}},{"start":{"line":386,"column":28},"end":{"line":386,"column":27}}]},"33":{"line":403,"type":"if","locations":[{"start":{"line":403,"column":8},"end":{"line":403,"column":7}},{"start":{"line":403,"column":8},"end":{"line":403,"column":7}}]}},"s":{"1":0,"2":0,"3":0,"4":0,"5":0,"6":0,"7":0,"8":0,"9":0,"10":0,"11":0,"12":0,"13":0,"14":0,"15":0,"16":0,"17":0,"18":0,"19":0,"20":0,"21":0,"22":0,"23":0,"24":0,"25":0,"26":0,"27":0,"28":0,"29":0,"30":0,"31":0,"32":0,"33":0,"34":0,"35":0,"36":0,"37":0,"38":0,"39":0,"40":0,"41":0,"42":0,"43":0,"44":0,"45":0,"46":0,"47":0,"48":0,"49":0,"50":0,"51":0,"52":0,"53":0,"54":0,"55":0,"56":0,"57":0,"58":0,"59":0,"60":0,"61":0,"62":0,"63":0,"64":0,"65":0,"66":0,"67":0,"68":0,"69":0,"70":0,"71":0,"72":0,"73":0,"74":0,"75":0,"76":0,"77":0,"78":0,"79":0,"80":0,"81":0,"82":0,"83":0,"84":0,"85":0,"86":0,"87":0,"88":0,"89":0,"90":0,"91":0,"92":0,"93":0,"94":0,"95":0,"96":0,"97":0,"98":0,"99":0,"100":0,"101":0,"102":0,"103":0,"104":0,"105":0,"106":0,"107":0,"108":0,"109":0,"110":0,"111":0,"112":0,"113":0,"114":0,"115":0,"116":0,"117":0,"118":0,"119":0,"120":0,"121":0,"122":0,"123":0,"124":0,"125":0,"126":0,"127":0,"128":0,"129":0,"130":0,"131":0,"132":0,"133":0,"134":0,"135":0,"136":0,"137":0,"138":0,"139":0,"140":0,"141":0,"142":0,"143":0,"144":0,"145":0,"146":0,"147":0,"148":0,"149":0,"150":0,"151":0,"152":0,"153":0,"154":0,"155":0,"156":0,"157":0,"158":0,"159":0,"160":0,"161":0,"162":0,"163":0,"164":0,"165":0,"166":0,"167":0,"168":0,"169":0,"170":0,"171":0,"172":0,"173":0,"174":0,"175":0,"176":0,"177":0,"178":0,"179":0,"180":0,"181":0,"182":0,"183":0,"184":0,"185":0,"186":0,"187":0,"188":0,"189":0,"190":0,"191":0,"192":0,"193":0},"b":{"1":[0,0],"2":[0,0],"3":[0,0],"4":[0,0],"5":[0,0],"6":[0,0],"7":[0,0],"8":[0,0,0],"9":[0,0],"10":[0,0],"11":[0,0],"12":[0,0],"13":[0,0],"14":[0,0],"15":[0,0],"16":[0,0],"17":[0,0],"18":[0,0],"19":[0,0],"20":[0,0],"21":[0,0],"22":[0,0],"23":[0,0],"24":[0,0],"25":[0,0],"26":[0,0],"27":[0,0],"28":[0,0],"29":[0,0],"30":[0,0],"31":[0,0],"32":[0,0],"33":[0,0]},"f":{"1":0,"2":0,"3":0,"4":0,"5":0,"6":0,"7":0,"8":0,"9":0,"10":0,"11":0,"12":0,"13":0,"14":0,"15":0,"16":0,"17":0,"18":0,"19":0,"20":0},"l":{"5":0,"7":0,"8":0,"9":0,"10":0,"11":0,"12":0,"13":0,"14":0,"15":0,"16":0,"17":0,"18":0,"19":0,"20":0,"21":0,"22":0,"24":0,"25":0,"27":0,"28":0,"32":0,"35":0,"39":0,"40":0,"41":0,"42":0,"46":0,"47":0,"48":0,"52":0,"53":0,"54":0,"55":0,"59":0,"63":0,"67":0,"71":0,"74":0,"78":0,"82":0,"86":0,"88":0,"89":0,"92":0,"94":0,"95":0,"99":0,"100":0,"103":0,"105":0,"106":0,"109":0,"112":0,"114":0,"120":0,"121":0,"122":0,"124":0,"126":0,"127":0,"130":0,"132":0,"134":0,"135":0,"138":0,"144":0,"146":0,"147":0,"148":0,"150":0,"151":0,"154":0,"159":0,"163":0,"168":0,"169":0,"172":0,"178":0,"179":0,"180":0,"182":0,"186":0,"189":0,"190":0,"191":0,"192":0,"194":0,"195":0,"196":0,"203":0,"204":0,"206":0,"207":0,"208":0,"209":0,"211":0,"213":0,"215":0,"216":0,"218":0,"221":0,"222":0,"227":0,"228":0,"231":0,"233":0,"234":0,"235":0,"236":0,"239":0,"241":0,"242":0,"246":0,"247":0,"249":0,"255":0,"256":0,"259":0,"261":0,"262":0,"264":0,"265":0,"267":0,"269":0,"270":0,"271":0,"272":0,"273":0,"275":0,"276":0,"279":0,"280":0,"281":0,"283":0,"294":0,"295":0,"297":0,"300":0,"305":0,"306":0,"310":0,"311":0,"312":0,"313":0,"315":0,"317":0,"320":0,"323":0,"327":0,"328":0,"329":0,"330":0,"334":0,"339":0,"340":0,"343":0,"345":0,"347":0,"348":0,"350":0,"351":0,"352":0,"353":0,"355":0,"357":0,"358":0,"360":0,"363":0,"366":0,"371":0,"372":0,"373":0,"375":0,"377":0,"379":0,"380":0,"381":0,"383":0,"386":0,"387":0,"389":0,"392":0,"399":0,"403":0,"404":0,"407":0,"419":0}},
"src\\common\\packagerStatus.ts":{"path":"src\\common\\packagerStatus.ts","statementMap":{"1":{"start":{"line":4,"column":0},"end":{"line":4,"column":-1}},"2":{"start":{"line":5,"column":0},"end":{"line":5,"column":-1}},"3":{"start":{"line":7,"column":0},"end":{"line":18,"column":1}},"4":{"start":{"line":8,"column":4},"end":{"line":8,"column":3}},"5":{"start":{"line":9,"column":4},"end":{"line":9,"column":3}},"6":{"start":{"line":11,"column":12},"end":{"line":11,"column":11}},"7":{"start":{"line":16,"column":12},"end":{"line":16,"column":11}},"8":{"start":{"line":7,"column":0},"end":{"line":7,"column":-1}}},"fnMap":{"1":{"name":"ensurePackagerRunning","line":7,"loc":{"start":{"line":7,"column":0},"end":{"line":7,"column":95}}}},"branchMap":{"1":{"line":12,"type":"cond-expr","locations":[{"start":{"line":12,"column":16},"end":{"line":11,"column":19}},{"start":{"line":13,"column":16},"end":{"line":11,"column":12}}]}},"s":{"1":0,"2":0,"3":1,"4":0,"5":0,"6":0,"7":0,"8":0},"b":{"1":[0,0]},"f":{"1":0},"l":{"4":0,"5":0,"7":1,"8":0,"9":0,"11":0,"16":0}},
"src\\common\\projectVersionHelper.ts":{"path":"src\\common\\projectVersionHelper.ts","statementMap":{"1":{"start":{"line":4,"column":0},"end":{"line":4,"column":-1}},"2":{"start":{"line":5,"column":0},"end":{"line":5,"column":-1}},"3":{"start":{"line":6,"column":0},"end":{"line":6,"column":-1}},"4":{"start":{"line":7,"column":0},"end":{"line":7,"column":-1}},"5":{"start":{"line":8,"column":0},"end":{"line":8,"column":-1}},"6":{"start":{"line":9,"column":0},"end":{"line":9,"column":-1}},"7":{"start":{"line":11,"column":0},"end":{"line":11,"column":-1}},"8":{"start":{"line":26,"column":8},"end":{"line":26,"column":7}},"9":{"start":{"line":30,"column":8},"end":{"line":30,"column":7}},"10":{"start":{"line":32,"column":16},"end":{"line":32,"column":15}},"11":{"start":{"line":37,"column":8},"end":{"line":37,"column":7}},"12":{"start":{"line":44,"column":8},"end":{"line":49,"column":9}},"13":{"start":{"line":45,"column":12},"end":{"line":45,"column":11}},"14":{"start":{"line":51,"column":8},"end":{"line":51,"column":7}},"15":{"start":{"line":53,"column":8},"end":{"line":53,"column":7}},"16":{"start":{"line":54,"column":12},"end":{"line":54,"column":11}},"17":{"start":{"line":59,"column":8},"end":{"line":59,"column":7}},"18":{"start":{"line":60,"column":12},"end":{"line":60,"column":11}},"19":{"start":{"line":61,"column":16},"end":{"line":61,"column":15}},"20":{"start":{"line":65,"column":12},"end":{"line":67,"column":13}},"21":{"start":{"line":66,"column":16},"end":{"line":66,"column":15}},"22":{"start":{"line":68,"column":12},"end":{"line":68,"column":11}},"23":{"start":{"line":76,"column":8},"end":{"line":76,"column":7}},"24":{"start":{"line":83,"column":8},"end":{"line":88,"column":9}},"25":{"start":{"line":84,"column":12},"end":{"line":84,"column":11}},"26":{"start":{"line":90,"column":8},"end":{"line":90,"column":7}},"27":{"start":{"line":92,"column":8},"end":{"line":92,"column":7}},"28":{"start":{"line":94,"column":16},"end":{"line":94,"column":15}},"29":{"start":{"line":96,"column":24},"end":{"line":96,"column":23}},"30":{"start":{"line":98,"column":24},"end":{"line":98,"column":23}},"31":{"start":{"line":99,"column":28},"end":{"line":109,"column":29}},"32":{"start":{"line":100,"column":32},"end":{"line":106,"column":33}},"33":{"start":{"line":101,"column":36},"end":{"line":101,"column":35}},"34":{"start":{"line":102,"column":39},"end":{"line":106,"column":33}},"35":{"start":{"line":103,"column":36},"end":{"line":103,"column":35}},"36":{"start":{"line":105,"column":36},"end":{"line":105,"column":35}},"37":{"start":{"line":108,"column":32},"end":{"line":108,"column":31}},"38":{"start":{"line":112,"column":24},"end":{"line":112,"column":23}},"39":{"start":{"line":118,"column":27},"end":{"line":118,"column":19}},"40":{"start":{"line":125,"column":8},"end":{"line":125,"column":7}},"41":{"start":{"line":129,"column":8},"end":{"line":141,"column":9}},"42":{"start":{"line":130,"column":12},"end":{"line":130,"column":11}},"43":{"start":{"line":132,"column":12},"end":{"line":132,"column":11}},"44":{"start":{"line":135,"column":12},"end":{"line":139,"column":13}},"45":{"start":{"line":136,"column":16},"end":{"line":136,"column":15}},"46":{"start":{"line":138,"column":16},"end":{"line":138,"column":15}},"47":{"start":{"line":140,"column":12},"end":{"line":140,"column":11}},"48":{"start":{"line":145,"column":8},"end":{"line":145,"column":7}},"49":{"start":{"line":146,"column":30},"end":{"line":146,"column":18}},"50":{"start":{"line":147,"column":27},"end":{"line":147,"column":19}},"51":{"start":{"line":22,"column":0},"end":{"line":22,"column":-1}}},"fnMap":{"1":{"name":"(anonymous_1)","line":24,"loc":{"start":{"line":24,"column":11},"end":{"line":24,"column":53}}},"2":{"name":"(anonymous_2)","line":29,"loc":{"start":{"line":29,"column":11},"end":{"line":29,"column":90}}},"3":{"name":"(anonymous_3)","line":36,"loc":{"start":{"line":36,"column":11},"end":{"line":36,"column":112}}},"4":{"name":"(anonymous_4)","line":75,"loc":{"start":{"line":75,"column":11},"end":{"line":75,"column":100}}},"5":{"name":"(anonymous_5)","line":124,"loc":{"start":{"line":124,"column":11},"end":{"line":124,"column":48}}},"6":{"name":"(anonymous_6)","line":128,"loc":{"start":{"line":128,"column":11},"end":{"line":128,"column":81}}},"7":{"name":"(anonymous_7)","line":144,"loc":{"start":{"line":144,"column":12},"end":{"line":144,"column":103}}}},"branchMap":{"1":{"line":44,"type":"if","locations":[{"start":{"line":44,"column":8},"end":{"line":44,"column":7}},{"start":{"line":44,"column":8},"end":{"line":44,"column":7}}]},"2":{"line":65,"type":"if","locations":[{"start":{"line":65,"column":12},"end":{"line":65,"column":11}},{"start":{"line":65,"column":12},"end":{"line":65,"column":11}}]},"3":{"line":70,"type":"binary-expr","locations":[{"start":{"line":70,"column":43},"end":{"line":70,"column":42}},{"start":{"line":70,"column":86},"end":{"line":70,"column":104}}]},"4":{"line":83,"type":"if","locations":[{"start":{"line":83,"column":8},"end":{"line":83,"column":7}},{"start":{"line":83,"column":8},"end":{"line":83,"column":7}}]},"5":{"line":100,"type":"if","locations":[{"start":{"line":100,"column":32},"end":{"line":100,"column":31}},{"start":{"line":100,"column":32},"end":{"line":100,"column":31}}]},"6":{"line":102,"type":"if","locations":[{"start":{"line":102,"column":39},"end":{"line":102,"column":38}},{"start":{"line":102,"column":39},"end":{"line":102,"column":38}}]},"7":{"line":114,"type":"binary-expr","locations":[{"start":{"line":114,"column":55},"end":{"line":114,"column":54}},{"start":{"line":114,"column":104},"end":{"line":114,"column":122}}]},"8":{"line":130,"type":"binary-expr","locations":[{"start":{"line":130,"column":19},"end":{"line":130,"column":18}},{"start":{"line":130,"column":39},"end":{"line":130,"column":12}}]},"9":{"line":135,"type":"if","locations":[{"start":{"line":135,"column":12},"end":{"line":135,"column":11}},{"start":{"line":135,"column":12},"end":{"line":135,"column":11}}]},"10":{"line":140,"type":"binary-expr","locations":[{"start":{"line":140,"column":20},"end":{"line":140,"column":19}},{"start":{"line":140,"column":34},"end":{"line":140,"column":19}},{"start":{"line":140,"column":60},"end":{"line":140,"column":12}}]}},"s":{"1":0,"2":0,"3":0,"4":0,"5":0,"6":0,"7":0,"8":0,"9":0,"10":0,"11":0,"12":0,"13":0,"14":0,"15":0,"16":0,"17":0,"18":0,"19":0,"20":0,"21":0,"22":0,"23":0,"24":0,"25":0,"26":0,"27":0,"28":0,"29":0,"30":0,"31":0,"32":0,"33":0,"34":0,"35":0,"36":0,"37":0,"38":0,"39":0,"40":0,"41":0,"42":0,"43":0,"44":0,"45":0,"46":0,"47":0,"48":0,"49":0,"50":0,"51":0},"b":{"1":[0,0],"2":[0,0],"3":[0,0],"4":[0,0],"5":[0,0],"6":[0,0],"7":[0,0],"8":[0,0],"9":[0,0],"10":[0,0,0]},"f":{"1":0,"2":0,"3":0,"4":0,"5":0,"6":0,"7":0},"l":{"4":0,"5":0,"6":0,"7":0,"8":0,"9":0,"11":0,"22":0,"26":0,"30":0,"32":0,"37":0,"44":0,"45":0,"51":0,"53":0,"54":0,"59":0,"60":0,"61":0,"65":0,"66":0,"68":0,"76":0,"83":0,"84":0,"90":0,"92":0,"94":0,"96":0,"98":0,"99":0,"100":0,"101":0,"102":0,"103":0,"105":0,"108":0,"112":0,"118":0,"125":0,"129":0,"130":0,"132":0,"135":0,"136":0,"138":0,"140":0,"145":0,"146":0,"147":0}},
"src\\common\\reactNativeProjectHelper.ts":{"path":"src\\common\\reactNativeProjectHelper.ts","statementMap":{"1":{"start":{"line":4,"column":0},"end":{"line":4,"column":-1}},"2":{"start":{"line":5,"column":0},"end":{"line":5,"column":-1}},"3":{"start":{"line":6,"column":0},"end":{"line":6,"column":-1}},"4":{"start":{"line":7,"column":0},"end":{"line":7,"column":-1}},"5":{"start":{"line":21,"column":8},"end":{"line":23,"column":9}},"6":{"start":{"line":22,"column":12},"end":{"line":22,"column":11}},"7":{"start":{"line":24,"column":8},"end":{"line":24,"column":7}},"8":{"start":{"line":26,"column":16},"end":{"line":26,"column":15}},"9":{"start":{"line":31,"column":8},"end":{"line":33,"column":9}},"10":{"start":{"line":32,"column":12},"end":{"line":32,"column":11}},"11":{"start":{"line":35,"column":8},"end":{"line":35,"column":7}},"12":{"start":{"line":36,"column":8},"end":{"line":36,"column":7}},"13":{"start":{"line":37,"column":8},"end":{"line":37,"column":7}},"14":{"start":{"line":14,"column":0},"end":{"line":14,"column":-1}}},"fnMap":{"1":{"name":"(anonymous_1)","line":20,"loc":{"start":{"line":20,"column":11},"end":{"line":20,"column":58}}},"2":{"name":"(anonymous_2)","line":30,"loc":{"start":{"line":30,"column":11},"end":{"line":30,"column":51}}}},"branchMap":{"1":{"line":21,"type":"if","locations":[{"start":{"line":21,"column":8},"end":{"line":21,"column":7}},{"start":{"line":21,"column":8},"end":{"line":21,"column":7}}]},"2":{"line":21,"type":"binary-expr","locations":[{"start":{"line":21,"column":12},"end":{"line":21,"column":11}},{"start":{"line":21,"column":28},"end":{"line":21,"column":8}}]},"3":{"line":31,"type":"if","locations":[{"start":{"line":31,"column":8},"end":{"line":31,"column":7}},{"start":{"line":31,"column":8},"end":{"line":31,"column":7}}]},"4":{"line":31,"type":"binary-expr","locations":[{"start":{"line":31,"column":12},"end":{"line":31,"column":11}},{"start":{"line":31,"column":28},"end":{"line":31,"column":8}}]},"5":{"line":36,"type":"binary-expr","locations":[{"start":{"line":36,"column":28},"end":{"line":36,"column":27}},{"start":{"line":36,"column":60},"end":{"line":36,"column":59}},{"start":{"line":36,"column":96},"end":{"line":36,"column":28}}]}},"s":{"1":0,"2":0,"3":0,"4":0,"5":0,"6":0,"7":0,"8":0,"9":0,"10":0,"11":0,"12":0,"13":0,"14":0},"b":{"1":[0,0],"2":[0,0],"3":[0,0],"4":[0,0],"5":[0,0,0]},"f":{"1":0,"2":0},"l":{"4":0,"5":0,"6":0,"7":0,"14":0,"21":0,"22":0,"24":0,"26":0,"31":0,"32":0,"35":0,"36":0,"37":0}},
"src\\common\\remoteExtension.ts":{"path":"src\\common\\remoteExtension.ts","statementMap":{"1":{"start":{"line":4,"column":0},"end":{"line":4,"column":-1}},"2":{"start":{"line":5,"column":0},"end":{"line":5,"column":-1}},"3":{"start":{"line":6,"column":0},"end":{"line":6,"column":-1}},"4":{"start":{"line":52,"column":24},"end":{"line":52,"column":23}},"5":{"start":{"line":42,"column":8},"end":{"line":42,"column":7}},"6":{"start":{"line":43,"column":8},"end":{"line":43,"column":7}},"7":{"start":{"line":44,"column":8},"end":{"line":44,"column":7}},"8":{"start":{"line":45,"column":12},"end":{"line":45,"column":11}},"9":{"start":{"line":47,"column":8},"end":{"line":47,"column":7}},"10":{"start":{"line":49,"column":8},"end":{"line":49,"column":7}},"11":{"start":{"line":55,"column":8},"end":{"line":55,"column":7}},"12":{"start":{"line":59,"column":8},"end":{"line":59,"column":7}},"13":{"start":{"line":64,"column":8},"end":{"line":64,"column":7}},"14":{"start":{"line":72,"column":8},"end":{"line":72,"column":7}},"15":{"start":{"line":76,"column":8},"end":{"line":76,"column":7}},"16":{"start":{"line":80,"column":8},"end":{"line":80,"column":7}},"17":{"start":{"line":84,"column":8},"end":{"line":84,"column":7}},"18":{"start":{"line":88,"column":8},"end":{"line":88,"column":7}},"19":{"start":{"line":92,"column":8},"end":{"line":92,"column":7}},"20":{"start":{"line":96,"column":8},"end":{"line":96,"column":7}},"21":{"start":{"line":100,"column":8},"end":{"line":100,"column":7}},"22":{"start":{"line":40,"column":0},"end":{"line":40,"column":-1}}},"fnMap":{"1":{"name":"(anonymous_1)","line":52,"loc":{"start":{"line":52,"column":4},"end":{"line":52,"column":46}}},"2":{"name":"(anonymous_2)","line":41,"loc":{"start":{"line":41,"column":11},"end":{"line":41,"column":59}}},"3":{"name":"(anonymous_3)","line":54,"loc":{"start":{"line":54,"column":4},"end":{"line":54,"column":18}}},"4":{"name":"(anonymous_4)","line":58,"loc":{"start":{"line":58,"column":11},"end":{"line":58,"column":31}}},"5":{"name":"(anonymous_5)","line":62,"loc":{"start":{"line":62,"column":11},"end":{"line":63,"column":127}}},"6":{"name":"(anonymous_6)","line":75,"loc":{"start":{"line":75,"column":11},"end":{"line":75,"column":66}}},"7":{"name":"(anonym
[...]
9,"column":8},"end":{"line":79,"column":7}},"36":{"start":{"line":83,"column":8},"end":{"line":83,"column":7}},"37":{"start":{"line":84,"column":8},"end":{"line":84,"column":7}},"38":{"start":{"line":85,"column":8},"end":{"line":87,"column":9}},"39":{"start":{"line":86,"column":12},"end":{"line":86,"column":11}},"40":{"start":{"line":90,"column":8},"end":{"line":95,"column":9}},"41":{"start":{"line":91,"column":12},"end":{"line":91,"column":11}},"42":{"start":{"line":92,"column":12},"end":{"line":94,"column":13}},"43":{"start":{"line":93,"column":16},"end":{"line":93,"column":15}},"44":{"start":{"line":99,"column":8},"end":{"line":99,"column":7}},"45":{"start":{"line":103,"column":8},"end":{"line":103,"column":7}},"46":{"start":{"line":104,"column":8},"end":{"line":106,"column":9}},"47":{"start":{"line":105,"column":12},"end":{"line":105,"column":11}},"48":{"start":{"line":110,"column":8},"end":{"line":110,"column":7}},"49":{"start":{"line":114,"column":8},"end":{"line":114,"column":7}},"50":{"start":{"line":118,"column":8},"end":{"line":118,"column":7}},"51":{"start":{"line":122,"column":8},"end":{"line":122,"column":7}},"52":{"start":{"line":126,"column":8},"end":{"line":132,"column":9}},"53":{"start":{"line":127,"column":12},"end":{"line":127,"column":11}},"54":{"start":{"line":129,"column":12},"end":{"line":129,"column":11}},"55":{"start":{"line":130,"column":12},"end":{"line":130,"column":11}},"56":{"start":{"line":131,"column":12},"end":{"line":131,"column":11}},"57":{"start":{"line":136,"column":8},"end":{"line":136,"column":7}},"58":{"start":{"line":16,"column":0},"end":{"line":16,"column":-1}},"59":{"start":{"line":17,"column":18},"end":{"line":17,"column":17}},"60":{"start":{"line":21,"column":19},"end":{"line":21,"column":18}}},"fnMap":{"1":{"name":"(anonymous_1)","line":44,"loc":{"start":{"line":44,"column":4},"end":{"line":44,"column":114}}},"2":{"name":"(anonymous_2)","line":23,"loc":{"start":{"line":23,"column":11},"end":{"line":23,"column":52}}},"3":{"name":"(anonymous_3)","line":33,"loc":{"start":{"line":33,"column":11},"end":{"line":33,"column":32}}},"4":{"name":"(anonymous_4)","line":37,"loc":{"start":{"line":37,"column":11},"end":{"line":37,"column":89}}},"5":{"name":"(anonymous_5)","line":60,"loc":{"start":{"line":60,"column":11},"end":{"line":60,"column":47}}},"6":{"name":"(anonymous_6)","line":74,"loc":{"start":{"line":74,"column":11},"end":{"line":74,"column":31}}},"7":{"name":"(anonymous_7)","line":78,"loc":{"start":{"line":78,"column":11},"end":{"line":78,"column":60}}},"8":{"name":"(anonymous_8)","line":82,"loc":{"start":{"line":82,"column":11},"end":{"line":82,"column":78}}},"9":{"name":"(anonymous_9)","line":98,"loc":{"start":{"line":98,"column":11},"end":{"line":98,"column":32}}},"10":{"name":"(anonymous_10)","line":102,"loc":{"start":{"line":102,"column":11},"end":{"line":102,"column":42}}},"11":{"name":"(anonymous_11)","line":109,"loc":{"start":{"line":109,"column":11},"end":{"line":109,"column":31}}},"12":{"name":"(anonymous_12)","line":113,"loc":{"start":{"line":113,"column":14},"end":{"line":113,"column":73}}},"13":{"name":"(anonymous_13)","line":117,"loc":{"start":{"line":117,"column":11},"end":{"line":117,"column":27}}},"14":{"name":"(anonymous_14)","line":121,"loc":{"start":{"line":121,"column":11},"end":{"line":121,"column":16}}},"15":{"name":"(anonymous_15)","line":125,"loc":{"start":{"line":125,"column":4},"end":{"line":125,"column":23}}},"16":{"name":"(anonymous_16)","line":135,"loc":{"start":{"line":135,"column":4},"end":{"line":135,"column":53}}}},"branchMap":{"1":{"line":46,"type":"if","locations":[{"start":{"line":46,"column":8},"end":{"line":46,"column":7}},{"start":{"line":46,"column":8},"end":{"line":46,"column":7}}]},"2":{"line":54,"type":"if","locations":[{"start":{"line":54,"column":8},"end":{"line":54,"column":7}},{"start":{"line":54,"column":8},"end":{"line":54,"column":7}}]},"3":{"line":24,"type":"if","locations":[{"start":{"line":24,"column":8},"end":{"line":24,"column":7}},{"start":{"line":24,"column":8},"end":{"line":24,"column":7}}]},"4":{"line":26,"type":"if","locations":[{"start":{"line":26,"column":12},"end":{"line":26,"column":11}},{"start":{"line":26,"column":12},"end":{"line":26,"column":11}}]},"5":{"line":38,"type":"if","locations":[{"start":{"line":38,"column":8},"end":{"line":38,"column":7}},{"start":{"line":38,"column":8},"end":{"line":38,"column":7}}]},"6":{"line":61,"type":"if","locations":[{"start":{"line":61,"column":8},"end":{"line":61,"column":7}},{"start":{"line":61,"column":8},"end":{"line":61,"column":7}}]},"7":{"line":65,"type":"if","locations":[{"start":{"line":65,"column":8},"end":{"line":65,"column":7}},{"start":{"line":65,"column":8},"end":{"line":65,"column":7}}]},"8":{"line":68,"type":"if","locations":[{"start":{"line":68,"column":12},"end":{"line":68,"column":11}},{"start":{"line":68,"column":12},"end":{"line":68,"column":11}}]},"9":{"line":85,"type":"if","locations":[{"start":{"line":85,"column":8},"end":{"line":85,"column":7}},{"start":{"line":85,"column":8},"end":{"line":85,"column":7}}]},"10":{"line":90,"type":"if","locations":[{"start":{"line":90,"column":8},"end":{"line":90,"column":7}},{"start":{"line":90,"column":8},"end":{"line":90,"column":7}}]},"11":{"line":90,"type":"binary-expr","locations":[{"start":{"line":90,"column":12},"end":{"line":90,"column":11}},{"start":{"line":90,"column":24},"end":{"line":90,"column":12}},{"start":{"line":90,"column":41},"end":{"line":90,"column":8}}]},"12":{"line":92,"type":"if","locations":[{"start":{"line":92,"column":12},"end":{"line":92,"column":11}},{"start":{"line":92,"column":12},"end":{"line":92,"column":11}}]},"13":{"line":104,"type":"if","locations":[{"start":{"line":104,"column":8},"end":{"line":104,"column":7}},{"start":{"line":104,"column":8},"end":{"line":104,"column":7}}]},"14":{"line":126,"type":"if","locations":[{"start":{"line":126,"column":8},"end":{"line":126,"column":7}},{"start":{"line":126,"column":8},"end":{"line":126,"column":7}}]}},"s":{"1":0,"2":0,"3":0,"4":0,"5":0,"6":0,"7":0,"8":0,"9":0,"10":0,"11":0,"12":0,"13":0,"14":0,"15":0,"16":0,"17":0,"18":0,"19":0,"20":0,"21":0,"22":0,"23":0,"24":0,"25":0,"26":0,"27":0,"28":0,"29":0,"30":0,"31":0,"32":0,"33":0,"34":0,"35":0,"36":0,"37":0,"38":0,"39":0,"40":0,"41":0,"42":0,"43":0,"44":0,"45":0,"46":0,"47":0,"48":0,"49":0,"50":0,"51":0,"52":0,"53":0,"54":0,"55":0,"56":0,"57":0,"58":0,"59":0,"60":0},"b":{"1":[0,0],"2":[0,0],"3":[0,0],"4":[0,0],"5":[0,0],"6":[0,0],"7":[0,0],"8":[0,0],"9":[0,0],"10":[0,0],"11":[0,0,0],"12":[0,0],"13":[0,0],"14":[0,0]},"f":{"1":0,"2":0,"3":0,"4":0,"5":0,"6":0,"7":0,"8":0,"9":0,"10":0,"11":0,"12":0,"13":0,"14":0,"15":0,"16":0},"l":{"8":0,"9":0,"10":0,"11":0,"14":0,"16":0,"17":0,"21":0,"24":0,"25":0,"26":0,"27":0,"29":0,"34":0,"38":0,"39":0,"41":0,"44":0,"45":0,"46":0,"47":0,"48":0,"49":0,"50":0,"51":0,"54":0,"55":0,"56":0,"61":0,"62":0,"65":0,"66":0,"67":0,"68":0,"69":0,"75":0,"79":0,"83":0,"84":0,"85":0,"86":0,"90":0,"91":0,"92":0,"93":0,"99":0,"103":0,"104":0,"105":0,"110":0,"114":0,"118":0,"122":0,"126":0,"127":0,"129":0,"130":0,"131":0,"136":0}},
"src\\extension\\windows\\windowsPlatform.ts":{"path":"src\\extension\\windows\\windowsPlatform.ts","statementMap":{"1":{"start":{"line":4,"column":0},"end":{"line":4,"column":-1}},"2":{"start":{"line":5,"column":0},"end":{"line":5,"column":-1}},"3":{"start":{"line":7,"column":0},"end":{"line":7,"column":-1}},"4":{"start":{"line":9,"column":0},"end":{"line":9,"column":-1}},"5":{"start":{"line":10,"column":0},"end":{"line":10,"column":-1}},"6":{"start":{"line":11,"column":0},"end":{"line":11,"column":-1}},"7":{"start":{"line":12,"column":0},"end":{"line":12,"column":-1}},"8":{"start":{"line":32,"column":8},"end":{"line":32,"column":7}},"9":{"start":{"line":31,"column":26},"end":{"line":31,"column":25}},"10":{"start":{"line":36,"column":8},"end":{"line":36,"column":7}},"11":{"start":{"line":43,"column":8},"end":{"line":43,"column":7}},"12":{"start":{"line":44,"column":8},"end":{"line":44,"column":7}},"13":{"start":{"line":46,"column":8},"end":{"line":46,"column":7}},"14":{"start":{"line":47,"column":12},"end":{"line":47,"column":11}},"15":{"start":{"line":49,"column":12},"end":{"line":51,"column":13}},"16":{"start":{"line":50,"column":16},"end":{"line":50,"column":15}},"17":{"start":{"line":53,"column":12},"end":{"line":55,"column":13}},"18":{"start":{"line":54,"column":16},"end":{"line":54,"column":15}},"19":{"start":{"line":57,"column":12},"end":{"line":57,"column":11}},"20":{"start":{"line":58,"column":12},"end":{"line":58,"column":11}},"21":{"start":{"line":58,"column":44},"end":{"line":58,"column":19}},"22":{"start":{"line":58,"column":87},"end":{"line":58,"column":19}},"23":{"start":{"line":64,"column":8},"end":{"line":64,"column":7}},"24":{"start":{"line":68,"column":8},"end":{"line":68,"column":7}},"25":{"start":{"line":70,"column":8},"end":{"line":77,"column":9}},"26":{"start":{"line":71,"column":12},"end":{"line":71,"column":11}},"27":{"start":{"line":73,"column":12},"end":{"line":73,"column":11}},"28":{"start":{"line":74,"column":12},"end":{"line":76,"column":13}},"29":{"start":{"line":75,"column":16},"end":{"line":75,"column":15}},"30":{"start":{"line":79,"column":8},"end":{"line":79,"column":7}},"31":{"start":{"line":17,"column":0},"end":{"line":17,"column":-1}},"32":{"start":{"line":18,"column":21},"end":{"line":18,"column":20}},"33":{"start":{"line":20,"column":19},"end":{"line":20,"column":18}},"34":{"start":{"line":24,"column":19},"end":{"line":24,"column":18}}},"fnMap":{"1":{"name":"(anonymous_1)","line":31,"loc":{"start":{"line":31,"column":4},"end":{"line":31,"column":95}}},"2":{"name":"(anonymous_2)","line":35,"loc":{"start":{"line":35,"column":11},"end":{"line":35,"column":45}}},"3":{"name":"(anonymous_3)","line":63,"loc":{"start":{"line":63,"column":11},"end":{"line":63,"column":29}}},"4":{"name":"(anonymous_4)","line":67,"loc":{"start":{"line":67,"column":11},"end":{"line":67,"column":26}}}},"branchMap":{"1":{"line":49,"type":"if","locations":[{"start":{"line":49,"column":12},"end":{"line":49,"column":11}},{"start":{"line":49,"column":12},"end":{"line":49,"column":11}}]},"2":{"line":53,"type":"if","locations":[{"start":{"line":53,"column":12},"end":{"line":53,"column":11}},{"start":{"line":53,"column":12},"end":{"line":53,"column":11}}]},"3":{"line":53,"type":"binary-expr","locations":[{"start":{"line":53,"column":16},"end":{"line":53,"column":15}},{"start":{"line":53,"column":144},"end":{"line":53,"column":12}}]},"4":{"line":70,"type":"if","locations":[{"start":{"line":70,"column":8},"end":{"line":70,"column":7}},{"start":{"line":70,"column":8},"end":{"line":70,"column":7}}]},"5":{"line":70,"type":"binary-expr","locations":[{"start":{"line":70,"column":12},"end":{"line":70,"column":11}},{"start":{"line":70,"column":45},"end":{"line":70,"column":8}}]},"6":{"line":73,"type":"cond-expr","locations":[{"start":{"line":73,"column":86},"end":{"line":73,"column":25}},{"start":{"line":73,"column":91},"end":{"line":73,"column":12}}]},"7":{"line":74,"type":"if","locations":[{"start":{"line":74,"column":12},"end":{"line":74,"column":11}},{"start":{"line":74,"column":12},"end":{"line":74,"column":11}}]}},"s":{"1":0,"2":0,"3":0,"4":0,"5":0,"6":0,"7":0,"8":0,"9":0,"10":0,"11":0,"12":0,"13":0,"14":0,"15":0,"16":0,"17":0,"18":0,"19":0,"20":0,"21":0,"22":0,"23":0,"24":0,"25":0,"26":0,"27":0,"28":0,"29":0,"30":0,"31":0,"32":0,"33":0,"34":0},"b":{"1":[0,0],"2":[0,0],"3":[0,0],"4":[0,0],"5":[0,0],"6":[0,0],"7":[0,0]},"f":{"1":0,"2":0,"3":0,"4":0},"l":{"4":0,"5":0,"7":0,"9":0,"10":0,"11":0,"12":0,"17":0,"18":0,"20":0,"24":0,"31":0,"32":0,"36":0,"43":0,"44":0,"46":0,"47":0,"49":0,"50":0,"53":0,"54":0,"57":0,"58":0,"64":0,"68":0,"70":0,"71":0,"73":0,"74":0,"75":0,"79":0}},
"src\\extension\\windows\\wpfPlatform.ts":{"path":"src\\extension\\windows\\wpfPlatform.ts","statementMap":{"1":{"start":{"line":4,"column":0},"end":{"line":4,"column":-1}},"2":{"start":{"line":5,"column":0},"end":{"line":5,"column":-1}},"3":{"start":{"line":6,"column":0},"end":{"line":6,"column":-1}},"4":{"start":{"line":8,"column":0},"end":{"line":8,"column":-1}},"5":{"start":{"line":11,"column":0},"end":{"line":11,"column":-1}},"6":{"start":{"line":12,"column":0},"end":{"line":12,"column":-1}},"7":{"start":{"line":13,"column":0},"end":{"line":13,"column":-1}},"8":{"start":{"line":14,"column":0},"end":{"line":14,"column":-1}},"9":{"start":{"line":15,"column":0},"end":{"line":15,"column":-1}},"10":{"start":{"line":23,"column":8},"end":{"line":23,"column":7}},"11":{"start":{"line":22,"column":26},"end":{"line":22,"column":25}},"12":{"start":{"line":27,"column":8},"end":{"line":27,"column":7}},"13":{"start":{"line":34,"column":8},"end":{"line":34,"column":7}},"14":{"start":{"line":35,"column":8},"end":{"line":35,"column":7}},"15":{"start":{"line":37,"column":8},"end":{"line":37,"column":7}},"16":{"start":{"line":38,"column":12},"end":{"line":38,"column":11}},"17":{"start":{"line":40,"column":12},"end":{"line":42,"column":13}},"18":{"start":{"line":41,"column":16},"end":{"line":41,"column":15}},"19":{"start":{"line":44,"column":12},"end":{"line":46,"column":13}},"20":{"start":{"line":45,"column":16},"end":{"line":45,"column":15}},"21":{"start":{"line":48,"column":12},"end":{"line":50,"column":13}},"22":{"start":{"line":49,"column":16},"end":{"line":49,"column":15}},"23":{"start":{"line":52,"column":12},"end":{"line":52,"column":11}},"24":{"start":{"line":53,"column":12},"end":{"line":53,"column":11}},"25":{"start":{"line":54,"column":16},"end":{"line":54,"column":15}},"26":{"start":{"line":56,"column":16},"end":{"line":56,"column":15}},"27":{"start":{"line":58,"column":24},"end":{"line":58,"column":23}},"28":{"start":{"line":59,"column":24},"end":{"line":59,"column":23}},"29":{"start":{"line":60,"column":24},"end":{"line":60,"column":23}},"30":{"start":{"line":61,"column":24},"end":{"line":61,"column":23}},"31":{"start":{"line":62,"column":28},"end":{"line":62,"column":27}},"32":{"start":{"line":63,"column":28},"end":{"line":66,"column":29}},"33":{"start":{"line":64,"column":32},"end":{"line":64,"column":31}},"34":{"start":{"line":65,"column":32},"end":{"line":65,"column":31}},"35":{"start":{"line":69,"column":24},"end":{"line":69,"column":23}},"36":{"start":{"line":70,"column":28},"end":{"line":72,"column":29}},"37":{"start":{"line":71,"column":32},"end":{"line":71,"column":31}},"38":{"start":{"line":75,"column":24},"end":{"line":75,"column":23}},"39":{"start":{"line":76,"column":28},"end":{"line":75,"column":54}},"40":{"start":{"line":20,"column":0},"end":{"line":20,"column":-1}},"41":{"start":{"line":21,"column":19},"end":{"line":21,"column":18}}},"fnMap":{"1":{"name":"(anonymous_1)","line":22,"loc":{"start":{"line":22,"column":4},"end":{"line":22,"column":95}}},"2":{"name":"(anonymous_2)","line":26,"loc":{"start":{"line":26,"column":11},"end":{"line":26,"column":45}}}},"branchMap":{"1":{"line":40,"type":"if","locations":[{"start":{"line":40,"column":12},"end":{"line":40,"column":11}},{"start":{"line":40,"column":12},"end":{"line":40,"column":11}}]},"2":{"line":44,"type":"if","locations":[{"start":{"line":44,"column":12},"end":{"line":44,"column":11}},{"start":{"line":44,"column":12},"end":{"line":44,"column":11}}]},"3":{"line":48,"type":"if","locations":[{"start":{"line":48,"column":12},"end":{"line":48,"column":11}},{"start":{"line":48,"column":12},"end":{"line":48,"column":11}}]},"4":{"line":48,"type":"binary-expr","locations":[{"start":{"line":48,"column":16},"end":{"line":48,"column":15}},{"start":{"line":48,"column":144},"end":{"line":48,"column":12}}]},"5":{"line":63,"type":"if","locations":[{"start":{"line":63,"column":28},"end":{"line":63,"column":27}},{"start":{"line":63,"column":28},"end":{"line":63,"column":27}}]},"6":{"line":63,"type":"binary-expr","locations":[{"start":{"line":63,"column":32},"end":{"line":63,"column":31}},{"start":{"line":63,"column":45},"end":{"line":63,"column":28}}]},"7":{"line":70,"type":"if","locations":[{"start":{"line":70,"column":28},"end":{"line":70,"column":27}},{"start":{"line":70,"column":28},"end":{"line":70,"column":27}}]}},"s":{"1":0,"2":0,"3":0,"4":0,"5":0,"6":0,"7":0,"8":0,"9":0,"10":0,"11":0,"12":0,"13":0,"14":0,"15":0,"16":0,"17":0,"18":0,"19":0,"20":0,"21":0,"22":0,"23":0,"24":0,"25":0,"26":0,"27":0,"28":0,"29":0,"30":0,"31":0,"32":0,"33":0,"34":0,"35":0,"36":0,"37":0,"38":0,"39":0,"40":0,"41":0},"b":{"1":[0,0],"2":[0,0],"3":[0,0],"4":[0,0],"5":[0,0],"6":[0,0],"7":[0,0]},"f":{"1":0,"2":0},"l":{"4":0,"5":0,"6":0,"8":0,"11":0,"12":0,"13":0,"14":0,"15":0,"20":0,"21":0,"22":0,"23":0,"27":0,"34":0,"35":0,"37":0,"38":0,"40":0,"41":0,"44":0,"45":0,"48":0,"49":0,"52":0,"53":0,"54":0,"56":0,"58":0,"59":0,"60":0,"61":0,"62":0,"63":0,"64":0,"65":0,"69":0,"70":0,"71":0,"75":0,"76":0}},
"src\\extension\\experimentService\\experiments\\RNTPreviewPrompt.ts":{"path":"src\\extension\\experimentService\\experiments\\RNTPreviewPrompt.ts","statementMap":{"1":{"start":{"line":4,"column":0},"end":{"line":4,"column":-1}},"2":{"start":{"line":6,"column":0},"end":{"line":6,"column":-1}},"3":{"start":{"line":7,"column":0},"end":{"line":7,"column":-1}},"4":{"start":{"line":12,"column":8},"end":{"line":21,"column":9}},"5":{"start":{"line":17,"column":12},"end":{"line":17,"column":11}},"6":{"start":{"line":23,"column":8},"end":{"line":23,"column":7}},"7":{"start":{"line":25,"column":8},"end":{"line":25,"column":7}},"8":{"start":{"line":32,"column":8},"end":{"line":43,"column":9}},"9":{"start":{"line":33,"column":12},"end":{"line":33,"column":11}},"10":{"start":{"line":35,"column":12},"end":{"line":35,"column":11}},"11":{"start":{"line":45,"column":8},"end":{"line":58,"column":9}},"12":{"start":{"line":46,"column":12},"end":{"line":46,"column":11}},"13":{"start":{"line":47,"column":12},"end":{"line":47,"column":11}},"14":{"start":{"line":49,"column":20},"end":{"line":52,"column":21}},"15":{"start":{"line":50,"column":24},"end":{"line":50,"column":23}},"16":{"start":{"line":51,"column":24},"end":{"line":51,"column":23}},"17":{"start":{"line":55,"column":12},"end":{"line":55,"column":11}},"18":{"start":{"line":57,"column":12},"end":{"line":57,"column":11}},"19":{"start":{"line":60,"column":8},"end":{"line":60,"column":7}},"20":{"start":{"line":9,"column":0},"end":{"line":9,"column":-1}}},"fnMap":{"1":{"name":"(anonymous_8)","line":11,"loc":{"start":{"line":11,"column":17},"end":{"line":11,"column":92}}},"2":{"name":"(anonymous_10)","line":31,"loc":{"start":{"line":31,"column":12},"end":{"line":31,"column":117}}}},"branchMap":{"1":{"line":12,"type":"if","locations":[{"start":{"line":12,"column":8},"end":{"line":12,"column":7}},{"start":{"line":12,"column":8},"end":{"line":12,"column":7}}]},"2":{"line":13,"type":"binary-expr","locations":[{"start":{"line":13,"column":12},"end":{"line":13,"column":11}},{"start":{"line":14,"column":16},"end":{"line":14,"column":15}},{"start":{"line":15,"column":15},"end":{"line":13,"column":12}}]},"3":{"line":32,"type":"if","locations":[{"start":{"line":32,"column":8},"end":{"line":32,"column":7}},{"start":{"line":32,"column":8},"end":{"line":32,"column":7}}]},"4":{"line":45,"type":"if","locations":[{"start":{"line":45,"column":8},"end":{"line":45,"column":7}},{"start":{"line":45,"column":8},"end":{"line":45,"column":7}}]},"5":{"line":49,"type":"if","locations":[{"start":{"line":49,"column":20},"end":{"line":49,"column":19}},{"start":{"line":49,"column":20},"end":{"line":49,"column":19}}]},"6":{"line":49,"type":"binary-expr","locations":[{"start":{"line":49,"column":24},"end":{"line":49,"column":23}},{"start":{"line":49,"column":52},"end":{"line":49,"column":20}}]}},"s":{"1":0,"2":0,"3":0,"4":0,"5":0,"6":0,"7":0,"8":0,"9":0,"10":0,"11":0,"12":0,"13":0,"14":0,"15":0,"16":0,"17":0,"18":0,"19":0,"20":0},"b":{"1":[0,0],"2":[0,0,0],"3":[0,0],"4":[0,0],"5":[0,0],"6":[0,0]},"f":{"1":0,"2":0},"l":{"4":0,"6":0,"7":0,"9":0,"12":0,"17":0,"23":0,"25":0,"32":0,"33":0,"35":0,"45":0,"46":0,"47":0,"49":0,"50":0,"51":0,"55":0,"57":0,"60":0}}}
